{"C:\\Users\\doyen\\OneDrive\\Desktop\\Study3\\SDP\\Pull\\studynest\\backend\\src\\app.controller.ts": {"path":"C:\\Users\\doyen\\OneDrive\\Desktop\\Study3\\SDP\\Pull\\studynest\\backend\\src\\app.controller.ts","statementMap":{"0":{"start":{"line":1,"column":0},"end":{"line":1,"column":49}},"1":{"start":{"line":2,"column":0},"end":{"line":2,"column":43}},"2":{"start":{"line":5,"column":7},"end":{"line":12,"column":null}},"3":{"start":{"line":6,"column":31},"end":{"line":6,"column":43}},"4":{"start":{"line":10,"column":4},"end":{"line":10,"column":38}},"5":{"start":{"line":5,"column":13},"end":{"line":5,"column":26}},"6":{"start":{"line":9,"column":2},"end":{"line":11,"column":null}},"7":{"start":{"line":5,"column":13},"end":{"line":12,"column":null}}},"fnMap":{"0":{"name":"(anonymous_2)","decl":{"start":{"line":6,"column":2},"end":{"line":6,"column":31}},"loc":{"start":{"line":6,"column":53},"end":{"line":6,"column":57}}},"1":{"name":"(anonymous_3)","decl":{"start":{"line":9,"column":2},"end":{"line":9,"column":10}},"loc":{"start":{"line":9,"column":10},"end":{"line":11,"column":3}}}},"branchMap":{"0":{"loc":{"start":{"line":6,"column":43},"end":{"line":6,"column":56}},"type":"cond-expr","locations":[{"start":{"line":6,"column":53},"end":{"line":6,"column":56}},{"start":{"line":6,"column":53},"end":{"line":6,"column":56}}]},"1":{"loc":{"start":{"line":6,"column":43},"end":{"line":6,"column":53}},"type":"binary-expr","locations":[{"start":{"line":6,"column":43},"end":{"line":6,"column":56}},{"start":{"line":6,"column":43},"end":{"line":6,"column":53}}]}},"s":{"0":1,"1":1,"2":1,"3":1,"4":1,"5":1,"6":1,"7":1},"f":{"0":1,"1":1},"b":{"0":[1,0],"1":[1,1]}}
,"C:\\Users\\doyen\\OneDrive\\Desktop\\Study3\\SDP\\Pull\\studynest\\backend\\src\\app.service.ts": {"path":"C:\\Users\\doyen\\OneDrive\\Desktop\\Study3\\SDP\\Pull\\studynest\\backend\\src\\app.service.ts","statementMap":{"0":{"start":{"line":1,"column":0},"end":{"line":1,"column":44}},"1":{"start":{"line":4,"column":7},"end":{"line":8,"column":null}},"2":{"start":{"line":6,"column":4},"end":{"line":6,"column":26}},"3":{"start":{"line":4,"column":13},"end":{"line":4,"column":23}},"4":{"start":{"line":4,"column":13},"end":{"line":8,"column":null}}},"fnMap":{"0":{"name":"(anonymous_1)","decl":{"start":{"line":5,"column":2},"end":{"line":5,"column":10}},"loc":{"start":{"line":5,"column":10},"end":{"line":7,"column":3}}}},"branchMap":{},"s":{"0":1,"1":1,"2":1,"3":1,"4":1},"f":{"0":1},"b":{}}
,"C:\\Users\\doyen\\OneDrive\\Desktop\\Study3\\SDP\\Pull\\studynest\\backend\\src\\chats\\chats.controller.ts": {"path":"C:\\Users\\doyen\\OneDrive\\Desktop\\Study3\\SDP\\Pull\\studynest\\backend\\src\\chats\\chats.controller.ts","statementMap":{"0":{"start":{"line":1,"column":0},"end":{"line":1,"column":121}},"1":{"start":{"line":2,"column":0},"end":{"line":2,"column":47}},"2":{"start":{"line":3,"column":0},"end":{"line":3,"column":54}},"3":{"start":{"line":4,"column":0},"end":{"line":4,"column":59}},"4":{"start":{"line":7,"column":8},"end":{"line":93,"column":null}},"5":{"start":{"line":9,"column":10},"end":{"line":9,"column":24}},"6":{"start":{"line":10,"column":10},"end":{"line":10,"column":24}},"7":{"start":{"line":15,"column":1},"end":{"line":15,"column":51}},"8":{"start":{"line":20,"column":35},"end":{"line":20,"column":39}},"9":{"start":{"line":21,"column":16},"end":{"line":21,"column":74}},"10":{"start":{"line":22,"column":1},"end":{"line":24,"column":2}},"11":{"start":{"line":23,"column":1},"end":{"line":23,"column":43}},"12":{"start":{"line":25,"column":1},"end":{"line":25,"column":15}},"13":{"start":{"line":35,"column":25},"end":{"line":35,"column":74}},"14":{"start":{"line":37,"column":4},"end":{"line":39,"column":5}},"15":{"start":{"line":38,"column":6},"end":{"line":38,"column":47}},"16":{"start":{"line":42,"column":24},"end":{"line":42,"column":65}},"17":{"start":{"line":43,"column":26},"end":{"line":47,"column":null}},"18":{"start":{"line":50,"column":4},"end":{"line":54,"column":6}},"19":{"start":{"line":59,"column":16},"end":{"line":59,"column":65}},"20":{"start":{"line":60,"column":1},"end":{"line":62,"column":2}},"21":{"start":{"line":61,"column":1},"end":{"line":61,"column":44}},"22":{"start":{"line":63,"column":1},"end":{"line":63,"column":15}},"23":{"start":{"line":73,"column":17},"end":{"line":73,"column":77}},"24":{"start":{"line":74,"column":2},"end":{"line":74,"column":65}},"25":{"start":{"line":74,"column":23},"end":{"line":74,"column":65}},"26":{"start":{"line":75,"column":2},"end":{"line":75,"column":16}},"27":{"start":{"line":83,"column":17},"end":{"line":83,"column":73}},"28":{"start":{"line":84,"column":2},"end":{"line":84,"column":67}},"29":{"start":{"line":84,"column":23},"end":{"line":84,"column":67}},"30":{"start":{"line":85,"column":2},"end":{"line":85,"column":16}},"31":{"start":{"line":7,"column":14},"end":{"line":7,"column":29}},"32":{"start":{"line":14,"column":1},"end":{"line":16,"column":null}},"33":{"start":{"line":19,"column":7},"end":{"line":26,"column":null}},"34":{"start":{"line":30,"column":8},"end":{"line":55,"column":null}},"35":{"start":{"line":58,"column":7},"end":{"line":64,"column":null}},"36":{"start":{"line":68,"column":6},"end":{"line":76,"column":null}},"37":{"start":{"line":79,"column":6},"end":{"line":86,"column":null}},"38":{"start":{"line":7,"column":14},"end":{"line":93,"column":null}}},"fnMap":{"0":{"name":"(anonymous_4)","decl":{"start":{"line":8,"column":1},"end":{"line":8,"column":null}},"loc":{"start":{"line":10,"column":36},"end":{"line":11,"column":6}}},"1":{"name":"(anonymous_5)","decl":{"start":{"line":14,"column":1},"end":{"line":14,"column":5}},"loc":{"start":{"line":14,"column":5},"end":{"line":16,"column":2}}},"2":{"name":"(anonymous_6)","decl":{"start":{"line":19,"column":7},"end":{"line":19,"column":18}},"loc":{"start":{"line":19,"column":82},"end":{"line":26,"column":2}}},"3":{"name":"(anonymous_7)","decl":{"start":{"line":30,"column":8},"end":{"line":30,"column":24}},"loc":{"start":{"line":32,"column":71},"end":{"line":55,"column":3}}},"4":{"name":"(anonymous_8)","decl":{"start":{"line":58,"column":7},"end":{"line":58,"column":23}},"loc":{"start":{"line":58,"column":57},"end":{"line":64,"column":2}}},"5":{"name":"(anonymous_9)","decl":{"start":{"line":68,"column":6},"end":{"line":68,"column":17}},"loc":{"start":{"line":71,"column":28},"end":{"line":76,"column":1}}}},"branchMap":{"0":{"loc":{"start":{"line":22,"column":1},"end":{"line":24,"column":2}},"type":"if","locations":[{"start":{"line":22,"column":1},"end":{"line":24,"column":2}},{"start":{},"end":{}}]},"1":{"loc":{"start":{"line":37,"column":4},"end":{"line":39,"column":5}},"type":"if","locations":[{"start":{"line":37,"column":4},"end":{"line":39,"column":5}},{"start":{},"end":{}}]},"2":{"loc":{"start":{"line":42,"column":24},"end":{"line":42,"column":65}},"type":"binary-expr","locations":[{"start":{"line":42,"column":24},"end":{"line":42,"column":36}},{"start":{"line":42,"column":40},"end":{"line":42,"column":65}}]},"3":{"loc":{"start":{"line":60,"column":1},"end":{"line":62,"column":2}},"type":"if","locations":[{"start":{"line":60,"column":1},"end":{"line":62,"column":2}},{"start":{},"end":{}}]},"4":{"loc":{"start":{"line":74,"column":2},"end":{"line":74,"column":65}},"type":"if","locations":[{"start":{"line":74,"column":2},"end":{"line":74,"column":65}},{"start":{},"end":{}}]},"5":{"loc":{"start":{"line":84,"column":2},"end":{"line":84,"column":67}},"type":"if","locations":[{"start":{"line":84,"column":2},"end":{"line":84,"column":67}},{"start":{},"end":{}}]},"6":{"loc":{"start":{"line":31,"column":26},"end":{"line":31,"column":null}},"type":"cond-expr","locations":[{"start":{"line":31,"column":45},"end":{"line":31,"column":null}},{"start":{"line":31,"column":45},"end":{"line":31,"column":null}}]},"7":{"loc":{"start":{"line":31,"column":26},"end":{"line":31,"column":45}},"type":"binary-expr","locations":[{"start":{"line":31,"column":26},"end":{"line":31,"column":34}},{"start":{"line":31,"column":33},"end":{"line":31,"column":41}},{"start":{"line":31,"column":40},"end":{"line":31,"column":45}}]},"8":{"loc":{"start":{"line":9,"column":24},"end":{"line":9,"column":null}},"type":"cond-expr","locations":[{"start":{"line":9,"column":36},"end":{"line":9,"column":null}},{"start":{"line":9,"column":36},"end":{"line":9,"column":null}}]},"9":{"loc":{"start":{"line":9,"column":24},"end":{"line":9,"column":36}},"type":"binary-expr","locations":[{"start":{"line":9,"column":24},"end":{"line":9,"column":null}},{"start":{"line":9,"column":24},"end":{"line":9,"column":36}}]},"10":{"loc":{"start":{"line":9,"column":36},"end":{"line":10,"column":null}},"type":"cond-expr","locations":[{"start":{"line":10,"column":36},"end":{"line":10,"column":null}},{"start":{"line":10,"column":36},"end":{"line":10,"column":null}}]},"11":{"loc":{"start":{"line":9,"column":36},"end":{"line":10,"column":36}},"type":"binary-expr","locations":[{"start":{"line":9,"column":36},"end":{"line":10,"column":null}},{"start":{"line":10,"column":24},"end":{"line":10,"column":36}}]}},"s":{"0":1,"1":1,"2":1,"3":1,"4":1,"5":0,"6":0,"7":0,"8":0,"9":0,"10":0,"11":0,"12":0,"13":0,"14":0,"15":0,"16":0,"17":0,"18":0,"19":0,"20":0,"21":0,"22":0,"23":0,"24":0,"25":0,"26":0,"27":0,"28":0,"29":0,"30":0,"31":1,"32":1,"33":1,"34":1,"35":1,"36":1,"37":1,"38":1},"f":{"0":0,"1":0,"2":0,"3":0,"4":0,"5":0},"b":{"0":[0,0],"1":[0,0],"2":[0,0],"3":[0,0],"4":[0,0],"5":[0,0],"6":[0,1],"7":[1,0,0],"8":[1,0],"9":[1,1],"10":[1,0],"11":[1,1]}}
,"C:\\Users\\doyen\\OneDrive\\Desktop\\Study3\\SDP\\Pull\\studynest\\backend\\src\\chats\\chats.service.ts": {"path":"C:\\Users\\doyen\\OneDrive\\Desktop\\Study3\\SDP\\Pull\\studynest\\backend\\src\\chats\\chats.service.ts","statementMap":{"0":{"start":{"line":1,"column":0},"end":{"line":1,"column":44}},"1":{"start":{"line":2,"column":0},"end":{"line":2,"column":63}},"2":{"start":{"line":5,"column":7},"end":{"line":157,"column":null}},"3":{"start":{"line":6,"column":22},"end":{"line":6,"column":35}},"4":{"start":{"line":9,"column":4},"end":{"line":11,"column":5}},"5":{"start":{"line":10,"column":6},"end":{"line":10,"column":47}},"6":{"start":{"line":13,"column":28},"end":{"line":17,"column":15}},"7":{"start":{"line":19,"column":4},"end":{"line":22,"column":5}},"8":{"start":{"line":20,"column":6},"end":{"line":20,"column":53}},"9":{"start":{"line":21,"column":6},"end":{"line":21,"column":54}},"10":{"start":{"line":24,"column":4},"end":{"line":24,"column":44}},"11":{"start":{"line":29,"column":4},"end":{"line":31,"column":5}},"12":{"start":{"line":30,"column":6},"end":{"line":30,"column":47}},"13":{"start":{"line":33,"column":28},"end":{"line":51,"column":15}},"14":{"start":{"line":53,"column":4},"end":{"line":56,"column":5}},"15":{"start":{"line":54,"column":6},"end":{"line":54,"column":53}},"16":{"start":{"line":55,"column":6},"end":{"line":55,"column":54}},"17":{"start":{"line":58,"column":4},"end":{"line":58,"column":44}},"18":{"start":{"line":62,"column":2},"end":{"line":62,"column":56}},"19":{"start":{"line":62,"column":16},"end":{"line":62,"column":56}},"20":{"start":{"line":64,"column":26},"end":{"line":76,"column":45}},"21":{"start":{"line":78,"column":2},"end":{"line":81,"column":3}},"22":{"start":{"line":79,"column":4},"end":{"line":79,"column":51}},"23":{"start":{"line":80,"column":4},"end":{"line":80,"column":51}},"24":{"start":{"line":91,"column":19},"end":{"line":100,"column":5}},"25":{"start":{"line":91,"column":43},"end":{"line":100,"column":4}},"26":{"start":{"line":102,"column":2},"end":{"line":102,"column":37}},"27":{"start":{"line":107,"column":4},"end":{"line":107,"column":69}},"28":{"start":{"line":107,"column":43},"end":{"line":107,"column":69}},"29":{"start":{"line":109,"column":50},"end":{"line":113,"column":15}},"30":{"start":{"line":115,"column":4},"end":{"line":115,"column":90}},"31":{"start":{"line":115,"column":64},"end":{"line":115,"column":90}},"32":{"start":{"line":117,"column":4},"end":{"line":117,"column":68}},"33":{"start":{"line":117,"column":42},"end":{"line":117,"column":68}},"34":{"start":{"line":119,"column":22},"end":{"line":119,"column":61}},"35":{"start":{"line":120,"column":4},"end":{"line":120,"column":74}},"36":{"start":{"line":120,"column":48},"end":{"line":120,"column":74}},"37":{"start":{"line":122,"column":28},"end":{"line":127,"column":15}},"38":{"start":{"line":129,"column":4},"end":{"line":129,"column":41}},"39":{"start":{"line":129,"column":15},"end":{"line":129,"column":41}},"40":{"start":{"line":131,"column":4},"end":{"line":131,"column":44}},"41":{"start":{"line":135,"column":4},"end":{"line":135,"column":57}},"42":{"start":{"line":135,"column":31},"end":{"line":135,"column":57}},"43":{"start":{"line":137,"column":50},"end":{"line":141,"column":15}},"44":{"start":{"line":143,"column":4},"end":{"line":143,"column":90}},"45":{"start":{"line":143,"column":64},"end":{"line":143,"column":90}},"46":{"start":{"line":145,"column":22},"end":{"line":145,"column":61}},"47":{"start":{"line":146,"column":4},"end":{"line":146,"column":74}},"48":{"start":{"line":146,"column":48},"end":{"line":146,"column":74}},"49":{"start":{"line":148,"column":22},"end":{"line":151,"column":26}},"50":{"start":{"line":153,"column":4},"end":{"line":153,"column":41}},"51":{"start":{"line":153,"column":15},"end":{"line":153,"column":41}},"52":{"start":{"line":155,"column":4},"end":{"line":155,"column":29}},"53":{"start":{"line":5,"column":13},"end":{"line":5,"column":25}},"54":{"start":{"line":5,"column":13},"end":{"line":157,"column":null}}},"fnMap":{"0":{"name":"(anonymous_2)","decl":{"start":{"line":6,"column":2},"end":{"line":6,"column":22}},"loc":{"start":{"line":6,"column":50},"end":{"line":6,"column":54}}},"1":{"name":"(anonymous_3)","decl":{"start":{"line":8,"column":2},"end":{"line":8,"column":7}},"loc":{"start":{"line":8,"column":65},"end":{"line":25,"column":3}}},"2":{"name":"(anonymous_4)","decl":{"start":{"line":28,"column":2},"end":{"line":28,"column":7}},"loc":{"start":{"line":28,"column":85},"end":{"line":59,"column":3}}},"3":{"name":"(anonymous_5)","decl":{"start":{"line":61,"column":1},"end":{"line":61,"column":6}},"loc":{"start":{"line":61,"column":39},"end":{"line":103,"column":1}}},"4":{"name":"(anonymous_6)","decl":{"start":{"line":91,"column":28},"end":{"line":91,"column":29}},"loc":{"start":{"line":91,"column":43},"end":{"line":100,"column":4}}},"5":{"name":"(anonymous_7)","decl":{"start":{"line":106,"column":2},"end":{"line":106,"column":7}},"loc":{"start":{"line":106,"column":70},"end":{"line":132,"column":3}}},"6":{"name":"(anonymous_8)","decl":{"start":{"line":134,"column":2},"end":{"line":134,"column":7}},"loc":{"start":{"line":134,"column":55},"end":{"line":156,"column":3}}}},"branchMap":{"0":{"loc":{"start":{"line":9,"column":4},"end":{"line":11,"column":5}},"type":"if","locations":[{"start":{"line":9,"column":4},"end":{"line":11,"column":5}},{"start":{},"end":{}}]},"1":{"loc":{"start":{"line":9,"column":8},"end":{"line":9,"column":36}},"type":"binary-expr","locations":[{"start":{"line":9,"column":8},"end":{"line":9,"column":13}},{"start":{"line":9,"column":17},"end":{"line":9,"column":25}},{"start":{"line":9,"column":29},"end":{"line":9,"column":36}}]},"2":{"loc":{"start":{"line":19,"column":4},"end":{"line":22,"column":5}},"type":"if","locations":[{"start":{"line":19,"column":4},"end":{"line":22,"column":5}},{"start":{},"end":{}}]},"3":{"loc":{"start":{"line":29,"column":4},"end":{"line":31,"column":5}},"type":"if","locations":[{"start":{"line":29,"column":4},"end":{"line":31,"column":5}},{"start":{},"end":{}}]},"4":{"loc":{"start":{"line":29,"column":8},"end":{"line":29,"column":38}},"type":"binary-expr","locations":[{"start":{"line":29,"column":8},"end":{"line":29,"column":16}},{"start":{"line":29,"column":20},"end":{"line":29,"column":27}},{"start":{"line":29,"column":31},"end":{"line":29,"column":38}}]},"5":{"loc":{"start":{"line":53,"column":4},"end":{"line":56,"column":5}},"type":"if","locations":[{"start":{"line":53,"column":4},"end":{"line":56,"column":5}},{"start":{},"end":{}}]},"6":{"loc":{"start":{"line":62,"column":2},"end":{"line":62,"column":56}},"type":"if","locations":[{"start":{"line":62,"column":2},"end":{"line":62,"column":56}},{"start":{},"end":{}}]},"7":{"loc":{"start":{"line":78,"column":2},"end":{"line":81,"column":3}},"type":"if","locations":[{"start":{"line":78,"column":2},"end":{"line":81,"column":3}},{"start":{},"end":{}}]},"8":{"loc":{"start":{"line":96,"column":17},"end":{"line":96,"column":43}},"type":"binary-expr","locations":[{"start":{"line":96,"column":17},"end":{"line":96,"column":33}},{"start":{"line":96,"column":37},"end":{"line":96,"column":43}}]},"9":{"loc":{"start":{"line":107,"column":4},"end":{"line":107,"column":69}},"type":"if","locations":[{"start":{"line":107,"column":4},"end":{"line":107,"column":69}},{"start":{},"end":{}}]},"10":{"loc":{"start":{"line":107,"column":8},"end":{"line":107,"column":41}},"type":"binary-expr","locations":[{"start":{"line":107,"column":8},"end":{"line":107,"column":18}},{"start":{"line":107,"column":22},"end":{"line":107,"column":29}},{"start":{"line":107,"column":33},"end":{"line":107,"column":41}}]},"11":{"loc":{"start":{"line":115,"column":4},"end":{"line":115,"column":90}},"type":"if","locations":[{"start":{"line":115,"column":4},"end":{"line":115,"column":90}},{"start":{},"end":{}}]},"12":{"loc":{"start":{"line":115,"column":8},"end":{"line":115,"column":62}},"type":"binary-expr","locations":[{"start":{"line":115,"column":8},"end":{"line":115,"column":18}},{"start":{"line":115,"column":22},"end":{"line":115,"column":31}},{"start":{"line":115,"column":35},"end":{"line":115,"column":62}}]},"13":{"loc":{"start":{"line":117,"column":4},"end":{"line":117,"column":68}},"type":"if","locations":[{"start":{"line":117,"column":4},"end":{"line":117,"column":68}},{"start":{},"end":{}}]},"14":{"loc":{"start":{"line":120,"column":4},"end":{"line":120,"column":74}},"type":"if","locations":[{"start":{"line":120,"column":4},"end":{"line":120,"column":74}},{"start":{},"end":{}}]},"15":{"loc":{"start":{"line":129,"column":4},"end":{"line":129,"column":41}},"type":"if","locations":[{"start":{"line":129,"column":4},"end":{"line":129,"column":41}},{"start":{},"end":{}}]},"16":{"loc":{"start":{"line":135,"column":4},"end":{"line":135,"column":57}},"type":"if","locations":[{"start":{"line":135,"column":4},"end":{"line":135,"column":57}},{"start":{},"end":{}}]},"17":{"loc":{"start":{"line":135,"column":8},"end":{"line":135,"column":29}},"type":"binary-expr","locations":[{"start":{"line":135,"column":8},"end":{"line":135,"column":18}},{"start":{"line":135,"column":22},"end":{"line":135,"column":29}}]},"18":{"loc":{"start":{"line":143,"column":4},"end":{"line":143,"column":90}},"type":"if","locations":[{"start":{"line":143,"column":4},"end":{"line":143,"column":90}},{"start":{},"end":{}}]},"19":{"loc":{"start":{"line":143,"column":8},"end":{"line":143,"column":62}},"type":"binary-expr","locations":[{"start":{"line":143,"column":8},"end":{"line":143,"column":18}},{"start":{"line":143,"column":22},"end":{"line":143,"column":31}},{"start":{"line":143,"column":35},"end":{"line":143,"column":62}}]},"20":{"loc":{"start":{"line":146,"column":4},"end":{"line":146,"column":74}},"type":"if","locations":[{"start":{"line":146,"column":4},"end":{"line":146,"column":74}},{"start":{},"end":{}}]},"21":{"loc":{"start":{"line":153,"column":4},"end":{"line":153,"column":41}},"type":"if","locations":[{"start":{"line":153,"column":4},"end":{"line":153,"column":41}},{"start":{},"end":{}}]},"22":{"loc":{"start":{"line":6,"column":35},"end":{"line":6,"column":53}},"type":"cond-expr","locations":[{"start":{"line":6,"column":50},"end":{"line":6,"column":53}},{"start":{"line":6,"column":50},"end":{"line":6,"column":53}}]},"23":{"loc":{"start":{"line":6,"column":35},"end":{"line":6,"column":50}},"type":"binary-expr","locations":[{"start":{"line":6,"column":35},"end":{"line":6,"column":53}},{"start":{"line":6,"column":35},"end":{"line":6,"column":50}}]}},"s":{"0":2,"1":2,"2":2,"3":0,"4":0,"5":0,"6":0,"7":0,"8":0,"9":0,"10":0,"11":0,"12":0,"13":0,"14":0,"15":0,"16":0,"17":0,"18":0,"19":0,"20":0,"21":0,"22":0,"23":0,"24":0,"25":0,"26":0,"27":0,"28":0,"29":0,"30":0,"31":0,"32":0,"33":0,"34":0,"35":0,"36":0,"37":0,"38":0,"39":0,"40":0,"41":0,"42":0,"43":0,"44":0,"45":0,"46":0,"47":0,"48":0,"49":0,"50":0,"51":0,"52":0,"53":2,"54":2},"f":{"0":0,"1":0,"2":0,"3":0,"4":0,"5":0,"6":0},"b":{"0":[0,0],"1":[0,0,0],"2":[0,0],"3":[0,0],"4":[0,0,0],"5":[0,0],"6":[0,0],"7":[0,0],"8":[0,0],"9":[0,0],"10":[0,0,0],"11":[0,0],"12":[0,0,0],"13":[0,0],"14":[0,0],"15":[0,0],"16":[0,0],"17":[0,0],"18":[0,0],"19":[0,0,0],"20":[0,0],"21":[0,0],"22":[2,0],"23":[2,2]}}
,"C:\\Users\\doyen\\OneDrive\\Desktop\\Study3\\SDP\\Pull\\studynest\\backend\\src\\events\\events.controller.ts": {"path":"C:\\Users\\doyen\\OneDrive\\Desktop\\Study3\\SDP\\Pull\\studynest\\backend\\src\\events\\events.controller.ts","statementMap":{"0":{"start":{"line":3,"column":0},"end":{"line":3,"column":49}},"1":{"start":{"line":4,"column":0},"end":{"line":4,"column":49}},"2":{"start":{"line":7,"column":7},"end":{"line":14,"column":null}},"3":{"start":{"line":8,"column":31},"end":{"line":8,"column":46}},"4":{"start":{"line":12,"column":4},"end":{"line":12,"column":50}},"5":{"start":{"line":7,"column":13},"end":{"line":7,"column":29}},"6":{"start":{"line":11,"column":2},"end":{"line":13,"column":null}},"7":{"start":{"line":7,"column":13},"end":{"line":14,"column":null}}},"fnMap":{"0":{"name":"(anonymous_2)","decl":{"start":{"line":8,"column":2},"end":{"line":8,"column":31}},"loc":{"start":{"line":8,"column":59},"end":{"line":8,"column":63}}},"1":{"name":"(anonymous_3)","decl":{"start":{"line":11,"column":2},"end":{"line":11,"column":19}},"loc":{"start":{"line":11,"column":19},"end":{"line":13,"column":3}}}},"branchMap":{"0":{"loc":{"start":{"line":8,"column":46},"end":{"line":8,"column":62}},"type":"cond-expr","locations":[{"start":{"line":8,"column":59},"end":{"line":8,"column":62}},{"start":{"line":8,"column":59},"end":{"line":8,"column":62}}]},"1":{"loc":{"start":{"line":8,"column":46},"end":{"line":8,"column":59}},"type":"binary-expr","locations":[{"start":{"line":8,"column":46},"end":{"line":8,"column":62}},{"start":{"line":8,"column":46},"end":{"line":8,"column":59}}]}},"s":{"0":1,"1":1,"2":1,"3":0,"4":0,"5":1,"6":1,"7":1},"f":{"0":0,"1":0},"b":{"0":[1,0],"1":[1,1]}}
,"C:\\Users\\doyen\\OneDrive\\Desktop\\Study3\\SDP\\Pull\\studynest\\backend\\src\\events\\events.service.ts": {"path":"C:\\Users\\doyen\\OneDrive\\Desktop\\Study3\\SDP\\Pull\\studynest\\backend\\src\\events\\events.service.ts","statementMap":{"0":{"start":{"line":3,"column":0},"end":{"line":3,"column":74}},"1":{"start":{"line":4,"column":0},"end":{"line":4,"column":44}},"2":{"start":{"line":5,"column":0},"end":{"line":5,"column":38}},"3":{"start":{"line":8,"column":7},"end":{"line":26,"column":null}},"4":{"start":{"line":9,"column":31},"end":{"line":9,"column":44}},"5":{"start":{"line":12,"column":27},"end":{"line":12,"column":78}},"6":{"start":{"line":14,"column":4},"end":{"line":24,"column":5}},"7":{"start":{"line":16,"column":23},"end":{"line":17,"column":null}},"8":{"start":{"line":20,"column":6},"end":{"line":20,"column":27}},"9":{"start":{"line":22,"column":6},"end":{"line":22,"column":79}},"10":{"start":{"line":23,"column":6},"end":{"line":23,"column":81}},"11":{"start":{"line":8,"column":13},"end":{"line":8,"column":26}},"12":{"start":{"line":8,"column":13},"end":{"line":26,"column":null}}},"fnMap":{"0":{"name":"(anonymous_2)","decl":{"start":{"line":9,"column":2},"end":{"line":9,"column":31}},"loc":{"start":{"line":9,"column":55},"end":{"line":9,"column":59}}},"1":{"name":"(anonymous_3)","decl":{"start":{"line":11,"column":2},"end":{"line":11,"column":7}},"loc":{"start":{"line":11,"column":25},"end":{"line":25,"column":3}}}},"branchMap":{"0":{"loc":{"start":{"line":9,"column":44},"end":{"line":9,"column":58}},"type":"cond-expr","locations":[{"start":{"line":9,"column":55},"end":{"line":9,"column":58}},{"start":{"line":9,"column":55},"end":{"line":9,"column":58}}]},"1":{"loc":{"start":{"line":9,"column":44},"end":{"line":9,"column":55}},"type":"binary-expr","locations":[{"start":{"line":9,"column":44},"end":{"line":9,"column":58}},{"start":{"line":9,"column":44},"end":{"line":9,"column":55}}]}},"s":{"0":2,"1":2,"2":2,"3":2,"4":0,"5":0,"6":0,"7":0,"8":0,"9":0,"10":0,"11":2,"12":2},"f":{"0":0,"1":0},"b":{"0":[2,0],"1":[2,2]}}
,"C:\\Users\\doyen\\OneDrive\\Desktop\\Study3\\SDP\\Pull\\studynest\\backend\\src\\files\\files.controller.ts": {"path":"C:\\Users\\doyen\\OneDrive\\Desktop\\Study3\\SDP\\Pull\\studynest\\backend\\src\\files\\files.controller.ts","statementMap":{"0":{"start":{"line":4,"column":0},"end":{"line":4,"column":null}},"1":{"start":{"line":14,"column":0},"end":{"line":14,"column":59}},"2":{"start":{"line":15,"column":0},"end":{"line":15,"column":47}},"3":{"start":{"line":19,"column":7},"end":{"line":58,"column":null}},"4":{"start":{"line":20,"column":31},"end":{"line":20,"column":45}},"5":{"start":{"line":28,"column":19},"end":{"line":28,"column":30}},"6":{"start":{"line":29,"column":4},"end":{"line":29,"column":50}},"7":{"start":{"line":38,"column":4},"end":{"line":38,"column":66}},"8":{"start":{"line":47,"column":4},"end":{"line":47,"column":63}},"9":{"start":{"line":55,"column":19},"end":{"line":55,"column":30}},"10":{"start":{"line":56,"column":4},"end":{"line":56,"column":55}},"11":{"start":{"line":19,"column":13},"end":{"line":19,"column":28}},"12":{"start":{"line":24,"column":8},"end":{"line":30,"column":null}},"13":{"start":{"line":34,"column":2},"end":{"line":39,"column":null}},"14":{"start":{"line":43,"column":2},"end":{"line":48,"column":null}},"15":{"start":{"line":51,"column":2},"end":{"line":57,"column":null}},"16":{"start":{"line":19,"column":13},"end":{"line":58,"column":null}}},"fnMap":{"0":{"name":"(anonymous_4)","decl":{"start":{"line":20,"column":2},"end":{"line":20,"column":31}},"loc":{"start":{"line":20,"column":57},"end":{"line":20,"column":61}}},"1":{"name":"(anonymous_5)","decl":{"start":{"line":24,"column":8},"end":{"line":24,"column":18}},"loc":{"start":{"line":26,"column":36},"end":{"line":30,"column":3}}},"2":{"name":"(anonymous_6)","decl":{"start":{"line":34,"column":2},"end":{"line":34,"column":22}},"loc":{"start":{"line":36,"column":35},"end":{"line":39,"column":3}}},"3":{"name":"(anonymous_7)","decl":{"start":{"line":43,"column":2},"end":{"line":43,"column":19}},"loc":{"start":{"line":45,"column":35},"end":{"line":48,"column":3}}},"4":{"name":"(anonymous_8)","decl":{"start":{"line":51,"column":2},"end":{"line":51,"column":15}},"loc":{"start":{"line":53,"column":36},"end":{"line":57,"column":3}}}},"branchMap":{"0":{"loc":{"start":{"line":20,"column":45},"end":{"line":20,"column":60}},"type":"cond-expr","locations":[{"start":{"line":20,"column":57},"end":{"line":20,"column":60}},{"start":{"line":20,"column":57},"end":{"line":20,"column":60}}]},"1":{"loc":{"start":{"line":20,"column":45},"end":{"line":20,"column":57}},"type":"binary-expr","locations":[{"start":{"line":20,"column":45},"end":{"line":20,"column":60}},{"start":{"line":20,"column":45},"end":{"line":20,"column":57}}]}},"s":{"0":1,"1":1,"2":1,"3":1,"4":10,"5":3,"6":3,"7":0,"8":0,"9":3,"10":3,"11":1,"12":1,"13":1,"14":1,"15":1,"16":1},"f":{"0":10,"1":3,"2":0,"3":0,"4":3},"b":{"0":[1,0],"1":[1,1]}}
,"C:\\Users\\doyen\\OneDrive\\Desktop\\Study3\\SDP\\Pull\\studynest\\backend\\src\\files\\files.service.ts": {"path":"C:\\Users\\doyen\\OneDrive\\Desktop\\Study3\\SDP\\Pull\\studynest\\backend\\src\\files\\files.service.ts","statementMap":{"0":{"start":{"line":1,"column":0},"end":{"line":1,"column":null}},"1":{"start":{"line":7,"column":0},"end":{"line":7,"column":63}},"2":{"start":{"line":9,"column":0},"end":{"line":9,"column":59}},"3":{"start":{"line":10,"column":0},"end":{"line":10,"column":39}},"4":{"start":{"line":13,"column":7},"end":{"line":213,"column":null}},"5":{"start":{"line":16,"column":31},"end":{"line":16,"column":48}},"6":{"start":{"line":17,"column":25},"end":{"line":17,"column":51}},"7":{"start":{"line":18,"column":4},"end":{"line":22,"column":5}},"8":{"start":{"line":19,"column":6},"end":{"line":21,"column":8}},"9":{"start":{"line":23,"column":4},"end":{"line":23,"column":54}},"10":{"start":{"line":28,"column":4},"end":{"line":28,"column":70}},"11":{"start":{"line":29,"column":4},"end":{"line":31,"column":5}},"12":{"start":{"line":30,"column":6},"end":{"line":30,"column":67}},"13":{"start":{"line":33,"column":21},"end":{"line":33,"column":53}},"14":{"start":{"line":34,"column":19},"end":{"line":34,"column":32}},"15":{"start":{"line":37,"column":21},"end":{"line":37,"column":74}},"16":{"start":{"line":38,"column":4},"end":{"line":38,"column":52}},"17":{"start":{"line":40,"column":53},"end":{"line":44,"column":8}},"18":{"start":{"line":46,"column":4},"end":{"line":52,"column":5}},"19":{"start":{"line":47,"column":6},"end":{"line":47,"column":63}},"20":{"start":{"line":48,"column":6},"end":{"line":51,"column":8}},"21":{"start":{"line":53,"column":4},"end":{"line":53,"column":76}},"22":{"start":{"line":55,"column":4},"end":{"line":55,"column":67}},"23":{"start":{"line":57,"column":45},"end":{"line":68,"column":15}},"24":{"start":{"line":70,"column":4},"end":{"line":77,"column":5}},"25":{"start":{"line":71,"column":6},"end":{"line":71,"column":60}},"26":{"start":{"line":72,"column":6},"end":{"line":72,"column":61}},"27":{"start":{"line":73,"column":6},"end":{"line":76,"column":8}},"28":{"start":{"line":79,"column":4},"end":{"line":79,"column":64}},"29":{"start":{"line":80,"column":4},"end":{"line":83,"column":6}},"30":{"start":{"line":86,"column":21},"end":{"line":86,"column":53}},"31":{"start":{"line":87,"column":4},"end":{"line":87,"column":91}},"32":{"start":{"line":90,"column":49},"end":{"line":95,"column":15}},"33":{"start":{"line":97,"column":4},"end":{"line":100,"column":5}},"34":{"start":{"line":98,"column":6},"end":{"line":98,"column":67}},"35":{"start":{"line":99,"column":6},"end":{"line":99,"column":70}},"36":{"start":{"line":102,"column":4},"end":{"line":102,"column":90}},"37":{"start":{"line":105,"column":28},"end":{"line":107,"column":48}},"38":{"start":{"line":109,"column":4},"end":{"line":112,"column":5}},"39":{"start":{"line":110,"column":6},"end":{"line":110,"column":57}},"40":{"start":{"line":111,"column":6},"end":{"line":111,"column":77}},"41":{"start":{"line":114,"column":4},"end":{"line":114,"column":16}},"42":{"start":{"line":117,"column":21},"end":{"line":117,"column":53}},"43":{"start":{"line":118,"column":4},"end":{"line":118,"column":88}},"44":{"start":{"line":121,"column":55},"end":{"line":125,"column":15}},"45":{"start":{"line":127,"column":4},"end":{"line":129,"column":5}},"46":{"start":{"line":128,"column":6},"end":{"line":128,"column":83}},"47":{"start":{"line":130,"column":20},"end":{"line":130,"column":40}},"48":{"start":{"line":133,"column":57},"end":{"line":138,"column":15}},"49":{"start":{"line":140,"column":4},"end":{"line":142,"column":5}},"50":{"start":{"line":141,"column":6},"end":{"line":141,"column":88}},"51":{"start":{"line":145,"column":49},"end":{"line":149,"column":15}},"52":{"start":{"line":151,"column":4},"end":{"line":153,"column":5}},"53":{"start":{"line":152,"column":6},"end":{"line":152,"column":75}},"54":{"start":{"line":156,"column":38},"end":{"line":158,"column":48}},"55":{"start":{"line":160,"column":4},"end":{"line":162,"column":5}},"56":{"start":{"line":161,"column":6},"end":{"line":161,"column":77}},"57":{"start":{"line":164,"column":4},"end":{"line":164,"column":16}},"58":{"start":{"line":167,"column":4},"end":{"line":211,"column":5}},"59":{"start":{"line":169,"column":23},"end":{"line":169,"column":55}},"60":{"start":{"line":172,"column":51},"end":{"line":177,"column":17}},"61":{"start":{"line":178,"column":6},"end":{"line":180,"column":7}},"62":{"start":{"line":179,"column":8},"end":{"line":179,"column":72}},"63":{"start":{"line":183,"column":51},"end":{"line":185,"column":37}},"64":{"start":{"line":186,"column":6},"end":{"line":188,"column":7}},"65":{"start":{"line":187,"column":8},"end":{"line":187,"column":75}},"66":{"start":{"line":191,"column":21},"end":{"line":191,"column":58}},"67":{"start":{"line":192,"column":22},"end":{"line":192,"column":44}},"68":{"start":{"line":193,"column":26},"end":{"line":193,"column":38}},"69":{"start":{"line":196,"column":20},"end":{"line":198,"column":8}},"70":{"start":{"line":199,"column":21},"end":{"line":199,"column":102}},"71":{"start":{"line":200,"column":21},"end":{"line":200,"column":56}},"72":{"start":{"line":202,"column":6},"end":{"line":202,"column":49}},"73":{"start":{"line":206,"column":6},"end":{"line":206,"column":65}},"74":{"start":{"line":208,"column":6},"end":{"line":210,"column":8}},"75":{"start":{"line":13,"column":13},"end":{"line":13,"column":25}},"76":{"start":{"line":13,"column":13},"end":{"line":213,"column":null}}},"fnMap":{"0":{"name":"(anonymous_2)","decl":{"start":{"line":16,"column":2},"end":{"line":16,"column":31}},"loc":{"start":{"line":16,"column":63},"end":{"line":24,"column":3}}},"1":{"name":"(anonymous_3)","decl":{"start":{"line":27,"column":2},"end":{"line":27,"column":7}},"loc":{"start":{"line":27,"column":56},"end":{"line":84,"column":3}}},"2":{"name":"(anonymous_4)","decl":{"start":{"line":85,"column":2},"end":{"line":85,"column":7}},"loc":{"start":{"line":85,"column":63},"end":{"line":115,"column":3}}},"3":{"name":"(anonymous_5)","decl":{"start":{"line":116,"column":2},"end":{"line":116,"column":7}},"loc":{"start":{"line":116,"column":60},"end":{"line":165,"column":3}}},"4":{"name":"(anonymous_6)","decl":{"start":{"line":166,"column":2},"end":{"line":166,"column":7}},"loc":{"start":{"line":166,"column":48},"end":{"line":212,"column":3}}}},"branchMap":{"0":{"loc":{"start":{"line":18,"column":4},"end":{"line":22,"column":5}},"type":"if","locations":[{"start":{"line":18,"column":4},"end":{"line":22,"column":5}},{"start":{},"end":{}}]},"1":{"loc":{"start":{"line":29,"column":4},"end":{"line":31,"column":5}},"type":"if","locations":[{"start":{"line":29,"column":4},"end":{"line":31,"column":5}},{"start":{},"end":{}}]},"2":{"loc":{"start":{"line":46,"column":4},"end":{"line":52,"column":5}},"type":"if","locations":[{"start":{"line":46,"column":4},"end":{"line":52,"column":5}},{"start":{},"end":{}}]},"3":{"loc":{"start":{"line":70,"column":4},"end":{"line":77,"column":5}},"type":"if","locations":[{"start":{"line":70,"column":4},"end":{"line":77,"column":5}},{"start":{},"end":{}}]},"4":{"loc":{"start":{"line":97,"column":4},"end":{"line":100,"column":5}},"type":"if","locations":[{"start":{"line":97,"column":4},"end":{"line":100,"column":5}},{"start":{},"end":{}}]},"5":{"loc":{"start":{"line":97,"column":8},"end":{"line":97,"column":30}},"type":"binary-expr","locations":[{"start":{"line":97,"column":8},"end":{"line":97,"column":17}},{"start":{"line":97,"column":21},"end":{"line":97,"column":30}}]},"6":{"loc":{"start":{"line":109,"column":4},"end":{"line":112,"column":5}},"type":"if","locations":[{"start":{"line":109,"column":4},"end":{"line":112,"column":5}},{"start":{},"end":{}}]},"7":{"loc":{"start":{"line":127,"column":4},"end":{"line":129,"column":5}},"type":"if","locations":[{"start":{"line":127,"column":4},"end":{"line":129,"column":5}},{"start":{},"end":{}}]},"8":{"loc":{"start":{"line":127,"column":8},"end":{"line":127,"column":36}},"type":"binary-expr","locations":[{"start":{"line":127,"column":8},"end":{"line":127,"column":20}},{"start":{"line":127,"column":24},"end":{"line":127,"column":36}}]},"9":{"loc":{"start":{"line":140,"column":4},"end":{"line":142,"column":5}},"type":"if","locations":[{"start":{"line":140,"column":4},"end":{"line":142,"column":5}},{"start":{},"end":{}}]},"10":{"loc":{"start":{"line":140,"column":8},"end":{"line":140,"column":38}},"type":"binary-expr","locations":[{"start":{"line":140,"column":8},"end":{"line":140,"column":23}},{"start":{"line":140,"column":27},"end":{"line":140,"column":38}}]},"11":{"loc":{"start":{"line":151,"column":4},"end":{"line":153,"column":5}},"type":"if","locations":[{"start":{"line":151,"column":4},"end":{"line":153,"column":5}},{"start":{},"end":{}}]},"12":{"loc":{"start":{"line":151,"column":8},"end":{"line":151,"column":30}},"type":"binary-expr","locations":[{"start":{"line":151,"column":8},"end":{"line":151,"column":17}},{"start":{"line":151,"column":21},"end":{"line":151,"column":30}}]},"13":{"loc":{"start":{"line":160,"column":4},"end":{"line":162,"column":5}},"type":"if","locations":[{"start":{"line":160,"column":4},"end":{"line":162,"column":5}},{"start":{},"end":{}}]},"14":{"loc":{"start":{"line":178,"column":6},"end":{"line":180,"column":7}},"type":"if","locations":[{"start":{"line":178,"column":6},"end":{"line":180,"column":7}},{"start":{},"end":{}}]},"15":{"loc":{"start":{"line":186,"column":6},"end":{"line":188,"column":7}},"type":"if","locations":[{"start":{"line":186,"column":6},"end":{"line":188,"column":7}},{"start":{},"end":{}}]},"16":{"loc":{"start":{"line":16,"column":48},"end":{"line":16,"column":null}},"type":"cond-expr","locations":[{"start":{"line":16,"column":63},"end":{"line":16,"column":null}},{"start":{"line":16,"column":63},"end":{"line":16,"column":null}}]},"17":{"loc":{"start":{"line":16,"column":48},"end":{"line":16,"column":63}},"type":"binary-expr","locations":[{"start":{"line":16,"column":48},"end":{"line":16,"column":null}},{"start":{"line":16,"column":48},"end":{"line":16,"column":63}}]}},"s":{"0":2,"1":2,"2":2,"3":2,"4":2,"5":0,"6":0,"7":0,"8":0,"9":0,"10":0,"11":0,"12":0,"13":0,"14":0,"15":0,"16":0,"17":0,"18":0,"19":0,"20":0,"21":0,"22":0,"23":0,"24":0,"25":0,"26":0,"27":0,"28":0,"29":0,"30":0,"31":0,"32":0,"33":0,"34":0,"35":0,"36":0,"37":0,"38":0,"39":0,"40":0,"41":0,"42":0,"43":0,"44":0,"45":0,"46":0,"47":0,"48":0,"49":0,"50":0,"51":0,"52":0,"53":0,"54":0,"55":0,"56":0,"57":0,"58":0,"59":0,"60":0,"61":0,"62":0,"63":0,"64":0,"65":0,"66":0,"67":0,"68":0,"69":0,"70":0,"71":0,"72":0,"73":0,"74":0,"75":2,"76":2},"f":{"0":0,"1":0,"2":0,"3":0,"4":0},"b":{"0":[0,0],"1":[0,0],"2":[0,0],"3":[0,0],"4":[0,0],"5":[0,0],"6":[0,0],"7":[0,0],"8":[0,0],"9":[0,0],"10":[0,0],"11":[0,0],"12":[0,0],"13":[0,0],"14":[0,0],"15":[0,0],"16":[2,0],"17":[2,2]}}
,"C:\\Users\\doyen\\OneDrive\\Desktop\\Study3\\SDP\\Pull\\studynest\\backend\\src\\groups\\groups.controller.ts": {"path":"C:\\Users\\doyen\\OneDrive\\Desktop\\Study3\\SDP\\Pull\\studynest\\backend\\src\\groups\\groups.controller.ts","statementMap":{"0":{"start":{"line":1,"column":0},"end":{"line":1,"column":82}},"1":{"start":{"line":2,"column":0},"end":{"line":2,"column":49}},"2":{"start":{"line":3,"column":0},"end":{"line":3,"column":73}},"3":{"start":{"line":4,"column":0},"end":{"line":4,"column":76}},"4":{"start":{"line":6,"column":7},"end":{"line":60,"column":null}},"5":{"start":{"line":7,"column":22},"end":{"line":7,"column":35}},"6":{"start":{"line":11,"column":4},"end":{"line":11,"column":48}},"7":{"start":{"line":16,"column":4},"end":{"line":16,"column":48}},"8":{"start":{"line":21,"column":4},"end":{"line":25,"column":6}},"9":{"start":{"line":29,"column":2},"end":{"line":29,"column":57}},"10":{"start":{"line":34,"column":2},"end":{"line":34,"column":49}},"11":{"start":{"line":45,"column":4},"end":{"line":45,"column":61}},"12":{"start":{"line":50,"column":4},"end":{"line":50,"column":48}},"13":{"start":{"line":58,"column":4},"end":{"line":58,"column":73}},"14":{"start":{"line":6,"column":13},"end":{"line":6,"column":29}},"15":{"start":{"line":10,"column":8},"end":{"line":12,"column":null}},"16":{"start":{"line":15,"column":8},"end":{"line":17,"column":null}},"17":{"start":{"line":20,"column":8},"end":{"line":26,"column":null}},"18":{"start":{"line":28,"column":6},"end":{"line":30,"column":null}},"19":{"start":{"line":33,"column":6},"end":{"line":35,"column":null}},"20":{"start":{"line":40,"column":8},"end":{"line":46,"column":null}},"21":{"start":{"line":49,"column":8},"end":{"line":51,"column":null}},"22":{"start":{"line":54,"column":8},"end":{"line":59,"column":null}},"23":{"start":{"line":6,"column":13},"end":{"line":60,"column":null}}},"fnMap":{"0":{"name":"(anonymous_4)","decl":{"start":{"line":7,"column":2},"end":{"line":7,"column":22}},"loc":{"start":{"line":7,"column":48},"end":{"line":7,"column":52}}},"1":{"name":"(anonymous_5)","decl":{"start":{"line":10,"column":8},"end":{"line":10,"column":20}},"loc":{"start":{"line":10,"column":20},"end":{"line":12,"column":3}}},"2":{"name":"(anonymous_6)","decl":{"start":{"line":15,"column":8},"end":{"line":15,"column":21}},"loc":{"start":{"line":15,"column":53},"end":{"line":17,"column":3}}},"3":{"name":"(anonymous_7)","decl":{"start":{"line":20,"column":8},"end":{"line":20,"column":19}},"loc":{"start":{"line":20,"column":58},"end":{"line":26,"column":3}}},"4":{"name":"(anonymous_8)","decl":{"start":{"line":28,"column":6},"end":{"line":28,"column":18}},"loc":{"start":{"line":28,"column":59},"end":{"line":30,"column":1}}},"5":{"name":"(anonymous_9)","decl":{"start":{"line":33,"column":6},"end":{"line":33,"column":19}},"loc":{"start":{"line":33,"column":53},"end":{"line":35,"column":1}}},"6":{"name":"(anonymous_10)","decl":{"start":{"line":40,"column":8},"end":{"line":40,"column":17}},"loc":{"start":{"line":43,"column":53},"end":{"line":46,"column":3}}},"7":{"name":"(anonymous_11)","decl":{"start":{"line":49,"column":8},"end":{"line":49,"column":19}},"loc":{"start":{"line":49,"column":51},"end":{"line":51,"column":3}}},"8":{"name":"(anonymous_12)","decl":{"start":{"line":54,"column":8},"end":{"line":54,"column":19}},"loc":{"start":{"line":56,"column":55},"end":{"line":59,"column":3}}}},"branchMap":{"0":{"loc":{"start":{"line":43,"column":18},"end":{"line":43,"column":53}},"type":"default-arg","locations":[{"start":{"line":43,"column":45},"end":{"line":43,"column":53}}]},"1":{"loc":{"start":{"line":20,"column":44},"end":{"line":20,"column":null}},"type":"cond-expr","locations":[{"start":{"line":20,"column":58},"end":{"line":20,"column":null}},{"start":{"line":20,"column":58},"end":{"line":20,"column":null}}]},"2":{"loc":{"start":{"line":20,"column":44},"end":{"line":20,"column":58}},"type":"binary-expr","locations":[{"start":{"line":20,"column":44},"end":{"line":20,"column":null}},{"start":{"line":20,"column":44},"end":{"line":20,"column":58}}]},"3":{"loc":{"start":{"line":28,"column":44},"end":{"line":28,"column":null}},"type":"cond-expr","locations":[{"start":{"line":28,"column":59},"end":{"line":28,"column":null}},{"start":{"line":28,"column":59},"end":{"line":28,"column":null}}]},"4":{"loc":{"start":{"line":28,"column":44},"end":{"line":28,"column":59}},"type":"binary-expr","locations":[{"start":{"line":28,"column":44},"end":{"line":28,"column":null}},{"start":{"line":28,"column":44},"end":{"line":28,"column":59}}]},"5":{"loc":{"start":{"line":7,"column":35},"end":{"line":7,"column":51}},"type":"cond-expr","locations":[{"start":{"line":7,"column":48},"end":{"line":7,"column":51}},{"start":{"line":7,"column":48},"end":{"line":7,"column":51}}]},"6":{"loc":{"start":{"line":7,"column":35},"end":{"line":7,"column":48}},"type":"binary-expr","locations":[{"start":{"line":7,"column":35},"end":{"line":7,"column":51}},{"start":{"line":7,"column":35},"end":{"line":7,"column":48}}]}},"s":{"0":1,"1":1,"2":1,"3":1,"4":1,"5":0,"6":0,"7":0,"8":0,"9":0,"10":0,"11":0,"12":0,"13":0,"14":1,"15":1,"16":1,"17":1,"18":1,"19":1,"20":1,"21":1,"22":1,"23":1},"f":{"0":0,"1":0,"2":0,"3":0,"4":0,"5":0,"6":0,"7":0,"8":0},"b":{"0":[0],"1":[1,0],"2":[1,1],"3":[1,0],"4":[1,1],"5":[1,0],"6":[1,1]}}
,"C:\\Users\\doyen\\OneDrive\\Desktop\\Study3\\SDP\\Pull\\studynest\\backend\\src\\groups\\groups.service.ts": {"path":"C:\\Users\\doyen\\OneDrive\\Desktop\\Study3\\SDP\\Pull\\studynest\\backend\\src\\groups\\groups.service.ts","statementMap":{"0":{"start":{"line":1,"column":0},"end":{"line":1,"column":44}},"1":{"start":{"line":2,"column":0},"end":{"line":2,"column":64}},"2":{"start":{"line":3,"column":0},"end":{"line":3,"column":79}},"3":{"start":{"line":6,"column":7},"end":{"line":166,"column":null}},"4":{"start":{"line":8,"column":12},"end":{"line":8,"column":25}},"5":{"start":{"line":9,"column":12},"end":{"line":9,"column":26}},"6":{"start":{"line":13,"column":28},"end":{"line":17,"column":15}},"7":{"start":{"line":19,"column":4},"end":{"line":21,"column":5}},"8":{"start":{"line":20,"column":6},"end":{"line":20,"column":44}},"9":{"start":{"line":23,"column":4},"end":{"line":23,"column":16}},"10":{"start":{"line":27,"column":40},"end":{"line":27,"column":43}},"11":{"start":{"line":29,"column":26},"end":{"line":33,"column":13}},"12":{"start":{"line":35,"column":2},"end":{"line":38,"column":3}},"13":{"start":{"line":36,"column":4},"end":{"line":36,"column":59}},"14":{"start":{"line":37,"column":4},"end":{"line":37,"column":16}},"15":{"start":{"line":40,"column":2},"end":{"line":40,"column":14}},"16":{"start":{"line":45,"column":26},"end":{"line":50,"column":45}},"17":{"start":{"line":52,"column":2},"end":{"line":55,"column":3}},"18":{"start":{"line":53,"column":4},"end":{"line":53,"column":62}},"19":{"start":{"line":54,"column":4},"end":{"line":54,"column":14}},"20":{"start":{"line":57,"column":2},"end":{"line":57,"column":14}},"21":{"start":{"line":62,"column":28},"end":{"line":65,"column":15}},"22":{"start":{"line":66,"column":4},"end":{"line":68,"column":5}},"23":{"start":{"line":67,"column":6},"end":{"line":67,"column":44}},"24":{"start":{"line":70,"column":4},"end":{"line":70,"column":16}},"25":{"start":{"line":78,"column":28},"end":{"line":82,"column":15}},"26":{"start":{"line":84,"column":4},"end":{"line":86,"column":5}},"27":{"start":{"line":85,"column":6},"end":{"line":85,"column":43}},"28":{"start":{"line":89,"column":43},"end":{"line":94,"column":15}},"29":{"start":{"line":96,"column":4},"end":{"line":98,"column":5}},"30":{"start":{"line":97,"column":6},"end":{"line":97,"column":48}},"31":{"start":{"line":100,"column":22},"end":{"line":100,"column":33}},"32":{"start":{"line":103,"column":45},"end":{"line":107,"column":30}},"33":{"start":{"line":109,"column":4},"end":{"line":111,"column":5}},"34":{"start":{"line":110,"column":6},"end":{"line":110,"column":51}},"35":{"start":{"line":112,"column":4},"end":{"line":118,"column":5}},"36":{"start":{"line":113,"column":6},"end":{"line":117,"column":7}},"37":{"start":{"line":114,"column":8},"end":{"line":116,"column":9}},"38":{"start":{"line":115,"column":10},"end":{"line":115,"column":80}},"39":{"start":{"line":120,"column":4},"end":{"line":120,"column":16}},"40":{"start":{"line":124,"column":28},"end":{"line":128,"column":28}},"41":{"start":{"line":130,"column":4},"end":{"line":132,"column":5}},"42":{"start":{"line":131,"column":6},"end":{"line":131,"column":46}},"43":{"start":{"line":134,"column":4},"end":{"line":134,"column":16}},"44":{"start":{"line":138,"column":28},"end":{"line":142,"column":31}},"45":{"start":{"line":144,"column":4},"end":{"line":146,"column":5}},"46":{"start":{"line":145,"column":6},"end":{"line":145,"column":44}},"47":{"start":{"line":148,"column":4},"end":{"line":148,"column":16}},"48":{"start":{"line":152,"column":28},"end":{"line":159,"column":24}},"49":{"start":{"line":161,"column":4},"end":{"line":163,"column":5}},"50":{"start":{"line":162,"column":6},"end":{"line":162,"column":68}},"51":{"start":{"line":164,"column":4},"end":{"line":164,"column":16}},"52":{"start":{"line":6,"column":13},"end":{"line":6,"column":26}},"53":{"start":{"line":6,"column":13},"end":{"line":166,"column":null}}},"fnMap":{"0":{"name":"(anonymous_2)","decl":{"start":{"line":7,"column":2},"end":{"line":7,"column":null}},"loc":{"start":{"line":9,"column":46},"end":{"line":10,"column":6}}},"1":{"name":"(anonymous_3)","decl":{"start":{"line":12,"column":2},"end":{"line":12,"column":7}},"loc":{"start":{"line":12,"column":69},"end":{"line":24,"column":3}}},"2":{"name":"(anonymous_4)","decl":{"start":{"line":26,"column":2},"end":{"line":26,"column":7}},"loc":{"start":{"line":26,"column":42},"end":{"line":41,"column":1}}},"3":{"name":"(anonymous_5)","decl":{"start":{"line":44,"column":0},"end":{"line":44,"column":5}},"loc":{"start":{"line":44,"column":35},"end":{"line":58,"column":1}}},"4":{"name":"(anonymous_6)","decl":{"start":{"line":61,"column":2},"end":{"line":61,"column":7}},"loc":{"start":{"line":61,"column":19},"end":{"line":71,"column":3}}},"5":{"name":"(anonymous_7)","decl":{"start":{"line":73,"column":2},"end":{"line":73,"column":7}},"loc":{"start":{"line":76,"column":39},"end":{"line":121,"column":3}}},"6":{"name":"(anonymous_8)","decl":{"start":{"line":123,"column":2},"end":{"line":123,"column":7}},"loc":{"start":{"line":123,"column":34},"end":{"line":135,"column":3}}},"7":{"name":"(anonymous_9)","decl":{"start":{"line":137,"column":2},"end":{"line":137,"column":7}},"loc":{"start":{"line":137,"column":34},"end":{"line":149,"column":3}}},"8":{"name":"(anonymous_10)","decl":{"start":{"line":151,"column":2},"end":{"line":151,"column":7}},"loc":{"start":{"line":151,"column":70},"end":{"line":165,"column":3}}}},"branchMap":{"0":{"loc":{"start":{"line":19,"column":4},"end":{"line":21,"column":5}},"type":"if","locations":[{"start":{"line":19,"column":4},"end":{"line":21,"column":5}},{"start":{},"end":{}}]},"1":{"loc":{"start":{"line":35,"column":2},"end":{"line":38,"column":3}},"type":"if","locations":[{"start":{"line":35,"column":2},"end":{"line":38,"column":3}},{"start":{},"end":{}}]},"2":{"loc":{"start":{"line":52,"column":2},"end":{"line":55,"column":3}},"type":"if","locations":[{"start":{"line":52,"column":2},"end":{"line":55,"column":3}},{"start":{},"end":{}}]},"3":{"loc":{"start":{"line":66,"column":4},"end":{"line":68,"column":5}},"type":"if","locations":[{"start":{"line":66,"column":4},"end":{"line":68,"column":5}},{"start":{},"end":{}}]},"4":{"loc":{"start":{"line":76,"column":4},"end":{"line":76,"column":39}},"type":"default-arg","locations":[{"start":{"line":76,"column":31},"end":{"line":76,"column":39}}]},"5":{"loc":{"start":{"line":84,"column":4},"end":{"line":86,"column":5}},"type":"if","locations":[{"start":{"line":84,"column":4},"end":{"line":86,"column":5}},{"start":{},"end":{}}]},"6":{"loc":{"start":{"line":96,"column":4},"end":{"line":98,"column":5}},"type":"if","locations":[{"start":{"line":96,"column":4},"end":{"line":98,"column":5}},{"start":{},"end":{}}]},"7":{"loc":{"start":{"line":109,"column":4},"end":{"line":111,"column":5}},"type":"if","locations":[{"start":{"line":109,"column":4},"end":{"line":111,"column":5}},{"start":{},"end":{}}]},"8":{"loc":{"start":{"line":112,"column":4},"end":{"line":118,"column":5}},"type":"if","locations":[{"start":{"line":112,"column":4},"end":{"line":118,"column":5}},{"start":{},"end":{}}]},"9":{"loc":{"start":{"line":114,"column":8},"end":{"line":116,"column":9}},"type":"if","locations":[{"start":{"line":114,"column":8},"end":{"line":116,"column":9}},{"start":{},"end":{}}]},"10":{"loc":{"start":{"line":130,"column":4},"end":{"line":132,"column":5}},"type":"if","locations":[{"start":{"line":130,"column":4},"end":{"line":132,"column":5}},{"start":{},"end":{}}]},"11":{"loc":{"start":{"line":144,"column":4},"end":{"line":146,"column":5}},"type":"if","locations":[{"start":{"line":144,"column":4},"end":{"line":146,"column":5}},{"start":{},"end":{}}]},"12":{"loc":{"start":{"line":161,"column":4},"end":{"line":163,"column":5}},"type":"if","locations":[{"start":{"line":161,"column":4},"end":{"line":163,"column":5}},{"start":{},"end":{}}]},"13":{"loc":{"start":{"line":8,"column":25},"end":{"line":8,"column":null}},"type":"cond-expr","locations":[{"start":{"line":8,"column":40},"end":{"line":8,"column":null}},{"start":{"line":8,"column":40},"end":{"line":8,"column":null}}]},"14":{"loc":{"start":{"line":8,"column":25},"end":{"line":8,"column":40}},"type":"binary-expr","locations":[{"start":{"line":8,"column":25},"end":{"line":8,"column":null}},{"start":{"line":8,"column":25},"end":{"line":8,"column":40}}]},"15":{"loc":{"start":{"line":8,"column":40},"end":{"line":9,"column":null}},"type":"cond-expr","locations":[{"start":{"line":9,"column":46},"end":{"line":9,"column":null}},{"start":{"line":9,"column":46},"end":{"line":9,"column":null}}]},"16":{"loc":{"start":{"line":8,"column":40},"end":{"line":9,"column":46}},"type":"binary-expr","locations":[{"start":{"line":8,"column":40},"end":{"line":9,"column":null}},{"start":{"line":9,"column":26},"end":{"line":9,"column":46}}]}},"s":{"0":2,"1":2,"2":2,"3":2,"4":6,"5":6,"6":1,"7":1,"8":0,"9":1,"10":0,"11":0,"12":0,"13":0,"14":0,"15":0,"16":0,"17":0,"18":0,"19":0,"20":0,"21":1,"22":1,"23":0,"24":1,"25":1,"26":1,"27":0,"28":1,"29":1,"30":0,"31":1,"32":1,"33":1,"34":0,"35":1,"36":1,"37":3,"38":2,"39":1,"40":1,"41":0,"42":0,"43":0,"44":1,"45":1,"46":0,"47":1,"48":1,"49":1,"50":0,"51":1,"52":2,"53":2},"f":{"0":6,"1":1,"2":0,"3":0,"4":1,"5":1,"6":1,"7":1,"8":1},"b":{"0":[0,1],"1":[0,0],"2":[0,0],"3":[0,1],"4":[0],"5":[0,1],"6":[0,1],"7":[0,1],"8":[1,0],"9":[2,1],"10":[0,0],"11":[0,1],"12":[0,1],"13":[2,0],"14":[2,2],"15":[2,0],"16":[2,2]}}
,"C:\\Users\\doyen\\OneDrive\\Desktop\\Study3\\SDP\\Pull\\studynest\\backend\\src\\groups\\dto\\create-group.dto\\create-group.dto.ts": {"path":"C:\\Users\\doyen\\OneDrive\\Desktop\\Study3\\SDP\\Pull\\studynest\\backend\\src\\groups\\dto\\create-group.dto\\create-group.dto.ts","statementMap":{"0":{"start":{"line":1,"column":0},"end":{"line":1,"column":13}}},"fnMap":{},"branchMap":{},"s":{"0":1},"f":{},"b":{}}
,"C:\\Users\\doyen\\OneDrive\\Desktop\\Study3\\SDP\\Pull\\studynest\\backend\\src\\groups\\dto\\create-group.dto\\set-group_goal.dto.ts": {"path":"C:\\Users\\doyen\\OneDrive\\Desktop\\Study3\\SDP\\Pull\\studynest\\backend\\src\\groups\\dto\\create-group.dto\\set-group_goal.dto.ts","statementMap":{"0":{"start":{"line":1,"column":0},"end":{"line":1,"column":13}}},"fnMap":{},"branchMap":{},"s":{"0":1},"f":{},"b":{}}
,"C:\\Users\\doyen\\OneDrive\\Desktop\\Study3\\SDP\\Pull\\studynest\\backend\\src\\mailer\\mailer.service.ts": {"path":"C:\\Users\\doyen\\OneDrive\\Desktop\\Study3\\SDP\\Pull\\studynest\\backend\\src\\mailer\\mailer.service.ts","statementMap":{"0":{"start":{"line":1,"column":0},"end":{"line":1,"column":52}},"1":{"start":{"line":2,"column":0},"end":{"line":2,"column":40}},"2":{"start":{"line":3,"column":0},"end":{"line":3,"column":40}},"3":{"start":{"line":4,"column":0},"end":{"line":4,"column":64}},"4":{"start":{"line":5,"column":0},"end":{"line":5,"column":33}},"5":{"start":{"line":8,"column":26},"end":{"line":165,"column":null}},"6":{"start":{"line":9,"column":28},"end":{"line":9,"column":58}},"7":{"start":{"line":12,"column":22},"end":{"line":12,"column":35}},"8":{"start":{"line":14,"column":4},"end":{"line":17,"column":7}},"9":{"start":{"line":18,"column":4},"end":{"line":18,"column":56}},"10":{"start":{"line":22,"column":20},"end":{"line":22,"column":50}},"11":{"start":{"line":24,"column":17},"end":{"line":31,"column":4}},"12":{"start":{"line":33,"column":17},"end":{"line":41,"column":4}},"13":{"start":{"line":43,"column":4},"end":{"line":43,"column":35}},"14":{"start":{"line":47,"column":36},"end":{"line":47,"column":74}},"15":{"start":{"line":48,"column":4},"end":{"line":48,"column":50}},"16":{"start":{"line":52,"column":4},"end":{"line":82,"column":5}},"17":{"start":{"line":53,"column":21},"end":{"line":72,"column":10}},"18":{"start":{"line":74,"column":6},"end":{"line":74,"column":60}},"19":{"start":{"line":75,"column":6},"end":{"line":75,"column":20}},"20":{"start":{"line":77,"column":6},"end":{"line":77,"column":77}},"21":{"start":{"line":78,"column":6},"end":{"line":80,"column":7}},"22":{"start":{"line":79,"column":8},"end":{"line":79,"column":81}},"23":{"start":{"line":81,"column":6},"end":{"line":81,"column":18}},"24":{"start":{"line":87,"column":21},"end":{"line":87,"column":66}},"25":{"start":{"line":88,"column":26},"end":{"line":90,"column":38}},"26":{"start":{"line":91,"column":27},"end":{"line":93,"column":38}},"27":{"start":{"line":95,"column":4},"end":{"line":95,"column":58}},"28":{"start":{"line":97,"column":38},"end":{"line":101,"column":56}},"29":{"start":{"line":103,"column":4},"end":{"line":106,"column":5}},"30":{"start":{"line":104,"column":6},"end":{"line":104,"column":70}},"31":{"start":{"line":105,"column":6},"end":{"line":105,"column":13}},"32":{"start":{"line":108,"column":4},"end":{"line":111,"column":5}},"33":{"start":{"line":109,"column":6},"end":{"line":109,"column":57}},"34":{"start":{"line":110,"column":6},"end":{"line":110,"column":13}},"35":{"start":{"line":113,"column":4},"end":{"line":113,"column":71}},"36":{"start":{"line":115,"column":4},"end":{"line":163,"column":5}},"37":{"start":{"line":117,"column":49},"end":{"line":121,"column":41}},"38":{"start":{"line":123,"column":6},"end":{"line":126,"column":7}},"39":{"start":{"line":124,"column":8},"end":{"line":124,"column":104}},"40":{"start":{"line":125,"column":8},"end":{"line":125,"column":17}},"41":{"start":{"line":128,"column":6},"end":{"line":128,"column":103}},"42":{"start":{"line":130,"column":6},"end":{"line":162,"column":7}},"43":{"start":{"line":131,"column":34},"end":{"line":136,"column":19}},"44":{"start":{"line":138,"column":8},"end":{"line":161,"column":9}},"45":{"start":{"line":139,"column":24},"end":{"line":139,"column":77}},"46":{"start":{"line":140,"column":32},"end":{"line":140,"column":60}},"47":{"start":{"line":141,"column":32},"end":{"line":141,"column":55}},"48":{"start":{"line":143,"column":10},"end":{"line":160,"column":11}},"49":{"start":{"line":144,"column":12},"end":{"line":157,"column":14}},"50":{"start":{"line":159,"column":12},"end":{"line":159,"column":100}},"51":{"start":{"line":8,"column":13},"end":{"line":8,"column":26}},"52":{"start":{"line":86,"column":8},"end":{"line":164,"column":null}},"53":{"start":{"line":8,"column":13},"end":{"line":165,"column":null}}},"fnMap":{"0":{"name":"(anonymous_11)","decl":{"start":{"line":12,"column":2},"end":{"line":12,"column":22}},"loc":{"start":{"line":12,"column":50},"end":{"line":19,"column":3}}},"1":{"name":"(anonymous_12)","decl":{"start":{"line":21,"column":2},"end":{"line":21,"column":24}},"loc":{"start":{"line":21,"column":42},"end":{"line":44,"column":3}}},"2":{"name":"(anonymous_13)","decl":{"start":{"line":46,"column":2},"end":{"line":46,"column":7}},"loc":{"start":{"line":46,"column":55},"end":{"line":49,"column":3}}},"3":{"name":"(anonymous_14)","decl":{"start":{"line":51,"column":2},"end":{"line":51,"column":7}},"loc":{"start":{"line":51,"column":73},"end":{"line":83,"column":3}}},"4":{"name":"(anonymous_15)","decl":{"start":{"line":86,"column":8},"end":{"line":86,"column":21}},"loc":{"start":{"line":86,"column":21},"end":{"line":164,"column":3}}}},"branchMap":{"0":{"loc":{"start":{"line":69,"column":24},"end":{"line":69,"column":36}},"type":"binary-expr","locations":[{"start":{"line":69,"column":24},"end":{"line":69,"column":28}},{"start":{"line":69,"column":32},"end":{"line":69,"column":36}}]},"1":{"loc":{"start":{"line":78,"column":6},"end":{"line":80,"column":7}},"type":"if","locations":[{"start":{"line":78,"column":6},"end":{"line":80,"column":7}},{"start":{},"end":{}}]},"2":{"loc":{"start":{"line":103,"column":4},"end":{"line":106,"column":5}},"type":"if","locations":[{"start":{"line":103,"column":4},"end":{"line":106,"column":5}},{"start":{},"end":{}}]},"3":{"loc":{"start":{"line":108,"column":4},"end":{"line":111,"column":5}},"type":"if","locations":[{"start":{"line":108,"column":4},"end":{"line":111,"column":5}},{"start":{},"end":{}}]},"4":{"loc":{"start":{"line":108,"column":8},"end":{"line":108,"column":42}},"type":"binary-expr","locations":[{"start":{"line":108,"column":8},"end":{"line":108,"column":17}},{"start":{"line":108,"column":21},"end":{"line":108,"column":42}}]},"5":{"loc":{"start":{"line":123,"column":6},"end":{"line":126,"column":7}},"type":"if","locations":[{"start":{"line":123,"column":6},"end":{"line":126,"column":7}},{"start":{},"end":{}}]},"6":{"loc":{"start":{"line":138,"column":8},"end":{"line":161,"column":9}},"type":"if","locations":[{"start":{"line":138,"column":8},"end":{"line":161,"column":9}},{"start":{},"end":{}}]},"7":{"loc":{"start":{"line":12,"column":35},"end":{"line":12,"column":null}},"type":"cond-expr","locations":[{"start":{"line":12,"column":50},"end":{"line":12,"column":null}},{"start":{"line":12,"column":50},"end":{"line":12,"column":null}}]},"8":{"loc":{"start":{"line":12,"column":35},"end":{"line":12,"column":50}},"type":"binary-expr","locations":[{"start":{"line":12,"column":35},"end":{"line":12,"column":null}},{"start":{"line":12,"column":35},"end":{"line":12,"column":50}}]}},"s":{"0":8,"1":8,"2":8,"3":8,"4":8,"5":8,"6":3,"7":3,"8":3,"9":3,"10":0,"11":0,"12":0,"13":0,"14":0,"15":0,"16":1,"17":1,"18":1,"19":1,"20":0,"21":0,"22":0,"23":0,"24":0,"25":0,"26":0,"27":0,"28":0,"29":0,"30":0,"31":0,"32":0,"33":0,"34":0,"35":0,"36":0,"37":0,"38":0,"39":0,"40":0,"41":0,"42":0,"43":0,"44":0,"45":0,"46":0,"47":0,"48":0,"49":0,"50":0,"51":8,"52":8,"53":8},"f":{"0":3,"1":0,"2":0,"3":1,"4":0},"b":{"0":[1,1],"1":[0,0],"2":[0,0],"3":[0,0],"4":[0,0],"5":[0,0],"6":[0,0],"7":[8,0],"8":[8,8]}}
,"C:\\Users\\doyen\\OneDrive\\Desktop\\Study3\\SDP\\Pull\\studynest\\backend\\src\\notifications\\notifications.controller.ts": {"path":"C:\\Users\\doyen\\OneDrive\\Desktop\\Study3\\SDP\\Pull\\studynest\\backend\\src\\notifications\\notifications.controller.ts","statementMap":{"0":{"start":{"line":1,"column":0},"end":{"line":1,"column":null}},"1":{"start":{"line":10,"column":0},"end":{"line":10,"column":63}},"2":{"start":{"line":13,"column":7},"end":{"line":33,"column":null}},"3":{"start":{"line":14,"column":31},"end":{"line":14,"column":48}},"4":{"start":{"line":18,"column":4},"end":{"line":18,"column":60}},"5":{"start":{"line":22,"column":4},"end":{"line":22,"column":57}},"6":{"start":{"line":26,"column":4},"end":{"line":26,"column":47}},"7":{"start":{"line":31,"column":4},"end":{"line":31,"column":59}},"8":{"start":{"line":13,"column":13},"end":{"line":13,"column":36}},"9":{"start":{"line":17,"column":8},"end":{"line":19,"column":null}},"10":{"start":{"line":21,"column":8},"end":{"line":23,"column":null}},"11":{"start":{"line":25,"column":8},"end":{"line":27,"column":null}},"12":{"start":{"line":30,"column":8},"end":{"line":32,"column":null}},"13":{"start":{"line":13,"column":13},"end":{"line":33,"column":null}}},"fnMap":{"0":{"name":"(anonymous_4)","decl":{"start":{"line":14,"column":2},"end":{"line":14,"column":31}},"loc":{"start":{"line":14,"column":68},"end":{"line":14,"column":72}}},"1":{"name":"(anonymous_5)","decl":{"start":{"line":17,"column":8},"end":{"line":17,"column":14}},"loc":{"start":{"line":17,"column":14},"end":{"line":19,"column":3}}},"2":{"name":"(anonymous_6)","decl":{"start":{"line":21,"column":8},"end":{"line":21,"column":24}},"loc":{"start":{"line":21,"column":56},"end":{"line":23,"column":3}}},"3":{"name":"(anonymous_7)","decl":{"start":{"line":25,"column":8},"end":{"line":25,"column":18}},"loc":{"start":{"line":25,"column":42},"end":{"line":27,"column":3}}},"4":{"name":"(anonymous_8)","decl":{"start":{"line":30,"column":8},"end":{"line":30,"column":26}},"loc":{"start":{"line":30,"column":58},"end":{"line":32,"column":3}}}},"branchMap":{"0":{"loc":{"start":{"line":14,"column":48},"end":{"line":14,"column":71}},"type":"cond-expr","locations":[{"start":{"line":14,"column":68},"end":{"line":14,"column":71}},{"start":{"line":14,"column":68},"end":{"line":14,"column":71}}]},"1":{"loc":{"start":{"line":14,"column":48},"end":{"line":14,"column":68}},"type":"binary-expr","locations":[{"start":{"line":14,"column":48},"end":{"line":14,"column":71}},{"start":{"line":14,"column":48},"end":{"line":14,"column":68}}]}},"s":{"0":1,"1":1,"2":1,"3":5,"4":1,"5":1,"6":1,"7":1,"8":1,"9":1,"10":1,"11":1,"12":1,"13":1},"f":{"0":5,"1":1,"2":1,"3":1,"4":1},"b":{"0":[1,0],"1":[1,1]}}
,"C:\\Users\\doyen\\OneDrive\\Desktop\\Study3\\SDP\\Pull\\studynest\\backend\\src\\notifications\\notifications.service.ts": {"path":"C:\\Users\\doyen\\OneDrive\\Desktop\\Study3\\SDP\\Pull\\studynest\\backend\\src\\notifications\\notifications.service.ts","statementMap":{"0":{"start":{"line":1,"column":0},"end":{"line":1,"column":44}},"1":{"start":{"line":2,"column":0},"end":{"line":2,"column":57}},"2":{"start":{"line":3,"column":0},"end":{"line":3,"column":64}},"3":{"start":{"line":5,"column":7},"end":{"line":111,"column":null}},"4":{"start":{"line":7,"column":20},"end":{"line":7,"column":33}},"5":{"start":{"line":8,"column":21},"end":{"line":8,"column":29}},"6":{"start":{"line":12,"column":28},"end":{"line":16,"column":48}},"7":{"start":{"line":18,"column":4},"end":{"line":20,"column":5}},"8":{"start":{"line":19,"column":6},"end":{"line":19,"column":37}},"9":{"start":{"line":21,"column":4},"end":{"line":21,"column":16}},"10":{"start":{"line":27,"column":28},"end":{"line":32,"column":15}},"11":{"start":{"line":34,"column":4},"end":{"line":36,"column":5}},"12":{"start":{"line":35,"column":6},"end":{"line":35,"column":51}},"13":{"start":{"line":39,"column":41},"end":{"line":44,"column":15}},"14":{"start":{"line":46,"column":4},"end":{"line":59,"column":5}},"15":{"start":{"line":47,"column":6},"end":{"line":47,"column":41}},"16":{"start":{"line":49,"column":6},"end":{"line":49,"column":63}},"17":{"start":{"line":58,"column":6},"end":{"line":58,"column":18}},"18":{"start":{"line":65,"column":28},"end":{"line":70,"column":48}},"19":{"start":{"line":72,"column":4},"end":{"line":74,"column":5}},"20":{"start":{"line":73,"column":6},"end":{"line":73,"column":49}},"21":{"start":{"line":75,"column":4},"end":{"line":75,"column":16}},"22":{"start":{"line":80,"column":28},"end":{"line":85,"column":15}},"23":{"start":{"line":87,"column":4},"end":{"line":89,"column":5}},"24":{"start":{"line":88,"column":6},"end":{"line":88,"column":44}},"25":{"start":{"line":91,"column":4},"end":{"line":91,"column":21}},"26":{"start":{"line":95,"column":4},"end":{"line":98,"column":5}},"27":{"start":{"line":96,"column":6},"end":{"line":96,"column":53}},"28":{"start":{"line":97,"column":6},"end":{"line":97,"column":18}},"29":{"start":{"line":99,"column":28},"end":{"line":103,"column":28}},"30":{"start":{"line":105,"column":4},"end":{"line":107,"column":5}},"31":{"start":{"line":106,"column":6},"end":{"line":106,"column":38}},"32":{"start":{"line":109,"column":4},"end":{"line":109,"column":16}},"33":{"start":{"line":5,"column":13},"end":{"line":5,"column":33}},"34":{"start":{"line":5,"column":13},"end":{"line":111,"column":null}}},"fnMap":{"0":{"name":"(anonymous_2)","decl":{"start":{"line":6,"column":2},"end":{"line":6,"column":null}},"loc":{"start":{"line":8,"column":42},"end":{"line":9,"column":6}}},"1":{"name":"(anonymous_3)","decl":{"start":{"line":11,"column":2},"end":{"line":11,"column":7}},"loc":{"start":{"line":11,"column":27},"end":{"line":22,"column":3}}},"2":{"name":"(anonymous_4)","decl":{"start":{"line":26,"column":2},"end":{"line":26,"column":7}},"loc":{"start":{"line":26,"column":58},"end":{"line":60,"column":3}}},"3":{"name":"(anonymous_5)","decl":{"start":{"line":64,"column":2},"end":{"line":64,"column":7}},"loc":{"start":{"line":64,"column":39},"end":{"line":76,"column":3}}},"4":{"name":"(anonymous_6)","decl":{"start":{"line":79,"column":2},"end":{"line":79,"column":7}},"loc":{"start":{"line":79,"column":41},"end":{"line":92,"column":3}}},"5":{"name":"(anonymous_7)","decl":{"start":{"line":94,"column":2},"end":{"line":94,"column":7}},"loc":{"start":{"line":94,"column":41},"end":{"line":110,"column":3}}}},"branchMap":{"0":{"loc":{"start":{"line":18,"column":4},"end":{"line":20,"column":5}},"type":"if","locations":[{"start":{"line":18,"column":4},"end":{"line":20,"column":5}},{"start":{},"end":{}}]},"1":{"loc":{"start":{"line":34,"column":4},"end":{"line":36,"column":5}},"type":"if","locations":[{"start":{"line":34,"column":4},"end":{"line":36,"column":5}},{"start":{},"end":{}}]},"2":{"loc":{"start":{"line":46,"column":4},"end":{"line":59,"column":5}},"type":"if","locations":[{"start":{"line":46,"column":4},"end":{"line":59,"column":5}},{"start":{"line":48,"column":11},"end":{"line":59,"column":5}}]},"3":{"loc":{"start":{"line":72,"column":4},"end":{"line":74,"column":5}},"type":"if","locations":[{"start":{"line":72,"column":4},"end":{"line":74,"column":5}},{"start":{},"end":{}}]},"4":{"loc":{"start":{"line":87,"column":4},"end":{"line":89,"column":5}},"type":"if","locations":[{"start":{"line":87,"column":4},"end":{"line":89,"column":5}},{"start":{},"end":{}}]},"5":{"loc":{"start":{"line":95,"column":4},"end":{"line":98,"column":5}},"type":"if","locations":[{"start":{"line":95,"column":4},"end":{"line":98,"column":5}},{"start":{},"end":{}}]},"6":{"loc":{"start":{"line":105,"column":4},"end":{"line":107,"column":5}},"type":"if","locations":[{"start":{"line":105,"column":4},"end":{"line":107,"column":5}},{"start":{},"end":{}}]},"7":{"loc":{"start":{"line":7,"column":33},"end":{"line":7,"column":null}},"type":"cond-expr","locations":[{"start":{"line":7,"column":48},"end":{"line":7,"column":null}},{"start":{"line":7,"column":48},"end":{"line":7,"column":null}}]},"8":{"loc":{"start":{"line":7,"column":33},"end":{"line":7,"column":48}},"type":"binary-expr","locations":[{"start":{"line":7,"column":33},"end":{"line":7,"column":null}},{"start":{"line":7,"column":33},"end":{"line":7,"column":48}}]},"9":{"loc":{"start":{"line":7,"column":48},"end":{"line":8,"column":null}},"type":"cond-expr","locations":[{"start":{"line":8,"column":42},"end":{"line":8,"column":null}},{"start":{"line":8,"column":42},"end":{"line":8,"column":null}}]},"10":{"loc":{"start":{"line":7,"column":48},"end":{"line":8,"column":42}},"type":"binary-expr","locations":[{"start":{"line":7,"column":48},"end":{"line":8,"column":null}},{"start":{"line":8,"column":29},"end":{"line":8,"column":42}}]}},"s":{"0":4,"1":4,"2":4,"3":4,"4":5,"5":5,"6":1,"7":1,"8":0,"9":1,"10":1,"11":1,"12":0,"13":1,"14":1,"15":0,"16":1,"17":0,"18":0,"19":0,"20":0,"21":0,"22":1,"23":1,"24":0,"25":1,"26":1,"27":0,"28":0,"29":1,"30":1,"31":0,"32":1,"33":4,"34":4},"f":{"0":5,"1":1,"2":1,"3":0,"4":1,"5":1},"b":{"0":[0,1],"1":[0,1],"2":[0,1],"3":[0,0],"4":[0,1],"5":[0,1],"6":[0,1],"7":[4,0],"8":[4,4],"9":[4,0],"10":[4,4]}}
,"C:\\Users\\doyen\\OneDrive\\Desktop\\Study3\\SDP\\Pull\\studynest\\backend\\src\\progress\\progress.controller.ts": {"path":"C:\\Users\\doyen\\OneDrive\\Desktop\\Study3\\SDP\\Pull\\studynest\\backend\\src\\progress\\progress.controller.ts","statementMap":{"0":{"start":{"line":3,"column":0},"end":{"line":3,"column":null}},"1":{"start":{"line":15,"column":0},"end":{"line":15,"column":53}},"2":{"start":{"line":16,"column":0},"end":{"line":16,"column":56}},"3":{"start":{"line":17,"column":0},"end":{"line":17,"column":63}},"4":{"start":{"line":24,"column":7},"end":{"line":72,"column":null}},"5":{"start":{"line":25,"column":31},"end":{"line":25,"column":48}},"6":{"start":{"line":33,"column":4},"end":{"line":33,"column":60}},"7":{"start":{"line":39,"column":4},"end":{"line":39,"column":61}},"8":{"start":{"line":44,"column":4},"end":{"line":44,"column":49}},"9":{"start":{"line":52,"column":4},"end":{"line":52,"column":62}},"10":{"start":{"line":56,"column":4},"end":{"line":56,"column":62}},"11":{"start":{"line":61,"column":4},"end":{"line":61,"column":43}},"12":{"start":{"line":65,"column":4},"end":{"line":65,"column":55}},"13":{"start":{"line":70,"column":4},"end":{"line":70,"column":61}},"14":{"start":{"line":24,"column":13},"end":{"line":24,"column":31}},"15":{"start":{"line":28,"column":2},"end":{"line":34,"column":null}},"16":{"start":{"line":38,"column":2},"end":{"line":40,"column":null}},"17":{"start":{"line":43,"column":2},"end":{"line":45,"column":null}},"18":{"start":{"line":48,"column":2},"end":{"line":53,"column":null}},"19":{"start":{"line":55,"column":2},"end":{"line":57,"column":null}},"20":{"start":{"line":60,"column":2},"end":{"line":62,"column":null}},"21":{"start":{"line":64,"column":2},"end":{"line":66,"column":null}},"22":{"start":{"line":69,"column":2},"end":{"line":71,"column":null}},"23":{"start":{"line":24,"column":13},"end":{"line":72,"column":null}}},"fnMap":{"0":{"name":"(anonymous_4)","decl":{"start":{"line":25,"column":2},"end":{"line":25,"column":31}},"loc":{"start":{"line":25,"column":63},"end":{"line":25,"column":67}}},"1":{"name":"(anonymous_5)","decl":{"start":{"line":28,"column":2},"end":{"line":28,"column":8}},"loc":{"start":{"line":28,"column":63},"end":{"line":34,"column":3}}},"2":{"name":"(anonymous_6)","decl":{"start":{"line":38,"column":2},"end":{"line":38,"column":9}},"loc":{"start":{"line":38,"column":41},"end":{"line":40,"column":3}}},"3":{"name":"(anonymous_7)","decl":{"start":{"line":43,"column":2},"end":{"line":43,"column":13}},"loc":{"start":{"line":43,"column":44},"end":{"line":45,"column":3}}},"4":{"name":"(anonymous_8)","decl":{"start":{"line":48,"column":2},"end":{"line":48,"column":14}},"loc":{"start":{"line":50,"column":38},"end":{"line":53,"column":3}}},"5":{"name":"(anonymous_9)","decl":{"start":{"line":55,"column":2},"end":{"line":55,"column":8}},"loc":{"start":{"line":55,"column":66},"end":{"line":57,"column":3}}},"6":{"name":"(anonymous_10)","decl":{"start":{"line":60,"column":2},"end":{"line":60,"column":8}},"loc":{"start":{"line":60,"column":32},"end":{"line":62,"column":3}}},"7":{"name":"(anonymous_11)","decl":{"start":{"line":64,"column":2},"end":{"line":64,"column":16}},"loc":{"start":{"line":64,"column":48},"end":{"line":66,"column":3}}},"8":{"name":"(anonymous_12)","decl":{"start":{"line":69,"column":2},"end":{"line":69,"column":13}},"loc":{"start":{"line":69,"column":47},"end":{"line":71,"column":3}}}},"branchMap":{"0":{"loc":{"start":{"line":28,"column":33},"end":{"line":28,"column":50}},"type":"cond-expr","locations":[{"start":{"line":28,"column":47},"end":{"line":28,"column":50}},{"start":{"line":28,"column":47},"end":{"line":28,"column":50}}]},"1":{"loc":{"start":{"line":28,"column":33},"end":{"line":28,"column":47}},"type":"binary-expr","locations":[{"start":{"line":28,"column":33},"end":{"line":28,"column":50}},{"start":{"line":28,"column":33},"end":{"line":28,"column":47}}]},"2":{"loc":{"start":{"line":43,"column":27},"end":{"line":43,"column":null}},"type":"cond-expr","locations":[{"start":{"line":43,"column":44},"end":{"line":43,"column":null}},{"start":{"line":43,"column":44},"end":{"line":43,"column":null}}]},"3":{"loc":{"start":{"line":43,"column":27},"end":{"line":43,"column":44}},"type":"binary-expr","locations":[{"start":{"line":43,"column":27},"end":{"line":43,"column":null}},{"start":{"line":43,"column":27},"end":{"line":43,"column":44}}]},"4":{"loc":{"start":{"line":25,"column":48},"end":{"line":25,"column":66}},"type":"cond-expr","locations":[{"start":{"line":25,"column":63},"end":{"line":25,"column":66}},{"start":{"line":25,"column":63},"end":{"line":25,"column":66}}]},"5":{"loc":{"start":{"line":25,"column":48},"end":{"line":25,"column":63}},"type":"binary-expr","locations":[{"start":{"line":25,"column":48},"end":{"line":25,"column":66}},{"start":{"line":25,"column":48},"end":{"line":25,"column":63}}]}},"s":{"0":1,"1":1,"2":1,"3":1,"4":1,"5":11,"6":2,"7":1,"8":1,"9":2,"10":1,"11":1,"12":1,"13":1,"14":1,"15":1,"16":1,"17":1,"18":1,"19":1,"20":1,"21":1,"22":1,"23":1},"f":{"0":11,"1":2,"2":1,"3":1,"4":2,"5":1,"6":1,"7":1,"8":1},"b":{"0":[1,0],"1":[1,1],"2":[1,0],"3":[1,1],"4":[1,0],"5":[1,1]}}
,"C:\\Users\\doyen\\OneDrive\\Desktop\\Study3\\SDP\\Pull\\studynest\\backend\\src\\progress\\progress.service.ts": {"path":"C:\\Users\\doyen\\OneDrive\\Desktop\\Study3\\SDP\\Pull\\studynest\\backend\\src\\progress\\progress.service.ts","statementMap":{"0":{"start":{"line":3,"column":0},"end":{"line":3,"column":null}},"1":{"start":{"line":8,"column":0},"end":{"line":8,"column":63}},"2":{"start":{"line":13,"column":7},"end":{"line":188,"column":null}},"3":{"start":{"line":14,"column":31},"end":{"line":14,"column":48}},"4":{"start":{"line":18,"column":4},"end":{"line":18,"column":44}},"5":{"start":{"line":25,"column":38},"end":{"line":25,"column":52}},"6":{"start":{"line":27,"column":28},"end":{"line":36,"column":15}},"7":{"start":{"line":38,"column":4},"end":{"line":44,"column":5}},"8":{"start":{"line":39,"column":6},"end":{"line":39,"column":52}},"9":{"start":{"line":40,"column":6},"end":{"line":43,"column":8}},"10":{"start":{"line":45,"column":4},"end":{"line":45,"column":16}},"11":{"start":{"line":49,"column":28},"end":{"line":52,"column":28}},"12":{"start":{"line":54,"column":4},"end":{"line":60,"column":5}},"13":{"start":{"line":55,"column":6},"end":{"line":55,"column":53}},"14":{"start":{"line":56,"column":6},"end":{"line":59,"column":8}},"15":{"start":{"line":61,"column":4},"end":{"line":61,"column":16}},"16":{"start":{"line":65,"column":45},"end":{"line":65,"column":62}},"17":{"start":{"line":67,"column":28},"end":{"line":71,"column":15}},"18":{"start":{"line":73,"column":4},"end":{"line":79,"column":5}},"19":{"start":{"line":74,"column":6},"end":{"line":74,"column":54}},"20":{"start":{"line":75,"column":6},"end":{"line":78,"column":8}},"21":{"start":{"line":80,"column":4},"end":{"line":80,"column":16}},"22":{"start":{"line":86,"column":28},"end":{"line":86,"column":75}},"23":{"start":{"line":88,"column":16},"end":{"line":91,"column":28}},"24":{"start":{"line":93,"column":4},"end":{"line":95,"column":5}},"25":{"start":{"line":94,"column":6},"end":{"line":94,"column":44}},"26":{"start":{"line":97,"column":28},"end":{"line":97,"column":39}},"27":{"start":{"line":99,"column":4},"end":{"line":105,"column":5}},"28":{"start":{"line":100,"column":6},"end":{"line":100,"column":57}},"29":{"start":{"line":101,"column":6},"end":{"line":104,"column":8}},"30":{"start":{"line":107,"column":4},"end":{"line":107,"column":16}},"31":{"start":{"line":110,"column":71},"end":{"line":112,"column":6}},"32":{"start":{"line":115,"column":4},"end":{"line":117,"column":5}},"33":{"start":{"line":116,"column":6},"end":{"line":116,"column":62}},"34":{"start":{"line":119,"column":28},"end":{"line":123,"column":15}},"35":{"start":{"line":125,"column":4},"end":{"line":130,"column":5}},"36":{"start":{"line":126,"column":6},"end":{"line":129,"column":8}},"37":{"start":{"line":131,"column":4},"end":{"line":131,"column":16}},"38":{"start":{"line":136,"column":32},"end":{"line":139,"column":25}},"39":{"start":{"line":141,"column":4},"end":{"line":146,"column":5}},"40":{"start":{"line":142,"column":6},"end":{"line":145,"column":8}},"41":{"start":{"line":149,"column":34},"end":{"line":152,"column":19}},"42":{"start":{"line":154,"column":4},"end":{"line":159,"column":5}},"43":{"start":{"line":155,"column":6},"end":{"line":158,"column":8}},"44":{"start":{"line":161,"column":4},"end":{"line":161,"column":68}},"45":{"start":{"line":164,"column":28},"end":{"line":167,"column":28}},"46":{"start":{"line":169,"column":4},"end":{"line":171,"column":5}},"47":{"start":{"line":170,"column":6},"end":{"line":170,"column":77}},"48":{"start":{"line":173,"column":4},"end":{"line":173,"column":42}},"49":{"start":{"line":173,"column":30},"end":{"line":173,"column":40}},"50":{"start":{"line":177,"column":28},"end":{"line":179,"column":6}},"51":{"start":{"line":181,"column":4},"end":{"line":184,"column":5}},"52":{"start":{"line":182,"column":6},"end":{"line":182,"column":50}},"53":{"start":{"line":183,"column":6},"end":{"line":183,"column":80}},"54":{"start":{"line":185,"column":4},"end":{"line":185,"column":16}},"55":{"start":{"line":13,"column":13},"end":{"line":13,"column":28}},"56":{"start":{"line":13,"column":13},"end":{"line":188,"column":null}}},"fnMap":{"0":{"name":"(anonymous_2)","decl":{"start":{"line":14,"column":2},"end":{"line":14,"column":31}},"loc":{"start":{"line":14,"column":63},"end":{"line":14,"column":67}}},"1":{"name":"(anonymous_3)","decl":{"start":{"line":17,"column":2},"end":{"line":17,"column":14}},"loc":{"start":{"line":17,"column":22},"end":{"line":19,"column":3}}},"2":{"name":"(anonymous_4)","de
[...]
umn":34}},"75":{"start":{"line":5,"column":13},"end":{"line":218,"column":null}}},"fnMap":{"0":{"name":"(anonymous_2)","decl":{"start":{"line":6,"column":2},"end":{"line":6,"column":22}},"loc":{"start":{"line":6,"column":54},"end":{"line":6,"column":58}}},"1":{"name":"(anonymous_3)","decl":{"start":{"line":8,"column":2},"end":{"line":8,"column":7}},"loc":{"start":{"line":8,"column":50},"end":{"line":51,"column":3}}},"2":{"name":"(anonymous_4)","decl":{"start":{"line":19,"column":36},"end":{"line":19,"column":37}},"loc":{"start":{"line":19,"column":43},"end":{"line":19,"column":54}}},"3":{"name":"(anonymous_5)","decl":{"start":{"line":38,"column":44},"end":{"line":38,"column":45}},"loc":{"start":{"line":38,"column":57},"end":{"line":48,"column":5}}},"4":{"name":"(anonymous_6)","decl":{"start":{"line":53,"column":2},"end":{"line":53,"column":7}},"loc":{"start":{"line":55,"column":59},"end":{"line":109,"column":3}}},"5":{"name":"(anonymous_7)","decl":{"start":{"line":104,"column":22},"end":{"line":104,"column":23}},"loc":{"start":{"line":104,"column":31},"end":{"line":104,"column":71}}},"6":{"name":"(anonymous_8)","decl":{"start":{"line":111,"column":2},"end":{"line":111,"column":7}},"loc":{"start":{"line":111,"column":70},"end":{"line":145,"column":3}}},"7":{"name":"(anonymous_9)","decl":{"start":{"line":148,"column":2},"end":{"line":148,"column":7}},"loc":{"start":{"line":148,"column":54},"end":{"line":172,"column":3}}},"8":{"name":"(anonymous_10)","decl":{"start":{"line":174,"column":2},"end":{"line":174,"column":7}},"loc":{"start":{"line":177,"column":56},"end":{"line":190,"column":3}}},"9":{"name":"(anonymous_11)","decl":{"start":{"line":192,"column":2},"end":{"line":192,"column":7}},"loc":{"start":{"line":192,"column":35},"end":{"line":217,"column":3}}},"10":{"name":"(anonymous_12)","decl":{"start":{"line":213,"column":6},"end":{"line":213,"column":7}},"loc":{"start":{"line":213,"column":17},"end":{"line":213,"column":49}}}},"branchMap":{"0":{"loc":{"start":{"line":17,"column":4},"end":{"line":17,"column":41}},"type":"if","locations":[{"start":{"line":17,"column":4},"end":{"line":17,"column":41}},{"start":{},"end":{}}]},"1":{"loc":{"start":{"line":21,"column":4},"end":{"line":23,"column":5}},"type":"if","locations":[{"start":{"line":21,"column":4},"end":{"line":23,"column":5}},{"start":{},"end":{}}]},"2":{"loc":{"start":{"line":32,"column":4},"end":{"line":35,"column":5}},"type":"if","locations":[{"start":{"line":32,"column":4},"end":{"line":35,"column":5}},{"start":{},"end":{}}]},"3":{"loc":{"start":{"line":40,"column":6},"end":{"line":45,"column":7}},"type":"if","locations":[{"start":{"line":40,"column":6},"end":{"line":45,"column":7}},{"start":{},"end":{}}]},"4":{"loc":{"start":{"line":57,"column":4},"end":{"line":59,"column":5}},"type":"if","locations":[{"start":{"line":57,"column":4},"end":{"line":59,"column":5}},{"start":{},"end":{}}]},"5":{"loc":{"start":{"line":57,"column":8},"end":{"line":57,"column":54}},"type":"binary-expr","locations":[{"start":{"line":57,"column":8},"end":{"line":57,"column":18}},{"start":{"line":57,"column":22},"end":{"line":57,"column":30}},{"start":{"line":57,"column":34},"end":{"line":57,"column":54}}]},"6":{"loc":{"start":{"line":74,"column":6},"end":{"line":77,"column":7}},"type":"if","locations":[{"start":{"line":74,"column":6},"end":{"line":77,"column":7}},{"start":{},"end":{}}]},"7":{"loc":{"start":{"line":74,"column":10},"end":{"line":74,"column":54}},"type":"binary-expr","locations":[{"start":{"line":74,"column":10},"end":{"line":74,"column":20}},{"start":{"line":74,"column":24},"end":{"line":74,"column":54}}]},"8":{"loc":{"start":{"line":80,"column":6},"end":{"line":95,"column":7}},"type":"if","locations":[{"start":{"line":80,"column":6},"end":{"line":95,"column":7}},{"start":{"line":82,"column":13},"end":{"line":95,"column":7}}]},"9":{"loc":{"start":{"line":93,"column":8},"end":{"line":93,"column":43}},"type":"if","locations":[{"start":{"line":93,"column":8},"end":{"line":93,"column":43}},{"start":{},"end":{}}]},"10":{"loc":{"start":{"line":107,"column":4},"end":{"line":107,"column":27}},"type":"if","locations":[{"start":{"line":107,"column":4},"end":{"line":107,"column":27}},{"start":{},"end":{}}]},"11":{"loc":{"start":{"line":112,"column":4},"end":{"line":114,"column":5}},"type":"if","locations":[{"start":{"line":112,"column":4},"end":{"line":114,"column":5}},{"start":{},"end":{}}]},"12":{"loc":{"start":{"line":112,"column":8},"end":{"line":112,"column":50}},"type":"binary-expr","locations":[{"start":{"line":112,"column":8},"end":{"line":112,"column":27}},{"start":{"line":112,"column":31},"end":{"line":112,"column":50}}]},"13":{"loc":{"start":{"line":125,"column":4},"end":{"line":127,"column":5}},"type":"if","locations":[{"start":{"line":125,"column":4},"end":{"line":127,"column":5}},{"start":{},"end":{}}]},"14":{"loc":{"start":{"line":125,"column":8},"end":{"line":125,"column":52}},"type":"binary-expr","locations":[{"start":{"line":125,"column":8},"end":{"line":125,"column":18}},{"start":{"line":125,"column":22},"end":{"line":125,"column":52}}]},"15":{"loc":{"start":{"line":129,"column":4},"end":{"line":131,"column":5}},"type":"if","locations":[{"start":{"line":129,"column":4},"end":{"line":131,"column":5}},{"start":{},"end":{}}]},"16":{"loc":{"start":{"line":143,"column":4},"end":{"line":143,"column":39}},"type":"if","locations":[{"start":{"line":143,"column":4},"end":{"line":143,"column":39}},{"start":{},"end":{}}]},"17":{"loc":{"start":{"line":152,"column":4},"end":{"line":154,"column":5}},"type":"if","locations":[{"start":{"line":152,"column":4},"end":{"line":154,"column":5}},{"start":{},"end":{}}]},"18":{"loc":{"start":{"line":170,"column":4},"end":{"line":170,"column":27}},"type":"if","locations":[{"start":{"line":170,"column":4},"end":{"line":170,"column":27}},{"start":{},"end":{}}]},"19":{"loc":{"start":{"line":188,"column":4},"end":{"line":188,"column":27}},"type":"if","locations":[{"start":{"line":188,"column":4},"end":{"line":188,"column":27}},{"start":{},"end":{}}]},"20":{"loc":{"start":{"line":209,"column":4},"end":{"line":209,"column":27}},"type":"if","locations":[{"start":{"line":209,"column":4},"end":{"line":209,"column":27}},{"start":{},"end":{}}]},"21":{"loc":{"start":{"line":6,"column":39},"end":{"line":6,"column":57}},"type":"cond-expr","locations":[{"start":{"line":6,"column":54},"end":{"line":6,"column":57}},{"start":{"line":6,"column":54},"end":{"line":6,"column":57}}]},"22":{"loc":{"start":{"line":6,"column":39},"end":{"line":6,"column":54}},"type":"binary-expr","locations":[{"start":{"line":6,"column":39},"end":{"line":6,"column":57}},{"start":{"line":6,"column":39},"end":{"line":6,"column":54}}]}},"s":{"0":2,"1":2,"2":2,"3":24,"4":5,"5":5,"6":5,"7":1,"8":4,"9":3,"10":4,"11":2,"12":2,"13":2,"14":1,"15":1,"16":1,"17":3,"18":3,"19":2,"20":3,"21":3,"22":1,"23":6,"24":2,"25":4,"26":4,"27":4,"28":4,"29":0,"30":0,"31":0,"32":0,"33":0,"34":0,"35":0,"36":0,"37":0,"38":0,"39":0,"40":0,"41":0,"42":0,"43":6,"44":2,"45":4,"46":4,"47":0,"48":0,"49":0,"50":0,"51":0,"52":0,"53":0,"54":0,"55":3,"56":3,"57":1,"58":2,"59":2,"60":1,"61":1,"62":2,"63":2,"64":0,"65":0,"66":0,"67":2,"68":2,"69":2,"70":1,"71":1,"72":2,"73":1,"74":2,"75":2},"f":{"0":24,"1":5,"2":3,"3":3,"4":6,"5":0,"6":6,"7":3,"8":2,"9":2,"10":2},"b":{"0":[1,4],"1":[2,2],"2":[1,1],"3":[2,1],"4":[2,4],"5":[6,5,5],"6":[0,0],"7":[0,0],"8":[0,0],"9":[0,0],"10":[0,0],"11":[2,4],"12":[6,5],"13":[0,0],"14":[0,0],"15":[0,0],"16":[0,0],"17":[1,2],"18":[1,1],"19":[0,0],"20":[1,1],"21":[2,0],"22":[2,2]}}
,"C:\\Users\\doyen\\OneDrive\\Desktop\\Study3\\SDP\\Pull\\studynest\\backend\\src\\students\\students.controller.ts": {"path":"C:\\Users\\doyen\\OneDrive\\Desktop\\Study3\\SDP\\Pull\\studynest\\backend\\src\\students\\students.controller.ts","statementMap":{"0":{"start":{"line":2,"column":0},"end":{"line":2,"column":102}},"1":{"start":{"line":3,"column":0},"end":{"line":3,"column":53}},"2":{"start":{"line":4,"column":0},"end":{"line":4,"column":59}},"3":{"start":{"line":7,"column":0},"end":{"line":7,"column":39}},"4":{"start":{"line":10,"column":7},"end":{"line":46,"column":null}},"5":{"start":{"line":11,"column":31},"end":{"line":11,"column":48}},"6":{"start":{"line":15,"column":4},"end":{"line":15,"column":55}},"7":{"start":{"line":20,"column":4},"end":{"line":20,"column":60}},"8":{"start":{"line":25,"column":4},"end":{"line":25,"column":63}},"9":{"start":{"line":36,"column":4},"end":{"line":36,"column":51}},"10":{"start":{"line":36,"column":15},"end":{"line":36,"column":51}},"11":{"start":{"line":37,"column":4},"end":{"line":37,"column":70}},"12":{"start":{"line":43,"column":4},"end":{"line":43,"column":68}},"13":{"start":{"line":10,"column":13},"end":{"line":10,"column":31}},"14":{"start":{"line":14,"column":8},"end":{"line":16,"column":null}},"15":{"start":{"line":19,"column":8},"end":{"line":21,"column":null}},"16":{"start":{"line":24,"column":2},"end":{"line":26,"column":null}},"17":{"start":{"line":32,"column":8},"end":{"line":38,"column":null}},"18":{"start":{"line":41,"column":8},"end":{"line":44,"column":null}},"19":{"start":{"line":10,"column":13},"end":{"line":46,"column":null}}},"fnMap":{"0":{"name":"(anonymous_4)","decl":{"start":{"line":11,"column":2},"end":{"line":11,"column":31}},"loc":{"start":{"line":11,"column":63},"end":{"line":11,"column":67}}},"1":{"name":"(anonymous_5)","decl":{"start":{"line":14,"column":8},"end":{"line":14,"column":15}},"loc":{"start":{"line":14,"column":15},"end":{"line":16,"column":3}}},"2":{"name":"(anonymous_6)","decl":{"start":{"line":19,"column":8},"end":{"line":19,"column":15}},"loc":{"start":{"line":19,"column":41},"end":{"line":21,"column":3}}},"3":{"name":"(anonymous_7)","decl":{"start":{"line":24,"column":2},"end":{"line":24,"column":16}},"loc":{"start":{"line":24,"column":66},"end":{"line":26,"column":3}}},"4":{"name":"(anonymous_8)","decl":{"start":{"line":32,"column":8},"end":{"line":32,"column":19}},"loc":{"start":{"line":34,"column":46},"end":{"line":38,"column":3}}},"5":{"name":"(anonymous_9)","decl":{"start":{"line":41,"column":8},"end":{"line":41,"column":22}},"loc":{"start":{"line":41,"column":85},"end":{"line":44,"column":3}}}},"branchMap":{"0":{"loc":{"start":{"line":36,"column":4},"end":{"line":36,"column":51}},"type":"if","locations":[{"start":{"line":36,"column":4},"end":{"line":36,"column":51}},{"start":{},"end":{}}]},"1":{"loc":{"start":{"line":11,"column":48},"end":{"line":11,"column":66}},"type":"cond-expr","locations":[{"start":{"line":11,"column":63},"end":{"line":11,"column":66}},{"start":{"line":11,"column":63},"end":{"line":11,"column":66}}]},"2":{"loc":{"start":{"line":11,"column":48},"end":{"line":11,"column":63}},"type":"binary-expr","locations":[{"start":{"line":11,"column":48},"end":{"line":11,"column":66}},{"start":{"line":11,"column":48},"end":{"line":11,"column":63}}]}},"s":{"0":1,"1":1,"2":1,"3":1,"4":1,"5":7,"6":1,"7":1,"8":1,"9":2,"10":1,"11":1,"12":1,"13":1,"14":1,"15":1,"16":1,"17":1,"18":1,"19":1},"f":{"0":7,"1":1,"2":1,"3":1,"4":2,"5":1},"b":{"0":[1,1],"1":[1,0],"2":[1,1]}}
,"C:\\Users\\doyen\\OneDrive\\Desktop\\Study3\\SDP\\Pull\\studynest\\backend\\src\\students\\students.service.ts": {"path":"C:\\Users\\doyen\\OneDrive\\Desktop\\Study3\\SDP\\Pull\\studynest\\backend\\src\\students\\students.service.ts","statementMap":{"0":{"start":{"line":2,"column":0},"end":{"line":2,"column":44}},"1":{"start":{"line":3,"column":0},"end":{"line":3,"column":63}},"2":{"start":{"line":7,"column":7},"end":{"line":111,"column":null}},"3":{"start":{"line":8,"column":31},"end":{"line":8,"column":48}},"4":{"start":{"line":11,"column":28},"end":{"line":14,"column":18}},"5":{"start":{"line":16,"column":4},"end":{"line":18,"column":5}},"6":{"start":{"line":17,"column":6},"end":{"line":17,"column":37}},"7":{"start":{"line":20,"column":4},"end":{"line":20,"column":16}},"8":{"start":{"line":24,"column":4},"end":{"line":33,"column":22}},"9":{"start":{"line":25,"column":30},"end":{"line":30,"column":17}},"10":{"start":{"line":32,"column":6},"end":{"line":32,"column":18}},"11":{"start":{"line":38,"column":31},"end":{"line":43,"column":17}},"12":{"start":{"line":45,"column":8},"end":{"line":48,"column":9}},"13":{"start":{"line":47,"column":12},"end":{"line":47,"column":54}},"14":{"start":{"line":50,"column":8},"end":{"line":50,"column":20}},"15":{"start":{"line":55,"column":28},"end":{"line":61,"column":15}},"16":{"start":{"line":63,"column":4},"end":{"line":65,"column":5}},"17":{"start":{"line":64,"column":6},"end":{"line":64,"column":37}},"18":{"start":{"line":67,"column":4},"end":{"line":67,"column":16}},"19":{"start":{"line":71,"column":21},"end":{"line":77,"column":15}},"20":{"start":{"line":79,"column":4},"end":{"line":79,"column":16}},"21":{"start":{"line":83,"column":4},"end":{"line":83,"column":62}},"22":{"start":{"line":83,"column":22},"end":{"line":83,"column":62}},"23":{"start":{"line":84,"column":21},"end":{"line":84,"column":73}},"24":{"start":{"line":85,"column":28},"end":{"line":88,"column":54}},"25":{"start":{"line":89,"column":4},"end":{"line":89,"column":66}},"26":{"start":{"line":89,"column":15},"end":{"line":89,"column":66}},"27":{"start":{"line":91,"column":32},"end":{"line":94,"column":29}},"28":{"start":{"line":95,"column":4},"end":{"line":95,"column":75}},"29":{"start":{"line":95,"column":31},"end":{"line":95,"column":75}},"30":{"start":{"line":96,"column":4},"end":{"line":96,"column":31}},"31":{"start":{"line":104,"column":27},"end":{"line":104,"column":43}},"32":{"start":{"line":105,"column":4},"end":{"line":108,"column":5}},"33":{"start":{"line":106,"column":23},"end":{"line":106,"column":63}},"34":{"start":{"line":107,"column":6},"end":{"line":107,"column":40}},"35":{"start":{"line":109,"column":4},"end":{"line":109,"column":47}},"36":{"start":{"line":7,"column":13},"end":{"line":7,"column":28}},"37":{"start":{"line":7,"column":13},"end":{"line":111,"column":null}}},"fnMap":{"0":{"name":"(anonymous_2)","decl":{"start":{"line":8,"column":2},"end":{"line":8,"column":31}},"loc":{"start":{"line":8,"column":63},"end":{"line":8,"column":67}}},"1":{"name":"(anonymous_3)","decl":{"start":{"line":10,"column":2},"end":{"line":10,"column":7}},"loc":{"start":{"line":10,"column":22},"end":{"line":21,"column":3}}},"2":{"name":"(anonymous_4)","decl":{"start":{"line":23,"column":2},"end":{"line":23,"column":7}},"loc":{"start":{"line":23,"column":36},"end":{"line":34,"column":3}}},"3":{"name":"(anonymous_5)","decl":{"start":{"line":36,"column":4},"end":{"line":36,"column":9}},"loc":{"start":{"line":36,"column":51},"end":{"line":51,"column":5}}},"4":{"name":"(anonymous_6)","decl":{"start":{"line":53,"column":2},"end":{"line":53,"column":7}},"loc":{"start":{"line":53,"column":49},"end":{"line":68,"column":3}}},"5":{"name":"(anonymous_7)","decl":{"start":{"line":70,"column":2},"end":{"line":70,"column":7}},"loc":{"start":{"line":70,"column":67},"end":{"line":80,"column":3}}},"6":{"name":"(anonymous_8)","decl":{"start":{"line":82,"column":2},"end":{"line":82,"column":7}},"loc":{"start":{"line":82,"column":65},"end":{"line":97,"column":3}}},"7":{"name":"(anonymous_9)","decl":{"start":{"line":99,"column":2},"end":{"line":99,"column":7}},"loc":{"start":{"line":102,"column":30},"end":{"line":110,"column":3}}}},"branchMap":{"0":{"loc":{"start":{"line":16,"column":4},"end":{"line":18,"column":5}},"type":"if","locations":[{"start":{"line":16,"column":4},"end":{"line":18,"column":5}},{"start":{},"end":{}}]},"1":{"loc":{"start":{"line":45,"column":8},"end":{"line":48,"column":9}},"type":"if","locations":[{"start":{"line":45,"column":8},"end":{"line":48,"column":9}},{"start":{},"end":{}}]},"2":{"loc":{"start":{"line":63,"column":4},"end":{"line":65,"column":5}},"type":"if","locations":[{"start":{"line":63,"column":4},"end":{"line":65,"column":5}},{"start":{},"end":{}}]},"3":{"loc":{"start":{"line":83,"column":4},"end":{"line":83,"column":62}},"type":"if","locations":[{"start":{"line":83,"column":4},"end":{"line":83,"column":62}},{"start":{},"end":{}}]},"4":{"loc":{"start":{"line":89,"column":4},"end":{"line":89,"column":66}},"type":"if","locations":[{"start":{"line":89,"column":4},"end":{"line":89,"column":66}},{"start":{},"end":{}}]},"5":{"loc":{"start":{"line":95,"column":4},"end":{"line":95,"column":75}},"type":"if","locations":[{"start":{"line":95,"column":4},"end":{"line":95,"column":75}},{"start":{},"end":{}}]},"6":{"loc":{"start":{"line":105,"column":4},"end":{"line":108,"column":5}},"type":"if","locations":[{"start":{"line":105,"column":4},"end":{"line":108,"column":5}},{"start":{},"end":{}}]},"7":{"loc":{"start":{"line":8,"column":48},"end":{"line":8,"column":66}},"type":"cond-expr","locations":[{"start":{"line":8,"column":63},"end":{"line":8,"column":66}},{"start":{"line":8,"column":63},"end":{"line":8,"column":66}}]},"8":{"loc":{"start":{"line":8,"column":48},"end":{"line":8,"column":63}},"type":"binary-expr","locations":[{"start":{"line":8,"column":48},"end":{"line":8,"column":66}},{"start":{"line":8,"column":48},"end":{"line":8,"column":63}}]}},"s":{"0":2,"1":2,"2":2,"3":6,"4":1,"5":1,"6":0,"7":1,"8":1,"9":1,"10":1,"11":1,"12":1,"13":0,"14":1,"15":2,"16":2,"17":0,"18":2,"19":0,"20":0,"21":1,"22":0,"23":1,"24":1,"25":1,"26":0,"27":1,"28":1,"29":0,"30":1,"31":1,"32":1,"33":1,"34":1,"35":1,"36":2,"37":2},"f":{"0":6,"1":1,"2":1,"3":1,"4":2,"5":0,"6":1,"7":1},"b":{"0":[0,1],"1":[0,1],"2":[0,2],"3":[0,1],"4":[0,1],"5":[0,1],"6":[1,0],"7":[2,0],"8":[2,2]}}
,"C:\\Users\\doyen\\OneDrive\\Desktop\\Study3\\SDP\\Pull\\studynest\\backend\\src\\supabase\\supabase.service.ts": {"path":"C:\\Users\\doyen\\OneDrive\\Desktop\\Study3\\SDP\\Pull\\studynest\\backend\\src\\supabase\\supabase.service.ts","statementMap":{"0":{"start":{"line":1,"column":0},"end":{"line":1,"column":44}},"1":{"start":{"line":2,"column":0},"end":{"line":2,"column":47}},"2":{"start":{"line":3,"column":0},"end":{"line":3,"column":69}},"3":{"start":{"line":6,"column":7},"end":{"line":23,"column":null}},"4":{"start":{"line":9,"column":22},"end":{"line":9,"column":37}},"5":{"start":{"line":10,"column":24},"end":{"line":10,"column":70}},"6":{"start":{"line":11,"column":24},"end":{"line":11,"column":70}},"7":{"start":{"line":13,"column":4},"end":{"line":15,"column":5}},"8":{"start":{"line":14,"column":6},"end":{"line":14,"column":79}},"9":{"start":{"line":17,"column":4},"end":{"line":17,"column":59}},"10":{"start":{"line":21,"column":4},"end":{"line":21,"column":25}},"11":{"start":{"line":6,"column":13},"end":{"line":6,"column":28}},"12":{"start":{"line":6,"column":13},"end":{"line":23,"column":null}}},"fnMap":{"0":{"name":"(anonymous_2)","decl":{"start":{"line":9,"column":2},"end":{"line":9,"column":22}},"loc":{"start":{"line":9,"column":50},"end":{"line":18,"column":3}}},"1":{"name":"(anonymous_3)","decl":{"start":{"line":20,"column":2},"end":{"line":20,"column":11}},"loc":{"start":{"line":20,"column":11},"end":{"line":22,"column":3}}}},"branchMap":{"0":{"loc":{"start":{"line":13,"column":4},"end":{"line":15,"column":5}},"type":"if","locations":[{"start":{"line":13,"column":4},"end":{"line":15,"column":5}},{"start":{},"end":{}}]},"1":{"loc":{"start":{"line":13,"column":8},"end":{"line":13,"column":36}},"type":"binary-expr","locations":[{"start":{"line":13,"column":8},"end":{"line":13,"column":20}},{"start":{"line":13,"column":24},"end":{"line":13,"column":36}}]},"2":{"loc":{"start":{"line":9,"column":37},"end":{"line":9,"column":null}},"type":"cond-expr","locations":[{"start":{"line":9,"column":50},"end":{"line":9,"column":null}},{"start":{"line":9,"column":50},"end":{"line":9,"column":null}}]},"3":{"loc":{"start":{"line":9,"column":37},"end":{"line":9,"column":50}},"type":"binary-expr","locations":[{"start":{"line":9,"column":37},"end":{"line":9,"column":null}},{"start":{"line":9,"column":37},"end":{"line":9,"column":50}}]}},"s":{"0":18,"1":18,"2":18,"3":18,"4":3,"5":3,"6":3,"7":3,"8":0,"9":3,"10":1,"11":18,"12":18},"f":{"0":3,"1":1},"b":{"0":[0,3],"1":[3,3],"2":[18,0],"3":[18,18]}}
}
