{"C:\\Users\\doyen\\OneDrive\\Desktop\\Study3\\SDP\\Pull\\studynest\\backend\\src\\app.controller.ts": {"path":"C:\\Users\\doyen\\OneDrive\\Desktop\\Study3\\SDP\\Pull\\studynest\\backend\\src\\app.controller.ts","statementMap":{"0":{"start":{"line":1,"column":0},"end":{"line":1,"column":49}},"1":{"start":{"line":2,"column":0},"end":{"line":2,"column":43}},"2":{"start":{"line":5,"column":7},"end":{"line":12,"column":null}},"3":{"start":{"line":6,"column":31},"end":{"line":6,"column":43}},"4":{"start":{"line":10,"column":4},"end":{"line":10,"column":38}},"5":{"start":{"line":5,"column":13},"end":{"line":5,"column":26}},"6":{"start":{"line":9,"column":2},"end":{"line":11,"column":null}},"7":{"start":{"line":5,"column":13},"end":{"line":12,"column":null}}},"fnMap":{"0":{"name":"(anonymous_2)","decl":{"start":{"line":6,"column":2},"end":{"line":6,"column":31}},"loc":{"start":{"line":6,"column":53},"end":{"line":6,"column":57}}},"1":{"name":"(anonymous_3)","decl":{"start":{"line":9,"column":2},"end":{"line":9,"column":10}},"loc":{"start":{"line":9,"column":10},"end":{"line":11,"column":3}}}},"branchMap":{"0":{"loc":{"start":{"line":6,"column":43},"end":{"line":6,"column":56}},"type":"cond-expr","locations":[{"start":{"line":6,"column":53},"end":{"line":6,"column":56}},{"start":{"line":6,"column":53},"end":{"line":6,"column":56}}]},"1":{"loc":{"start":{"line":6,"column":43},"end":{"line":6,"column":53}},"type":"binary-expr","locations":[{"start":{"line":6,"column":43},"end":{"line":6,"column":56}},{"start":{"line":6,"column":43},"end":{"line":6,"column":53}}]}},"s":{"0":1,"1":1,"2":1,"3":1,"4":1,"5":1,"6":1,"7":1},"f":{"0":1,"1":1},"b":{"0":[1,0],"1":[1,1]}}
,"C:\\Users\\doyen\\OneDrive\\Desktop\\Study3\\SDP\\Pull\\studynest\\backend\\src\\app.service.ts": {"path":"C:\\Users\\doyen\\OneDrive\\Desktop\\Study3\\SDP\\Pull\\studynest\\backend\\src\\app.service.ts","statementMap":{"0":{"start":{"line":1,"column":0},"end":{"line":1,"column":44}},"1":{"start":{"line":4,"column":7},"end":{"line":8,"column":null}},"2":{"start":{"line":6,"column":4},"end":{"line":6,"column":26}},"3":{"start":{"line":4,"column":13},"end":{"line":4,"column":23}},"4":{"start":{"line":4,"column":13},"end":{"line":8,"column":null}}},"fnMap":{"0":{"name":"(anonymous_1)","decl":{"start":{"line":5,"column":2},"end":{"line":5,"column":10}},"loc":{"start":{"line":5,"column":10},"end":{"line":7,"column":3}}}},"branchMap":{},"s":{"0":1,"1":1,"2":1,"3":1,"4":1},"f":{"0":1},"b":{}}
,"C:\\Users\\doyen\\OneDrive\\Desktop\\Study3\\SDP\\Pull\\studynest\\backend\\src\\chats\\chats.controller.ts": {"path":"C:\\Users\\doyen\\OneDrive\\Desktop\\Study3\\SDP\\Pull\\studynest\\backend\\src\\chats\\chats.controller.ts","statementMap":{"0":{"start":{"line":1,"column":0},"end":{"line":1,"column":68}},"1":{"start":{"line":2,"column":0},"end":{"line":2,"column":47}},"2":{"start":{"line":5,"column":7},"end":{"line":31,"column":null}},"3":{"start":{"line":6,"column":31},"end":{"line":6,"column":45}},"4":{"start":{"line":10,"column":4},"end":{"line":10,"column":54}},"5":{"start":{"line":15,"column":38},"end":{"line":15,"column":42}},"6":{"start":{"line":16,"column":19},"end":{"line":16,"column":77}},"7":{"start":{"line":17,"column":4},"end":{"line":19,"column":5}},"8":{"start":{"line":18,"column":6},"end":{"line":18,"column":48}},"9":{"start":{"line":20,"column":4},"end":{"line":20,"column":18}},"10":{"start":{"line":25,"column":19},"end":{"line":25,"column":68}},"11":{"start":{"line":26,"column":4},"end":{"line":28,"column":5}},"12":{"start":{"line":27,"column":6},"end":{"line":27,"column":49}},"13":{"start":{"line":29,"column":4},"end":{"line":29,"column":18}},"14":{"start":{"line":5,"column":13},"end":{"line":5,"column":28}},"15":{"start":{"line":9,"column":2},"end":{"line":11,"column":null}},"16":{"start":{"line":14,"column":8},"end":{"line":21,"column":null}},"17":{"start":{"line":24,"column":8},"end":{"line":30,"column":null}},"18":{"start":{"line":5,"column":13},"end":{"line":31,"column":null}}},"fnMap":{"0":{"name":"(anonymous_4)","decl":{"start":{"line":6,"column":2},"end":{"line":6,"column":31}},"loc":{"start":{"line":6,"column":57},"end":{"line":6,"column":61}}},"1":{"name":"(anonymous_5)","decl":{"start":{"line":9,"column":2},"end":{"line":9,"column":6}},"loc":{"start":{"line":9,"column":6},"end":{"line":11,"column":3}}},"2":{"name":"(anonymous_6)","decl":{"start":{"line":14,"column":8},"end":{"line":14,"column":19}},"loc":{"start":{"line":14,"column":83},"end":{"line":21,"column":3}}},"3":{"name":"(anonymous_7)","decl":{"start":{"line":24,"column":8},"end":{"line":24,"column":24}},"loc":{"start":{"line":24,"column":58},"end":{"line":30,"column":3}}}},"branchMap":{"0":{"loc":{"start":{"line":17,"column":4},"end":{"line":19,"column":5}},"type":"if","locations":[{"start":{"line":17,"column":4},"end":{"line":19,"column":5}},{"start":{},"end":{}}]},"1":{"loc":{"start":{"line":26,"column":4},"end":{"line":28,"column":5}},"type":"if","locations":[{"start":{"line":26,"column":4},"end":{"line":28,"column":5}},{"start":{},"end":{}}]},"2":{"loc":{"start":{"line":6,"column":45},"end":{"line":6,"column":60}},"type":"cond-expr","locations":[{"start":{"line":6,"column":57},"end":{"line":6,"column":60}},{"start":{"line":6,"column":57},"end":{"line":6,"column":60}}]},"3":{"loc":{"start":{"line":6,"column":45},"end":{"line":6,"column":57}},"type":"binary-expr","locations":[{"start":{"line":6,"column":45},"end":{"line":6,"column":60}},{"start":{"line":6,"column":45},"end":{"line":6,"column":57}}]}},"s":{"0":1,"1":1,"2":1,"3":0,"4":0,"5":0,"6":0,"7":0,"8":0,"9":0,"10":0,"11":0,"12":0,"13":0,"14":1,"15":1,"16":1,"17":1,"18":1},"f":{"0":0,"1":0,"2":0,"3":0},"b":{"0":[0,0],"1":[0,0],"2":[1,0],"3":[1,1]}}
,"C:\\Users\\doyen\\OneDrive\\Desktop\\Study3\\SDP\\Pull\\studynest\\backend\\src\\chats\\chats.service.ts": {"path":"C:\\Users\\doyen\\OneDrive\\Desktop\\Study3\\SDP\\Pull\\studynest\\backend\\src\\chats\\chats.service.ts","statementMap":{"0":{"start":{"line":1,"column":0},"end":{"line":1,"column":59}},"1":{"start":{"line":2,"column":0},"end":{"line":2,"column":63}},"2":{"start":{"line":5,"column":7},"end":{"line":43,"column":null}},"3":{"start":{"line":6,"column":31},"end":{"line":6,"column":44}},"4":{"start":{"line":9,"column":4},"end":{"line":11,"column":5}},"5":{"start":{"line":10,"column":6},"end":{"line":10,"column":47}},"6":{"start":{"line":13,"column":28},"end":{"line":17,"column":15}},"7":{"start":{"line":19,"column":4},"end":{"line":22,"column":5}},"8":{"start":{"line":20,"column":6},"end":{"line":20,"column":53}},"9":{"start":{"line":21,"column":6},"end":{"line":21,"column":54}},"10":{"start":{"line":24,"column":4},"end":{"line":24,"column":44}},"11":{"start":{"line":28,"column":4},"end":{"line":28,"column":58}},"12":{"start":{"line":28,"column":18},"end":{"line":28,"column":58}},"13":{"start":{"line":30,"column":28},"end":{"line":34,"column":47}},"14":{"start":{"line":36,"column":4},"end":{"line":39,"column":5}},"15":{"start":{"line":37,"column":6},"end":{"line":37,"column":53}},"16":{"start":{"line":38,"column":6},"end":{"line":38,"column":53}},"17":{"start":{"line":41,"column":4},"end":{"line":41,"column":45}},"18":{"start":{"line":5,"column":13},"end":{"line":5,"column":25}},"19":{"start":{"line":5,"column":13},"end":{"line":43,"column":null}}},"fnMap":{"0":{"name":"(anonymous_2)","decl":{"start":{"line":6,"column":2},"end":{"line":6,"column":31}},"loc":{"start":{"line":6,"column":59},"end":{"line":6,"column":63}}},"1":{"name":"(anonymous_3)","decl":{"start":{"line":8,"column":2},"end":{"line":8,"column":7}},"loc":{"start":{"line":8,"column":65},"end":{"line":25,"column":3}}},"2":{"name":"(anonymous_4)","decl":{"start":{"line":27,"column":2},"end":{"line":27,"column":7}},"loc":{"start":{"line":27,"column":40},"end":{"line":42,"column":3}}}},"branchMap":{"0":{"loc":{"start":{"line":9,"column":4},"end":{"line":11,"column":5}},"type":"if","locations":[{"start":{"line":9,"column":4},"end":{"line":11,"column":5}},{"start":{},"end":{}}]},"1":{"loc":{"start":{"line":9,"column":8},"end":{"line":9,"column":36}},"type":"binary-expr","locations":[{"start":{"line":9,"column":8},"end":{"line":9,"column":13}},{"start":{"line":9,"column":17},"end":{"line":9,"column":25}},{"start":{"line":9,"column":29},"end":{"line":9,"column":36}}]},"2":{"loc":{"start":{"line":19,"column":4},"end":{"line":22,"column":5}},"type":"if","locations":[{"start":{"line":19,"column":4},"end":{"line":22,"column":5}},{"start":{},"end":{}}]},"3":{"loc":{"start":{"line":28,"column":4},"end":{"line":28,"column":58}},"type":"if","locations":[{"start":{"line":28,"column":4},"end":{"line":28,"column":58}},{"start":{},"end":{}}]},"4":{"loc":{"start":{"line":36,"column":4},"end":{"line":39,"column":5}},"type":"if","locations":[{"start":{"line":36,"column":4},"end":{"line":39,"column":5}},{"start":{},"end":{}}]},"5":{"loc":{"start":{"line":6,"column":44},"end":{"line":6,"column":62}},"type":"cond-expr","locations":[{"start":{"line":6,"column":59},"end":{"line":6,"column":62}},{"start":{"line":6,"column":59},"end":{"line":6,"column":62}}]},"6":{"loc":{"start":{"line":6,"column":44},"end":{"line":6,"column":59}},"type":"binary-expr","locations":[{"start":{"line":6,"column":44},"end":{"line":6,"column":62}},{"start":{"line":6,"column":44},"end":{"line":6,"column":59}}]}},"s":{"0":2,"1":2,"2":2,"3":0,"4":0,"5":0,"6":0,"7":0,"8":0,"9":0,"10":0,"11":0,"12":0,"13":0,"14":0,"15":0,"16":0,"17":0,"18":2,"19":2},"f":{"0":0,"1":0,"2":0},"b":{"0":[0,0],"1":[0,0,0],"2":[0,0],"3":[0,0],"4":[0,0],"5":[2,0],"6":[2,2]}}
,"C:\\Users\\doyen\\OneDrive\\Desktop\\Study3\\SDP\\Pull\\studynest\\backend\\src\\files\\files.controller.ts": {"path":"C:\\Users\\doyen\\OneDrive\\Desktop\\Study3\\SDP\\Pull\\studynest\\backend\\src\\files\\files.controller.ts","statementMap":{"0":{"start":{"line":4,"column":0},"end":{"line":4,"column":107}},"1":{"start":{"line":5,"column":0},"end":{"line":5,"column":59}},"2":{"start":{"line":6,"column":0},"end":{"line":6,"column":47}},"3":{"start":{"line":10,"column":7},"end":{"line":35,"column":null}},"4":{"start":{"line":11,"column":31},"end":{"line":11,"column":45}},"5":{"start":{"line":18,"column":19},"end":{"line":18,"column":30}},"6":{"start":{"line":21,"column":4},"end":{"line":21,"column":50}},"7":{"start":{"line":26,"column":4},"end":{"line":26,"column":58}},"8":{"start":{"line":32,"column":19},"end":{"line":32,"column":30}},"9":{"start":{"line":33,"column":4},"end":{"line":33,"column":55}},"10":{"start":{"line":10,"column":13},"end":{"line":10,"column":28}},"11":{"start":{"line":16,"column":8},"end":{"line":22,"column":null}},"12":{"start":{"line":25,"column":8},"end":{"line":27,"column":null}},"13":{"start":{"line":30,"column":2},"end":{"line":34,"column":null}},"14":{"start":{"line":10,"column":13},"end":{"line":35,"column":null}}},"fnMap":{"0":{"name":"(anonymous_4)","decl":{"start":{"line":11,"column":2},"end":{"line":11,"column":31}},"loc":{"start":{"line":11,"column":57},"end":{"line":11,"column":61}}},"1":{"name":"(anonymous_5)","decl":{"start":{"line":16,"column":2},"end":{"line":16,"column":7}},"loc":{"start":{"line":16,"column":94},"end":{"line":22,"column":3}}},"2":{"name":"(anonymous_6)","decl":{"start":{"line":25,"column":2},"end":{"line":25,"column":7}},"loc":{"start":{"line":25,"column":83},"end":{"line":27,"column":3}}},"3":{"name":"(anonymous_7)","decl":{"start":{"line":30,"column":2},"end":{"line":30,"column":15}},"loc":{"start":{"line":30,"column":81},"end":{"line":34,"column":3}}}},"branchMap":{"0":{"loc":{"start":{"line":11,"column":45},"end":{"line":11,"column":60}},"type":"cond-expr","locations":[{"start":{"line":11,"column":57},"end":{"line":11,"column":60}},{"start":{"line":11,"column":57},"end":{"line":11,"column":60}}]},"1":{"loc":{"start":{"line":11,"column":45},"end":{"line":11,"column":57}},"type":"binary-expr","locations":[{"start":{"line":11,"column":45},"end":{"line":11,"column":60}},{"start":{"line":11,"column":45},"end":{"line":11,"column":57}}]}},"s":{"0":1,"1":1,"2":1,"3":1,"4":10,"5":3,"6":3,"7":3,"8":3,"9":3,"10":1,"11":1,"12":1,"13":1,"14":1},"f":{"0":10,"1":3,"2":3,"3":3},"b":{"0":[1,0],"1":[1,1]}}
,"C:\\Users\\doyen\\OneDrive\\Desktop\\Study3\\SDP\\Pull\\studynest\\backend\\src\\files\\files.service.ts": {"path":"C:\\Users\\doyen\\OneDrive\\Desktop\\Study3\\SDP\\Pull\\studynest\\backend\\src\\files\\files.service.ts","statementMap":{"0":{"start":{"line":1,"column":0},"end":{"line":1,"column":93}},"1":{"start":{"line":2,"column":0},"end":{"line":2,"column":63}},"2":{"start":{"line":4,"column":0},"end":{"line":4,"column":59}},"3":{"start":{"line":5,"column":0},"end":{"line":5,"column":39}},"4":{"start":{"line":8,"column":7},"end":{"line":137,"column":null}},"5":{"start":{"line":11,"column":31},"end":{"line":11,"column":48}},"6":{"start":{"line":13,"column":25},"end":{"line":13,"column":51}},"7":{"start":{"line":14,"column":4},"end":{"line":16,"column":5}},"8":{"start":{"line":15,"column":6},"end":{"line":15,"column":85}},"9":{"start":{"line":17,"column":4},"end":{"line":17,"column":54}},"10":{"start":{"line":22,"column":4},"end":{"line":22,"column":70}},"11":{"start":{"line":23,"column":4},"end":{"line":25,"column":5}},"12":{"start":{"line":24,"column":6},"end":{"line":24,"column":67}},"13":{"start":{"line":27,"column":21},"end":{"line":27,"column":53}},"14":{"start":{"line":28,"column":19},"end":{"line":28,"column":32}},"15":{"start":{"line":31,"column":21},"end":{"line":31,"column":74}},"16":{"start":{"line":32,"column":5},"end":{"line":32,"column":53}},"17":{"start":{"line":34,"column":53},"end":{"line":38,"column":8}},"18":{"start":{"line":40,"column":4},"end":{"line":43,"column":5}},"19":{"start":{"line":41,"column":6},"end":{"line":41,"column":63}},"20":{"start":{"line":42,"column":6},"end":{"line":42,"column":103}},"21":{"start":{"line":44,"column":4},"end":{"line":44,"column":76}},"22":{"start":{"line":46,"column":4},"end":{"line":46,"column":67}},"23":{"start":{"line":48,"column":45},"end":{"line":59,"column":15}},"24":{"start":{"line":61,"column":4},"end":{"line":65,"column":5}},"25":{"start":{"line":62,"column":6},"end":{"line":62,"column":60}},"26":{"start":{"line":63,"column":6},"end":{"line":63,"column":61}},"27":{"start":{"line":64,"column":6},"end":{"line":64,"column":95}},"28":{"start":{"line":67,"column":4},"end":{"line":67,"column":64}},"29":{"start":{"line":68,"column":4},"end":{"line":71,"column":6}},"30":{"start":{"line":74,"column":21},"end":{"line":74,"column":53}},"31":{"start":{"line":76,"column":4},"end":{"line":76,"column":85}},"32":{"start":{"line":77,"column":49},"end":{"line":82,"column":15}},"33":{"start":{"line":84,"column":4},"end":{"line":87,"column":5}},"34":{"start":{"line":85,"column":6},"end":{"line":85,"column":62}},"35":{"start":{"line":86,"column":6},"end":{"line":86,"column":70}},"36":{"start":{"line":89,"column":5},"end":{"line":89,"column":87}},"37":{"start":{"line":91,"column":28},"end":{"line":93,"column":48}},"38":{"start":{"line":95,"column":4},"end":{"line":98,"column":5}},"39":{"start":{"line":96,"column":6},"end":{"line":96,"column":58}},"40":{"start":{"line":97,"column":6},"end":{"line":97,"column":92}},"41":{"start":{"line":100,"column":4},"end":{"line":100,"column":16}},"42":{"start":{"line":103,"column":2},"end":{"line":135,"column":3}},"43":{"start":{"line":104,"column":21},"end":{"line":104,"column":53}},"44":{"start":{"line":107,"column":49},"end":{"line":110,"column":54}},"45":{"start":{"line":111,"column":4},"end":{"line":111,"column":87}},"46":{"start":{"line":111,"column":21},"end":{"line":111,"column":85}},"47":{"start":{"line":114,"column":49},"end":{"line":115,"column":55}},"48":{"start":{"line":116,"column":4},"end":{"line":116,"column":94}},"49":{"start":{"line":116,"column":25},"end":{"line":116,"column":92}},"50":{"start":{"line":119,"column":19},"end":{"line":119,"column":56}},"51":{"start":{"line":120,"column":20},"end":{"line":120,"column":42}},"52":{"start":{"line":121,"column":24},"end":{"line":121,"column":36}},"53":{"start":{"line":124,"column":18},"end":{"line":124,"column":78}},"54":{"start":{"line":125,"column":19},"end":{"line":125,"column":100}},"55":{"start":{"line":126,"column":19},"end":{"line":126,"column":54}},"56":{"start":{"line":128,"column":4},"end":{"line":128,"column":47}},"57":{"start":{"line":132,"column":4},"end":{"line":132,"column":63}},"58":{"start":{"line":134,"column":4},"end":{"line":134,"column":97}},"59":{"start":{"line":8,"column":13},"end":{"line":8,"column":25}},"60":{"start":{"line":8,"column":13},"end":{"line":137,"column":null}}},"fnMap":{"0":{"name":"(anonymous_2)","decl":{"start":{"line":11,"column":2},"end":{"line":11,"column":31}},"loc":{"start":{"line":11,"column":63},"end":{"line":18,"column":3}}},"1":{"name":"(anonymous_3)","decl":{"start":{"line":21,"column":2},"end":{"line":21,"column":7}},"loc":{"start":{"line":21,"column":56},"end":{"line":72,"column":3}}},"2":{"name":"(anonymous_4)","decl":{"start":{"line":73,"column":2},"end":{"line":73,"column":7}},"loc":{"start":{"line":73,"column":51},"end":{"line":101,"column":1}}},"3":{"name":"(anonymous_5)","decl":{"start":{"line":102,"column":0},"end":{"line":102,"column":5}},"loc":{"start":{"line":102,"column":46},"end":{"line":136,"column":1}}}},"branchMap":{"0":{"loc":{"start":{"line":14,"column":4},"end":{"line":16,"column":5}},"type":"if","locations":[{"start":{"line":14,"column":4},"end":{"line":16,"column":5}},{"start":{},"end":{}}]},"1":{"loc":{"start":{"line":23,"column":4},"end":{"line":25,"column":5}},"type":"if","locations":[{"start":{"line":23,"column":4},"end":{"line":25,"column":5}},{"start":{},"end":{}}]},"2":{"loc":{"start":{"line":40,"column":4},"end":{"line":43,"column":5}},"type":"if","locations":[{"start":{"line":40,"column":4},"end":{"line":43,"column":5}},{"start":{},"end":{}}]},"3":{"loc":{"start":{"line":61,"column":4},"end":{"line":65,"column":5}},"type":"if","locations":[{"start":{"line":61,"column":4},"end":{"line":65,"column":5}},{"start":{},"end":{}}]},"4":{"loc":{"start":{"line":84,"column":4},"end":{"line":87,"column":5}},"type":"if","locations":[{"start":{"line":84,"column":4},"end":{"line":87,"column":5}},{"start":{},"end":{}}]},"5":{"loc":{"start":{"line":84,"column":8},"end":{"line":84,"column":30}},"type":"binary-expr","locations":[{"start":{"line":84,"column":8},"end":{"line":84,"column":17}},{"start":{"line":84,"column":21},"end":{"line":84,"column":30}}]},"6":{"loc":{"start":{"line":95,"column":4},"end":{"line":98,"column":5}},"type":"if","locations":[{"start":{"line":95,"column":4},"end":{"line":98,"column":5}},{"start":{},"end":{}}]},"7":{"loc":{"start":{"line":111,"column":4},"end":{"line":111,"column":87}},"type":"if","locations":[{"start":{"line":111,"column":4},"end":{"line":111,"column":87}},{"start":{},"end":{}}]},"8":{"loc":{"start":{"line":116,"column":4},"end":{"line":116,"column":94}},"type":"if","locations":[{"start":{"line":116,"column":4},"end":{"line":116,"column":94}},{"start":{},"end":{}}]},"9":{"loc":{"start":{"line":11,"column":48},"end":{"line":11,"column":null}},"type":"cond-expr","locations":[{"start":{"line":11,"column":63},"end":{"line":11,"column":null}},{"start":{"line":11,"column":63},"end":{"line":11,"column":null}}]},"10":{"loc":{"start":{"line":11,"column":48},"end":{"line":11,"column":63}},"type":"binary-expr","locations":[{"start":{"line":11,"column":48},"end":{"line":11,"column":null}},{"start":{"line":11,"column":48},"end":{"line":11,"column":63}}]}},"s":{"0":1,"1":1,"2":1,"3":1,"4":1,"5":0,"6":0,"7":0,"8":0,"9":0,"10":0,"11":0,"12":0,"13":0,"14":0,"15":0,"16":0,"17":0,"18":0,"19":0,"20":0,"21":0,"22":0,"23":0,"24":0,"25":0,"26":0,"27":0,"28":0,"29":0,"30":0,"31":0,"32":0,"33":0,"34":0,"35":0,"36":0,"37":0,"38":0,"39":0,"40":0,"41":0,"42":0,"43":0,"44":0,"45":0,"46":0,"47":0,"48":0,"49":0,"50":0,"51":0,"52":0,"53":0,"54":0,"55":0,"56":0,"57":0,"58":0,"59":1,"60":1},"f":{"0":0,"1":0,"2":0,"3":0},"b":{"0":[0,0],"1":[0,0],"2":[0,0],"3":[0,0],"4":[0,0],"5":[0,0],"6":[0,0],"7":[0,0],"8":[0,0],"9":[1,0],"10":[1,1]}}
,"C:\\Users\\doyen\\OneDrive\\Desktop\\Study3\\SDP\\Pull\\studynest\\backend\\src\\groups\\groups.controller.ts": {"path":"C:\\Users\\doyen\\OneDrive\\Desktop\\Study3\\SDP\\Pull\\studynest\\backend\\src\\groups\\groups.controller.ts","statementMap":{"0":{"start":{"line":1,"column":0},"end":{"line":1,"column":83}},"1":{"start":{"line":2,"column":0},"end":{"line":2,"column":49}},"2":{"start":{"line":3,"column":0},"end":{"line":3,"column":73}},"3":{"start":{"line":5,"column":7},"end":{"line":51,"column":null}},"4":{"start":{"line":7,"column":25},"end":{"line":7,"column":38}},"5":{"start":{"line":13,"column":8},"end":{"line":13,"column":52}},"6":{"start":{"line":19,"column":12},"end":{"line":19,"column":56}},"7":{"start":{"line":24,"column":8},"end":{"line":28,"column":10}},"8":{"start":{"line":35,"column":12},"end":{"line":35,"column":67}},"9":{"start":{"line":41,"column":8},"end":{"line":41,"column":52}},"10":{"start":{"line":49,"column":4},"end":{"line":49,"column":73}},"11":{"start":{"line":5,"column":13},"end":{"line":5,"column":29}},"12":{"start":{"line":11,"column":10},"end":{"line":14,"column":null}},"13":{"start":{"line":17,"column":10},"end":{"line":20,"column":null}},"14":{"start":{"line":23,"column":14},"end":{"line":29,"column":null}},"15":{"start":{"line":32,"column":10},"end":{"line":36,"column":null}},"16":{"start":{"line":39,"column":10},"end":{"line":42,"column":null}},"17":{"start":{"line":45,"column":8},"end":{"line":50,"column":null}},"18":{"start":{"line":5,"column":13},"end":{"line":51,"column":null}}},"fnMap":{"0":{"name":"(anonymous_4)","decl":{"start":{"line":7,"column":4},"end":{"line":7,"column":25}},"loc":{"start":{"line":7,"column":51},"end":{"line":7,"column":54}}},"1":{"name":"(anonymous_5)","decl":{"start":{"line":11,"column":10},"end":{"line":11,"column":22}},"loc":{"start":{"line":11,"column":22},"end":{"line":14,"column":5}}},"2":{"name":"(anonymous_6)","decl":{"start":{"line":17,"column":10},"end":{"line":17,"column":23}},"loc":{"start":{"line":17,"column":54},"end":{"line":20,"column":5}}},"3":{"name":"(anonymous_7)","decl":{"start":{"line":23,"column":14},"end":{"line":23,"column":25}},"loc":{"start":{"line":23,"column":64},"end":{"line":29,"column":9}}},"4":{"name":"(anonymous_8)","decl":{"start":{"line":32,"column":10},"end":{"line":32,"column":19}},"loc":{"start":{"line":33,"column":66},"end":{"line":36,"column":9}}},"5":{"name":"(anonymous_9)","decl":{"start":{"line":39,"column":10},"end":{"line":39,"column":21}},"loc":{"start":{"line":39,"column":52},"end":{"line":42,"column":5}}},"6":{"name":"(anonymous_10)","decl":{"start":{"line":45,"column":8},"end":{"line":45,"column":19}},"loc":{"start":{"line":47,"column":55},"end":{"line":50,"column":1}}}},"branchMap":{"0":{"loc":{"start":{"line":33,"column":34},"end":{"line":33,"column":66}},"type":"default-arg","locations":[{"start":{"line":33,"column":58},"end":{"line":33,"column":66}}]},"1":{"loc":{"start":{"line":23,"column":50},"end":{"line":23,"column":null}},"type":"cond-expr","locations":[{"start":{"line":23,"column":64},"end":{"line":23,"column":null}},{"start":{"line":23,"column":64},"end":{"line":23,"column":null}}]},"2":{"loc":{"start":{"line":23,"column":50},"end":{"line":23,"column":64}},"type":"binary-expr","locations":[{"start":{"line":23,"column":50},"end":{"line":23,"column":null}},{"start":{"line":23,"column":50},"end":{"line":23,"column":64}}]},"3":{"loc":{"start":{"line":7,"column":38},"end":{"line":7,"column":53}},"type":"cond-expr","locations":[{"start":{"line":7,"column":51},"end":{"line":7,"column":53}},{"start":{"line":7,"column":51},"end":{"line":7,"column":53}}]},"4":{"loc":{"start":{"line":7,"column":38},"end":{"line":7,"column":51}},"type":"binary-expr","locations":[{"start":{"line":7,"column":38},"end":{"line":7,"column":53}},{"start":{"line":7,"column":38},"end":{"line":7,"column":51}}]}},"s":{"0":1,"1":1,"2":1,"3":1,"4":0,"5":0,"6":0,"7":0,"8":0,"9":0,"10":0,"11":1,"12":1,"13":1,"14":1,"15":1,"16":1,"17":1,"18":1},"f":{"0":0,"1":0,"2":0,"3":0,"4":0,"5":0,"6":0},"b":{"0":[0],"1":[1,0],"2":[1,1],"3":[1,0],"4":[1,1]}}
,"C:\\Users\\doyen\\OneDrive\\Desktop\\Study3\\SDP\\Pull\\studynest\\backend\\src\\groups\\groups.service.ts": {"path":"C:\\Users\\doyen\\OneDrive\\Desktop\\Study3\\SDP\\Pull\\studynest\\backend\\src\\groups\\groups.service.ts","statementMap":{"0":{"start":{"line":1,"column":0},"end":{"line":1,"column":44}},"1":{"start":{"line":2,"column":0},"end":{"line":2,"column":64}},"2":{"start":{"line":3,"column":0},"end":{"line":3,"column":79}},"3":{"start":{"line":5,"column":7},"end":{"line":149,"column":null}},"4":{"start":{"line":7,"column":20},"end":{"line":7,"column":32}},"5":{"start":{"line":8,"column":11},"end":{"line":8,"column":25}},"6":{"start":{"line":12,"column":26},"end":{"line":16,"column":15}},"7":{"start":{"line":18,"column":6},"end":{"line":21,"column":5}},"8":{"start":{"line":20,"column":8},"end":{"line":20,"column":46}},"9":{"start":{"line":23,"column":4},"end":{"line":23,"column":16}},"10":{"start":{"line":28,"column":24},"end":{"line":31,"column":13}},"11":{"start":{"line":32,"column":4},"end":{"line":35,"column":5}},"12":{"start":{"line":34,"column":8},"end":{"line":34,"column":46}},"13":{"start":{"line":37,"column":4},"end":{"line":37,"column":16}},"14":{"start":{"line":43,"column":27},"end":{"line":47,"column":15}},"15":{"start":{"line":49,"column":6},"end":{"line":52,"column":7}},"16":{"start":{"line":51,"column":8},"end":{"line":51,"column":45}},"17":{"start":{"line":55,"column":43},"end":{"line":60,"column":15}},"18":{"start":{"line":62,"column":6},"end":{"line":65,"column":7}},"19":{"start":{"line":64,"column":8},"end":{"line":64,"column":50}},"20":{"start":{"line":67,"column":24},"end":{"line":67,"column":35}},"21":{"start":{"line":70,"column":44},"end":{"line":74,"column":29}},"22":{"start":{"line":76,"column":6},"end":{"line":79,"column":7}},"23":{"start":{"line":78,"column":8},"end":{"line":78,"column":53}},"24":{"start":{"line":80,"column":6},"end":{"line":91,"column":7}},"25":{"start":{"line":82,"column":10},"end":{"line":90,"column":7}},"26":{"start":{"line":84,"column":8},"end":{"line":89,"column":9}},"27":{"start":{"line":86,"column":10},"end":{"line":88,"column":12}},"28":{"start":{"line":94,"column":6},"end":{"line":94,"column":18}},"29":{"start":{"line":100,"column":29},"end":{"line":104,"column":28}},"30":{"start":{"line":106,"column":6},"end":{"line":109,"column":7}},"31":{"start":{"line":108,"column":8},"end":{"line":108,"column":48}},"32":{"start":{"line":111,"column":6},"end":{"line":111,"column":18}},"33":{"start":{"line":117,"column":24},"end":{"line":121,"column":28}},"34":{"start":{"line":123,"column":4},"end":{"line":126,"column":5}},"35":{"start":{"line":125,"column":6},"end":{"line":125,"column":44}},"36":{"start":{"line":128,"column":4},"end":{"line":128,"column":16}},"37":{"start":{"line":134,"column":24},"end":{"line":141,"column":21}},"38":{"start":{"line":143,"column":4},"end":{"line":146,"column":5}},"39":{"start":{"line":145,"column":6},"end":{"line":145,"column":67}},"40":{"start":{"line":147,"column":4},"end":{"line":147,"column":16}},"41":{"start":{"line":5,"column":13},"end":{"line":5,"column":26}},"42":{"start":{"line":5,"column":13},"end":{"line":149,"column":null}}},"fnMap":{"0":{"name":"(anonymous_2)","decl":{"start":{"line":7,"column":0},"end":{"line":7,"column":20}},"loc":{"start":{"line":8,"column":45},"end":{"line":8,"column":49}}},"1":{"name":"(anonymous_3)","decl":{"start":{"line":10,"column":2},"end":{"line":10,"column":7}},"loc":{"start":{"line":10,"column":69},"end":{"line":24,"column":3}}},"2":{"name":"(anonymous_4)","decl":{"start":{"line":26,"column":2},"end":{"line":26,"column":7}},"loc":{"start":{"line":26,"column":19},"end":{"line":38,"column":3}}},"3":{"name":"(anonymous_5)","decl":{"start":{"line":41,"column":2},"end":{"line":41,"column":7}},"loc":{"start":{"line":41,"column":87},"end":{"line":95,"column":3}}},"4":{"name":"(anonymous_6)","decl":{"start":{"line":98,"column":0},"end":{"line":98,"column":5}},"loc":{"start":{"line":98,"column":32},"end":{"line":112,"column":3}}},"5":{"name":"(anonymous_7)","decl":{"start":{"line":115,"column":2},"end":{"line":115,"column":7}},"loc":{"start":{"line":115,"column":33},"end":{"line":129,"column":3}}},"6":{"name":"(anonymous_8)","decl":{"start":{"line":132,"column":2},"end":{"line":132,"column":7}},"loc":{"start":{"line":132,"column":65},"end":{"line":148,"column":3}}}},"branchMap":{"0":{"loc":{"start":{"line":18,"column":6},"end":{"line":21,"column":5}},"type":"if","locations":[{"start":{"line":18,"column":6},"end":{"line":21,"column":5}},{"start":{},"end":{}}]},"1":{"loc":{"start":{"line":32,"column":4},"end":{"line":35,"column":5}},"type":"if","locations":[{"start":{"line":32,"column":4},"end":{"line":35,"column":5}},{"start":{},"end":{}}]},"2":{"loc":{"start":{"line":41,"column":52},"end":{"line":41,"column":87}},"type":"default-arg","locations":[{"start":{"line":41,"column":79},"end":{"line":41,"column":87}}]},"3":{"loc":{"start":{"line":49,"column":6},"end":{"line":52,"column":7}},"type":"if","locations":[{"start":{"line":49,"column":6},"end":{"line":52,"column":7}},{"start":{},"end":{}}]},"4":{"loc":{"start":{"line":62,"column":6},"end":{"line":65,"column":7}},"type":"if","locations":[{"start":{"line":62,"column":6},"end":{"line":65,"column":7}},{"start":{},"end":{}}]},"5":{"loc":{"start":{"line":76,"column":6},"end":{"line":79,"column":7}},"type":"if","locations":[{"start":{"line":76,"column":6},"end":{"line":79,"column":7}},{"start":{},"end":{}}]},"6":{"loc":{"start":{"line":80,"column":6},"end":{"line":91,"column":7}},"type":"if","locations":[{"start":{"line":80,"column":6},"end":{"line":91,"column":7}},{"start":{},"end":{}}]},"7":{"loc":{"start":{"line":84,"column":8},"end":{"line":89,"column":9}},"type":"if","locations":[{"start":{"line":84,"column":8},"end":{"line":89,"column":9}},{"start":{},"end":{}}]},"8":{"loc":{"start":{"line":106,"column":6},"end":{"line":109,"column":7}},"type":"if","locations":[{"start":{"line":106,"column":6},"end":{"line":109,"column":7}},{"start":{},"end":{}}]},"9":{"loc":{"start":{"line":123,"column":4},"end":{"line":126,"column":5}},"type":"if","locations":[{"start":{"line":123,"column":4},"end":{"line":126,"column":5}},{"start":{},"end":{}}]},"10":{"loc":{"start":{"line":143,"column":4},"end":{"line":146,"column":5}},"type":"if","locations":[{"start":{"line":143,"column":4},"end":{"line":146,"column":5}},{"start":{},"end":{}}]},"11":{"loc":{"start":{"line":7,"column":32},"end":{"line":7,"column":null}},"type":"cond-expr","locations":[{"start":{"line":7,"column":47},"end":{"line":7,"column":null}},{"start":{"line":7,"column":47},"end":{"line":7,"column":null}}]},"12":{"loc":{"start":{"line":7,"column":32},"end":{"line":7,"column":47}},"type":"binary-expr","locations":[{"start":{"line":7,"column":32},"end":{"line":7,"column":null}},{"start":{"line":7,"column":32},"end":{"line":7,"column":47}}]},"13":{"loc":{"start":{"line":7,"column":47},"end":{"line":8,"column":48}},"type":"cond-expr","locations":[{"start":{"line":8,"column":45},"end":{"line":8,"column":48}},{"start":{"line":8,"column":45},"end":{"line":8,"column":48}}]},"14":{"loc":{"start":{"line":7,"column":47},"end":{"line":8,"column":45}},"type":"binary-expr","locations":[{"start":{"line":7,"column":47},"end":{"line":8,"column":48}},{"start":{"line":8,"column":25},"end":{"line":8,"column":45}}]}},"s":{"0":2,"1":2,"2":2,"3":2,"4":0,"5":0,"6":0,"7":0,"8":0,"9":0,"10":0,"11":0,"12":0,"13":0,"14":0,"15":0,"16":0,"17":0,"18":0,"19":0,"20":0,"21":0,"22":0,"23":0,"24":0,"25":0,"26":0,"27":0,"28":0,"29":0,"30":0,"31":0,"32":0,"33":0,"34":0,"35":0,"36":0,"37":0,"38":0,"39":0,"40":0,"41":2,"42":2},"f":{"0":0,"1":0,"2":0,"3":0,"4":0,"5":0,"6":0},"b":{"0":[0,0],"1":[0,0],"2":[0],"3":[0,0],"4":[0,0],"5":[0,0],"6":[0,0],"7":[0,0],"8":[0,0],"9":[0,0],"10":[0,0],"11":[2,0],"12":[2,2],"13":[2,0],"14":[2,2]}}
,"C:\\Users\\doyen\\OneDrive\\Desktop\\Study3\\SDP\\Pull\\studynest\\backend\\src\\groups\\dto\\create-group.dto\\create-group.dto.ts": {"path":"C:\\Users\\doyen\\OneDrive\\Desktop\\Study3\\SDP\\Pull\\studynest\\backend\\src\\groups\\dto\\create-group.dto\\create-group.dto.ts","statementMap":{"0":{"start":{"line":1,"column":0},"end":{"line":1,"column":13}}},"fnMap":{},"branchMap":{},"s":{"0":1},"f":{},"b":{}}
,"C:\\Users\\doyen\\OneDrive\\Desktop\\Study3\\SDP\\Pull\\studynest\\backend\\src\\mailer\\mailer.service.ts": {"path":"C:\\Users\\doyen\\OneDrive\\Desktop\\Study3\\SDP\\Pull\\studynest\\backend\\src\\mailer\\mailer.service.ts","statementMap":{"0":{"start":{"line":1,"column":0},"end":{"line":1,"column":52}},"1":{"start":{"line":2,"column":0},"end":{"line":2,"column":40}},"2":{"start":{"line":3,"column":0},"end":{"line":3,"column":41}},"3":{"start":{"line":4,"column":0},"end":{"line":4,"column":64}},"4":{"start":{"line":5,"column":0},"end":{"line":5,"column":33}},"5":{"start":{"line":7,"column":26},"end":{"line":113,"column":null}},"6":{"start":{"line":9,"column":34},"end":{"line":9,"column":64}},"7":{"start":{"line":13,"column":20},"end":{"line":13,"column":32}},"8":{"start":{"line":16,"column":12},"end":{"line":26,"column":null}},"9":{"start":{"line":31,"column":4},"end":{"line":46,"column":3}},"10":{"start":{"line":33,"column":21},"end":{"line":39,"column":6}},"11":{"start":{"line":41,"column":4},"end":{"line":41,"column":43}},"12":{"start":{"line":44,"column":4},"end":{"line":44,"column":64}},"13":{"start":{"line":45,"column":4},"end":{"line":45,"column":16}},"14":{"start":{"line":51,"column":21},"end":{"line":51,"column":66}},"15":{"start":{"line":52,"column":26},"end":{"line":52,"column":85}},"16":{"start":{"line":53,"column":27},"end":{"line":53,"column":87}},"17":{"start":{"line":56,"column":37},"end":{"line":60,"column":54}},"18":{"start":{"line":63,"column":4},"end":{"line":66,"column":5}},"19":{"start":{"line":64,"column":6},"end":{"line":64,"column":70}},"20":{"start":{"line":65,"column":6},"end":{"line":65,"column":13}},"21":{"start":{"line":68,"column":4},"end":{"line":70,"column":5}},"22":{"start":{"line":69,"column":6},"end":{"line":69,"column":13}},"23":{"start":{"line":72,"column":4},"end":{"line":110,"column":5}},"24":{"start":{"line":74,"column":48},"end":{"line":78,"column":41}},"25":{"start":{"line":80,"column":9},"end":{"line":83,"column":9}},"26":{"start":{"line":81,"column":12},"end":{"line":81,"column":69}},"27":{"start":{"line":82,"column":12},"end":{"line":82,"column":18}},"28":{"start":{"line":84,"column":6},"end":{"line":109,"column":7}},"29":{"start":{"line":85,"column":34},"end":{"line":90,"column":19}},"30":{"start":{"line":92,"column":8},"end":{"line":108,"column":9}},"31":{"start":{"line":93,"column":24},"end":{"line":93,"column":77}},"32":{"start":{"line":94,"column":32},"end":{"line":94,"column":60}},"33":{"start":{"line":95,"column":32},"end":{"line":95,"column":55}},"34":{"start":{"line":97,"column":10},"end":{"line":107,"column":12}},"35":{"start":{"line":7,"column":13},"end":{"line":7,"column":26}},"36":{"start":{"line":49,"column":8},"end":{"line":111,"column":null}},"37":{"start":{"line":7,"column":13},"end":{"line":113,"column":null}}},"fnMap":{"0":{"name":"(anonymous_11)","decl":{"start":{"line":12,"column":8},"end":{"line":12,"column":null}},"loc":{"start":{"line":13,"column":47},"end":{"line":27,"column":9}}},"1":{"name":"(anonymous_12)","decl":{"start":{"line":29,"column":0},"end":{"line":29,"column":5}},"loc":{"start":{"line":29,"column":71},"end":{"line":47,"column":1}}},"2":{"name":"(anonymous_13)","decl":{"start":{"line":49,"column":8},"end":{"line":49,"column":21}},"loc":{"start":{"line":49,"column":21},"end":{"line":111,"column":3}}}},"branchMap":{"0":{"loc":{"start":{"line":63,"column":4},"end":{"line":66,"column":5}},"type":"if","locations":[{"start":{"line":63,"column":4},"end":{"line":66,"column":5}},{"start":{},"end":{}}]},"1":{"loc":{"start":{"line":68,"column":4},"end":{"line":70,"column":5}},"type":"if","locations":[{"start":{"line":68,"column":4},"end":{"line":70,"column":5}},{"start":{},"end":{}}]},"2":{"loc":{"start":{"line":68,"column":8},"end":{"line":68,"column":42}},"type":"binary-expr","locations":[{"start":{"line":68,"column":8},"end":{"line":68,"column":17}},{"start":{"line":68,"column":21},"end":{"line":68,"column":42}}]},"3":{"loc":{"start":{"line":80,"column":9},"end":{"line":83,"column":9}},"type":"if","locations":[{"start":{"line":80,"column":9},"end":{"line":83,"column":9}},{"start":{},"end":{}}]},"4":{"loc":{"start":{"line":92,"column":8},"end":{"line":108,"column":9}},"type":"if","locations":[{"start":{"line":92,"column":8},"end":{"line":108,"column":9}},{"start":{},"end":{}}]},"5":{"loc":{"start":{"line":13,"column":32},"end":{"line":13,"column":null}},"type":"cond-expr","locations":[{"start":{"line":13,"column":47},"end":{"line":13,"column":null}},{"start":{"line":13,"column":47},"end":{"line":13,"column":null}}]},"6":{"loc":{"start":{"line":13,"column":32},"end":{"line":13,"column":47}},"type":"binary-expr","locations":[{"start":{"line":13,"column":32},"end":{"line":13,"column":null}},{"start":{"line":13,"column":32},"end":{"line":13,"column":47}}]}},"s":{"0":8,"1":8,"2":8,"3":8,"4":8,"5":8,"6":0,"7":0,"8":0,"9":0,"10":0,"11":0,"12":0,"13":0,"14":0,"15":0,"16":0,"17":0,"18":0,"19":0,"20":0,"21":0,"22":0,"23":0,"24":0,"25":0,"26":0,"27":0,"28":0,"29":0,"30":0,"31":0,"32":0,"33":0,"34":0,"35":8,"36":8,"37":8},"f":{"0":0,"1":0,"2":0},"b":{"0":[0,0],"1":[0,0],"2":[0,0],"3":[0,0],"4":[0,0],"5":[8,0],"6":[8,8]}}
,"C:\\Users\\doyen\\OneDrive\\Desktop\\Study3\\SDP\\Pull\\studynest\\backend\\src\\notifications\\notifications.controller.ts": {"path":"C:\\Users\\doyen\\OneDrive\\Desktop\\Study3\\SDP\\Pull\\studynest\\backend\\src\\notifications\\notifications.controller.ts","statementMap":{"0":{"start":{"line":1,"column":0},"end":{"line":1,"column":83}},"1":{"start":{"line":2,"column":0},"end":{"line":2,"column":63}},"2":{"start":{"line":5,"column":7},"end":{"line":31,"column":null}},"3":{"start":{"line":6,"column":34},"end":{"line":6,"column":51}},"4":{"start":{"line":11,"column":8},"end":{"line":11,"column":64}},"5":{"start":{"line":16,"column":8},"end":{"line":16,"column":61}},"6":{"start":{"line":21,"column":8},"end":{"line":21,"column":51}},"7":{"start":{"line":27,"column":8},"end":{"line":27,"column":63}},"8":{"start":{"line":5,"column":13},"end":{"line":5,"column":36}},"9":{"start":{"line":9,"column":10},"end":{"line":12,"column":null}},"10":{"start":{"line":14,"column":10},"end":{"line":17,"column":null}},"11":{"start":{"line":19,"column":10},"end":{"line":22,"column":null}},"12":{"start":{"line":25,"column":10},"end":{"line":28,"column":null}},"13":{"start":{"line":5,"column":13},"end":{"line":31,"column":null}}},"fnMap":{"0":{"name":"(anonymous_4)","decl":{"start":{"line":6,"column":4},"end":{"line":6,"column":34}},"loc":{"start":{"line":6,"column":71},"end":{"line":6,"column":74}}},"1":{"name":"(anonymous_5)","decl":{"start":{"line":9,"column":10},"end":{"line":9,"column":16}},"loc":{"start":{"line":9,"column":16},"end":{"line":12,"column":5}}},"2":{"name":"(anonymous_6)","decl":{"start":{"line":14,"column":10},"end":{"line":14,"column":26}},"loc":{"start":{"line":14,"column":57},"end":{"line":17,"column":5}}},"3":{"name":"(anonymous_7)","decl":{"start":{"line":19,"column":10},"end":{"line":19,"column":20}},"loc":{"start":{"line":19,"column":43},"end":{"line":22,"column":5}}},"4":{"name":"(anonymous_8)","decl":{"start":{"line":25,"column":10},"end":{"line":25,"column":28}},"loc":{"start":{"line":25,"column":59},"end":{"line":28,"column":5}}}},"branchMap":{"0":{"loc":{"start":{"line":6,"column":51},"end":{"line":6,"column":73}},"type":"cond-expr","locations":[{"start":{"line":6,"column":71},"end":{"line":6,"column":73}},{"start":{"line":6,"column":71},"end":{"line":6,"column":73}}]},"1":{"loc":{"start":{"line":6,"column":51},"end":{"line":6,"column":71}},"type":"binary-expr","locations":[{"start":{"line":6,"column":51},"end":{"line":6,"column":73}},{"start":{"line":6,"column":51},"end":{"line":6,"column":71}}]}},"s":{"0":1,"1":1,"2":1,"3":5,"4":1,"5":1,"6":1,"7":1,"8":1,"9":1,"10":1,"11":1,"12":1,"13":1},"f":{"0":5,"1":1,"2":1,"3":1,"4":1},"b":{"0":[1,0],"1":[1,1]}}
,"C:\\Users\\doyen\\OneDrive\\Desktop\\Study3\\SDP\\Pull\\studynest\\backend\\src\\notifications\\notifications.service.ts": {"path":"C:\\Users\\doyen\\OneDrive\\Desktop\\Study3\\SDP\\Pull\\studynest\\backend\\src\\notifications\\notifications.service.ts","statementMap":{"0":{"start":{"line":1,"column":0},"end":{"line":1,"column":44}},"1":{"start":{"line":2,"column":0},"end":{"line":2,"column":57}},"2":{"start":{"line":3,"column":0},"end":{"line":3,"column":64}},"3":{"start":{"line":5,"column":7},"end":{"line":125,"column":null}},"4":{"start":{"line":6,"column":32},"end":{"line":6,"column":44}},"5":{"start":{"line":7,"column":27},"end":{"line":7,"column":34}},"6":{"start":{"line":12,"column":30},"end":{"line":16,"column":46}},"7":{"start":{"line":18,"column":8},"end":{"line":21,"column":9}},"8":{"start":{"line":20,"column":12},"end":{"line":20,"column":43}},"9":{"start":{"line":22,"column":8},"end":{"line":22,"column":null}},"10":{"start":{"line":30,"column":30},"end":{"line":35,"column":17}},"11":{"start":{"line":37,"column":8},"end":{"line":40,"column":9}},"12":{"start":{"line":39,"column":12},"end":{"line":39,"column":57}},"13":{"start":{"line":44,"column":42},"end":{"line":49,"column":17}},"14":{"start":{"line":51,"column":8},"end":{"line":63,"column":5}},"15":{"start":{"line":53,"column":12},"end":{"line":53,"column":47}},"16":{"start":{"line":56,"column":12},"end":{"line":60,"column":14}},"17":{"start":{"line":62,"column":10},"end":{"line":62,"column":22}},"18":{"start":{"line":71,"column":30},"end":{"line":76,"column":46}},"19":{"start":{"line":78,"column":8},"end":{"line":81,"column":9}},"20":{"start":{"line":80,"column":11},"end":{"line":80,"column":54}},"21":{"start":{"line":82,"column":8},"end":{"line":82,"column":null}},"22":{"start":{"line":89,"column":31},"end":{"line":94,"column":17}},"23":{"start":{"line":96,"column":8},"end":{"line":99,"column":9}},"24":{"start":{"line":98,"column":12},"end":{"line":98,"column":50}},"25":{"start":{"line":101,"column":8},"end":{"line":101,"column":25}},"26":{"start":{"line":106,"column":10},"end":{"line":109,"column":3}},"27":{"start":{"line":107,"column":4},"end":{"line":107,"column":51}},"28":{"start":{"line":108,"column":4},"end":{"line":108,"column":16}},"29":{"start":{"line":110,"column":29},"end":{"line":114,"column":29}},"30":{"start":{"line":116,"column":8},"end":{"line":120,"column":9}},"31":{"start":{"line":118,"column":12},"end":{"line":118,"column":44}},"32":{"start":{"line":122,"column":4},"end":{"line":122,"column":16}},"33":{"start":{"line":5,"column":13},"end":{"line":5,"column":33}},"34":{"start":{"line":5,"column":13},"end":{"line":125,"column":null}}},"fnMap":{"0":{"name":"(anonymous_2)","decl":{"start":{"line":6,"column":4},"end":{"line":6,"column":32}},"loc":{"start":{"line":7,"column":47},"end":{"line":8,"column":7}}},"1":{"name":"(anonymous_3)","decl":{"start":{"line":10,"column":4},"end":{"line":10,"column":9}},"loc":{"start":{"line":10,"column":29},"end":{"line":24,"column":5}}},"2":{"name":"(anonymous_4)","decl":{"start":{"line":28,"column":4},"end":{"line":28,"column":9}},"loc":{"start":{"line":28,"column":58},"end":{"line":64,"column":1}}},"3":{"name":"(anonymous_5)","decl":{"start":{"line":69,"column":4},"end":{"line":69,"column":9}},"loc":{"start":{"line":69,"column":40},"end":{"line":84,"column":5}}},"4":{"name":"(anonymous_6)","decl":{"start":{"line":87,"column":4},"end":{"line":87,"column":9}},"loc":{"start":{"line":87,"column":42},"end":{"line":102,"column":5}}},"5":{"name":"(anonymous_7)","decl":{"start":{"line":104,"column":4},"end":{"line":104,"column":9}},"loc":{"start":{"line":104,"column":42},"end":{"line":123,"column":5}}}},"branchMap":{"0":{"loc":{"start":{"line":18,"column":8},"end":{"line":21,"column":9}},"type":"if","locations":[{"start":{"line":18,"column":8},"end":{"line":21,"column":9}},{"start":{},"end":{}}]},"1":{"loc":{"start":{"line":37,"column":8},"end":{"line":40,"column":9}},"type":"if","locations":[{"start":{"line":37,"column":8},"end":{"line":40,"column":9}},{"start":{},"end":{}}]},"2":{"loc":{"start":{"line":51,"column":8},"end":{"line":63,"column":5}},"type":"if","locations":[{"start":{"line":51,"column":8},"end":{"line":63,"column":5}},{"start":{"line":55,"column":15},"end":{"line":63,"column":5}}]},"3":{"loc":{"start":{"line":78,"column":8},"end":{"line":81,"column":9}},"type":"if","locations":[{"start":{"line":78,"column":8},"end":{"line":81,"column":9}},{"start":{},"end":{}}]},"4":{"loc":{"start":{"line":96,"column":8},"end":{"line":99,"column":9}},"type":"if","locations":[{"start":{"line":96,"column":8},"end":{"line":99,"column":9}},{"start":{},"end":{}}]},"5":{"loc":{"start":{"line":106,"column":10},"end":{"line":109,"column":3}},"type":"if","locations":[{"start":{"line":106,"column":10},"end":{"line":109,"column":3}},{"start":{},"end":{}}]},"6":{"loc":{"start":{"line":116,"column":8},"end":{"line":120,"column":9}},"type":"if","locations":[{"start":{"line":116,"column":8},"end":{"line":120,"column":9}},{"start":{},"end":{}}]},"7":{"loc":{"start":{"line":6,"column":44},"end":{"line":6,"column":null}},"type":"cond-expr","locations":[{"start":{"line":6,"column":59},"end":{"line":6,"column":null}},{"start":{"line":6,"column":59},"end":{"line":6,"column":null}}]},"8":{"loc":{"start":{"line":6,"column":44},"end":{"line":6,"column":59}},"type":"binary-expr","locations":[{"start":{"line":6,"column":44},"end":{"line":6,"column":null}},{"start":{"line":6,"column":44},"end":{"line":6,"column":59}}]},"9":{"loc":{"start":{"line":6,"column":59},"end":{"line":7,"column":null}},"type":"cond-expr","locations":[{"start":{"line":7,"column":47},"end":{"line":7,"column":null}},{"start":{"line":7,"column":47},"end":{"line":7,"column":null}}]},"10":{"loc":{"start":{"line":6,"column":59},"end":{"line":7,"column":47}},"type":"binary-expr","locations":[{"start":{"line":6,"column":59},"end":{"line":7,"column":null}},{"start":{"line":7,"column":34},"end":{"line":7,"column":47}}]}},"s":{"0":4,"1":4,"2":4,"3":4,"4":5,"5":5,"6":1,"7":1,"8":0,"9":1,"10":1,"11":1,"12":0,"13":1,"14":1,"15":0,"16":1,"17":1,"18":0,"19":0,"20":0,"21":0,"22":1,"23":1,"24":0,"25":1,"26":1,"27":0,"28":0,"29":1,"30":1,"31":0,"32":1,"33":4,"34":4},"f":{"0":5,"1":1,"2":1,"3":0,"4":1,"5":1},"b":{"0":[0,1],"1":[0,1],"2":[0,1],"3":[0,0],"4":[0,1],"5":[0,1],"6":[0,1],"7":[4,0],"8":[4,4],"9":[4,0],"10":[4,4]}}
,"C:\\Users\\doyen\\OneDrive\\Desktop\\Study3\\SDP\\Pull\\studynest\\backend\\src\\progress\\progress.controller.ts": {"path":"C:\\Users\\doyen\\OneDrive\\Desktop\\Study3\\SDP\\Pull\\studynest\\backend\\src\\progress\\progress.controller.ts","statementMap":{"0":{"start":{"line":3,"column":0},"end":{"line":3,"column":110}},"1":{"start":{"line":4,"column":0},"end":{"line":4,"column":53}},"2":{"start":{"line":5,"column":0},"end":{"line":5,"column":56}},"3":{"start":{"line":6,"column":0},"end":{"line":6,"column":63}},"4":{"start":{"line":13,"column":7},"end":{"line":59,"column":null}},"5":{"start":{"line":14,"column":31},"end":{"line":14,"column":48}},"6":{"start":{"line":22,"column":4},"end":{"line":22,"column":60}},"7":{"start":{"line":29,"column":4},"end":{"line":29,"column":61}},"8":{"start":{"line":34,"column":4},"end":{"line":34,"column":49}},"9":{"start":{"line":39,"column":4},"end":{"line":39,"column":62}},"10":{"start":{"line":43,"column":4},"end":{"line":43,"column":62}},"11":{"start":{"line":48,"column":4},"end":{"line":48,"column":43}},"12":{"start":{"line":52,"column":4},"end":{"line":52,"column":55}},"13":{"start":{"line":57,"column":4},"end":{"line":57,"column":61}},"14":{"start":{"line":13,"column":13},"end":{"line":13,"column":31}},"15":{"start":{"line":17,"column":2},"end":{"line":23,"column":null}},"16":{"start":{"line":28,"column":2},"end":{"line":30,"column":null}},"17":{"start":{"line":33,"column":2},"end":{"line":35,"column":null}},"18":{"start":{"line":38,"column":2},"end":{"line":40,"column":null}},"19":{"start":{"line":42,"column":2},"end":{"line":44,"column":null}},"20":{"start":{"line":47,"column":2},"end":{"line":49,"column":null}},"21":{"start":{"line":51,"column":2},"end":{"line":53,"column":null}},"22":{"start":{"line":56,"column":2},"end":{"line":58,"column":null}},"23":{"start":{"line":13,"column":13},"end":{"line":59,"column":null}}},"fnMap":{"0":{"name":"(anonymous_4)","decl":{"start":{"line":14,"column":2},"end":{"line":14,"column":31}},"loc":{"start":{"line":14,"column":63},"end":{"line":14,"column":67}}},"1":{"name":"(anonymous_5)","decl":{"start":{"line":17,"column":2},"end":{"line":17,"column":8}},"loc":{"start":{"line":17,"column":63},"end":{"line":23,"column":3}}},"2":{"name":"(anonymous_6)","decl":{"start":{"line":28,"column":2},"end":{"line":28,"column":9}},"loc":{"start":{"line":28,"column":41},"end":{"line":30,"column":3}}},"3":{"name":"(anonymous_7)","decl":{"start":{"line":33,"column":2},"end":{"line":33,"column":13}},"loc":{"start":{"line":33,"column":44},"end":{"line":35,"column":3}}},"4":{"name":"(anonymous_8)","decl":{"start":{"line":38,"column":2},"end":{"line":38,"column":14}},"loc":{"start":{"line":38,"column":82},"end":{"line":40,"column":3}}},"5":{"name":"(anonymous_9)","decl":{"start":{"line":42,"column":2},"end":{"line":42,"column":8}},"loc":{"start":{"line":42,"column":66},"end":{"line":44,"column":3}}},"6":{"name":"(anonymous_10)","decl":{"start":{"line":47,"column":2},"end":{"line":47,"column":8}},"loc":{"start":{"line":47,"column":32},"end":{"line":49,"column":3}}},"7":{"name":"(anonymous_11)","decl":{"start":{"line":51,"column":2},"end":{"line":51,"column":16}},"loc":{"start":{"line":51,"column":48},"end":{"line":53,"column":3}}},"8":{"name":"(anonymous_12)","decl":{"start":{"line":56,"column":2},"end":{"line":56,"column":13}},"loc":{"start":{"line":56,"column":47},"end":{"line":58,"column":3}}}},"branchMap":{"0":{"loc":{"start":{"line":17,"column":33},"end":{"line":17,"column":50}},"type":"cond-expr","locations":[{"start":{"line":17,"column":47},"end":{"line":17,"column":50}},{"start":{"line":17,"column":47},"end":{"line":17,"column":50}}]},"1":{"loc":{"start":{"line":17,"column":33},"end":{"line":17,"column":47}},"type":"binary-expr","locations":[{"start":{"line":17,"column":33},"end":{"line":17,"column":50}},{"start":{"line":17,"column":33},"end":{"line":17,"column":47}}]},"2":{"loc":{"start":{"line":33,"column":27},"end":{"line":33,"column":null}},"type":"cond-expr","locations":[{"start":{"line":33,"column":44},"end":{"line":33,"column":null}},{"start":{"line":33,"column":44},"end":{"line":33,"column":null}}]},"3":{"loc":{"start":{"line":33,"column":27},"end":{"line":33,"column":44}},"type":"binary-expr","locations":[{"start":{"line":33,"column":27},"end":{"line":33,"column":null}},{"start":{"line":33,"column":27},"end":{"line":33,"column":44}}]},"4":{"loc":{"start":{"line":14,"column":48},"end":{"line":14,"column":66}},"type":"cond-expr","locations":[{"start":{"line":14,"column":63},"end":{"line":14,"column":66}},{"start":{"line":14,"column":63},"end":{"line":14,"column":66}}]},"5":{"loc":{"start":{"line":14,"column":48},"end":{"line":14,"column":63}},"type":"binary-expr","locations":[{"start":{"line":14,"column":48},"end":{"line":14,"column":66}},{"start":{"line":14,"column":48},"end":{"line":14,"column":63}}]}},"s":{"0":1,"1":1,"2":1,"3":1,"4":1,"5":11,"6":2,"7":1,"8":1,"9":2,"10":1,"11":1,"12":1,"13":1,"14":1,"15":1,"16":1,"17":1,"18":1,"19":1,"20":1,"21":1,"22":1,"23":1},"f":{"0":11,"1":2,"2":1,"3":1,"4":2,"5":1,"6":1,"7":1,"8":1},"b":{"0":[1,0],"1":[1,1],"2":[1,0],"3":[1,1],"4":[1,0],"5":[1,1]}}
,"C:\\Users\\doyen\\OneDrive\\Desktop\\Study3\\SDP\\Pull\\studynest\\backend\\src\\progress\\progress.service.ts": {"path":"C:\\Users\\doyen\\OneDrive\\Desktop\\Study3\\SDP\\Pull\\studynest\\backend\\src\\progress\\progress.service.ts","statementMap":{"0":{"start":{"line":3,"column":0},"end":{"line":3,"column":93}},"1":{"start":{"line":4,"column":0},"end":{"line":4,"column":63}},"2":{"start":{"line":10,"column":7},"end":{"line":160,"column":null}},"3":{"start":{"line":11,"column":31},"end":{"line":11,"column":48}},"4":{"start":{"line":15,"column":4},"end":{"line":15,"column":44}},"5":{"start":{"line":22,"column":38},"end":{"line":22,"column":52}},"6":{"start":{"line":24,"column":28},"end":{"line":33,"column":15}},"7":{"start":{"line":35,"column":4},"end":{"line":38,"column":5}},"8":{"start":{"line":36,"column":6},"end":{"line":36,"column":52}},"9":{"start":{"line":37,"column":6},"end":{"line":37,"column":87}},"10":{"start":{"line":39,"column":4},"end":{"line":39,"column":16}},"11":{"start":{"line":43,"column":28},"end":{"line":46,"column":28}},"12":{"start":{"line":48,"column":4},"end":{"line":51,"column":5}},"13":{"start":{"line":49,"column":6},"end":{"line":49,"column":53}},"14":{"start":{"line":50,"column":6},"end":{"line":50,"column":87}},"15":{"start":{"line":52,"column":4},"end":{"line":52,"column":16}},"16":{"start":{"line":56,"column":43},"end":{"line":56,"column":60}},"17":{"start":{"line":58,"column":26},"end":{"line":62,"column":13}},"18":{"start":{"line":64,"column":2},"end":{"line":67,"column":3}},"19":{"start":{"line":65,"column":4},"end":{"line":65,"column":52}},"20":{"start":{"line":66,"column":4},"end":{"line":66,"column":86}},"21":{"start":{"line":68,"column":2},"end":{"line":68,"column":14}},"22":{"start":{"line":74,"column":26},"end":{"line":74,"column":73}},"23":{"start":{"line":76,"column":14},"end":{"line":79,"column":26}},"24":{"start":{"line":81,"column":2},"end":{"line":83,"column":3}},"25":{"start":{"line":82,"column":4},"end":{"line":82,"column":42}},"26":{"start":{"line":85,"column":26},"end":{"line":85,"column":37}},"27":{"start":{"line":87,"column":2},"end":{"line":90,"column":3}},"28":{"start":{"line":88,"column":4},"end":{"line":88,"column":55}},"29":{"start":{"line":89,"column":4},"end":{"line":89,"column":89}},"30":{"start":{"line":92,"column":2},"end":{"line":92,"column":14}},"31":{"start":{"line":95,"column":69},"end":{"line":97,"column":4}},"32":{"start":{"line":100,"column":2},"end":{"line":102,"column":3}},"33":{"start":{"line":101,"column":4},"end":{"line":101,"column":60}},"34":{"start":{"line":104,"column":26},"end":{"line":108,"column":13}},"35":{"start":{"line":110,"column":2},"end":{"line":112,"column":3}},"36":{"start":{"line":111,"column":4},"end":{"line":111,"column":92}},"37":{"start":{"line":113,"column":2},"end":{"line":113,"column":14}},"38":{"start":{"line":118,"column":30},"end":{"line":121,"column":23}},"39":{"start":{"line":123,"column":2},"end":{"line":125,"column":3}},"40":{"start":{"line":124,"column":4},"end":{"line":124,"column":104}},"41":{"start":{"line":128,"column":32},"end":{"line":131,"column":17}},"42":{"start":{"line":133,"column":2},"end":{"line":135,"column":3}},"43":{"start":{"line":134,"column":4},"end":{"line":134,"column":90}},"44":{"start":{"line":137,"column":2},"end":{"line":137,"column":66}},"45":{"start":{"line":140,"column":28},"end":{"line":143,"column":28}},"46":{"start":{"line":145,"column":4},"end":{"line":145,"column":90}},"47":{"start":{"line":145,"column":17},"end":{"line":145,"column":88}},"48":{"start":{"line":147,"column":4},"end":{"line":147,"column":40}},"49":{"start":{"line":147,"column":28},"end":{"line":147,"column":38}},"50":{"start":{"line":151,"column":28},"end":{"line":152,"column":61}},"51":{"start":{"line":154,"column":4},"end":{"line":156,"column":82}},"52":{"start":{"line":155,"column":6},"end":{"line":155,"column":50}},"53":{"start":{"line":156,"column":6},"end":{"line":156,"column":80}},"54":{"start":{"line":157,"column":4},"end":{"line":157,"column":16}},"55":{"start":{"line":10,"column":13},"end":{"line":10,"column":28}},"56":{"start":{"line":10,"column":13},"end":{"line":160,"column":null}}},"fnMap":{"0":{"name":"(anonymous_2)","decl":{"start":{"line":11,"column":2},"end":{"line":11,"column":31}},"loc":{"start":{"line":11,"column":63},"end":{"line":11,"column":67}}},"1":{"name":"(anonymous_3)","decl":{"start":{"line":14,"column":2},"end":{"line":14,"column":14}},"loc":{"start":{"line":14,"column":22},"end":{"line":16,"column":3}}},"2":{"name":"(anonymous_4)","decl":{"start":{"line":20,"column":2},"end":{"line":20,"column":7}},"loc":{"start":{"line":20,"column":50},"end":{"line":40,"column":3}}},"3":{"name":"(anonymous_5)","decl":{"start":{"line":42,"column":2},"end":{"line":42,"column":7}},"loc":{"start":{"line":42,"column":43},"end":{"line":53,"column":3}}},"4":{"name":"(anonymous_6)","decl":{"start":{"line":55,"column":0},"end":{"line":55,"column":5}},"loc":{"start":{"line":55,"column":54},"end":{"line":69,"column":1}}},"5":{"name":"(anonymous_7)","decl":{"start":{"line":72,"column":0},"end":{"line":72,"column":5}},"loc":{"start":{"line":72,"column":51},"end":{"line":93,"column":1}}},"6":{"name":"(anonymous_8)","decl":{"start":{"line":94,"column":0},"end":{"line":94,"column":5}},"loc":{"start":{"line":94,"column":45},"end":{"line":114,"column":1}}},"7":{"name":"(anonymous_9)","decl":{"start":{"line":116,"column":2},"end":{"line":116,"column":7}},"loc":{"start":{"line":116,"column":25},"end":{"line":138,"column":1}}},"8":{"name":"(anonymous_10)","decl":{"start":{"line":139,"column":0},"end":{"line":139,"column":5}},"loc":{"start":{"line":139,"column":35},"end":{"line":148,"column":3}}},"9":{"name":"(anonymous_11)","decl":{"start":{"line":147,"column":20},"end":{"line":147,"column":24}},"loc":{"start":{"line":147,"column":28},"end":{"line":147,"column":38}}},"10":{"name":"(anonymous_12)","decl":{"start":{"line":150,"column":2},"end":{"line":150,"column":7}},"loc":{"start":{"line":150,"column":43},"end":{"line":158,"column":3}}}},"branchMap":{"0":{"loc":{"start":{"line":35,"column":4},"end":{"line":38,"column":5}},"type":"if","locations":[{"start":{"line":35,"column":4},"end":{"line":38,"column":5}},{"start":{},"end":{}}]},"1":{"loc":{"start":{"line":48,"column":4},"end":{"line":51,"column":5}},"type":"if","locations":[{"start":{"line":48,"column":4},"end":{"line":51,"column":5}},{"start":{},"end":{}}]},"2":{"loc":{"start":{"line":64,"column":2},"end":{"line":67,"column":3}},"type":"if","locations":[{"start":{"line":64,"column":2},"end":{"line":67,"column":3}},{"start":{},"end":{}}]},"3":{"loc":{"start":{"line":81,"column":2},"end":{"line":83,"column":3}},"type":"if","locations":[{"start":{"line":81,"column":2},"end":{"line":83,"column":3}},{"start":{},"end":{}}]},"4":{"loc":{"start":{"line":87,"column":2},"end":{"line":90,"column":3}},"type":"if","locations":[{"start":{"line":87,"column":2},"end":{"line":90,"column":3}},{"start":{},"end":{}}]},"5":{"loc":{"start":{"line":100,"column":2},"end":{"line":102,"column":3}},"type":"if","locations":[{"start":{"line":100,"column":2},"end":{"line":102,"column":3}},{"start":{},"end":{}}]},"6":{"loc":{"start":{"line":110,"column":2},"end":{"line":112,"column":3}},"type":"if","locations":[{"start":{"line":110,"column":2},"end":{"line":112,"column":3}},{"start":{},"end":{}}]},"7":{"loc":{"start":{"line":123,"column":2},"end":{"line":125,"column":3}},"type":"if","locations":[{"start":{"line":123,"column":2},"end":{"line":125,"column":3}},{"start":{},"end":{}}]},"8":{"loc":{"start":{"line":133,"column":2},"end":{"line":135,"column":3}},"type":"if","locations":[{"start":{"line":133,"column":2},"end":{"line":135,"column":3}},{"start":{},"end":{}}]},"9":{"loc":{"start":{"line":145,"column":4},"end":{"line":145,"column":90}},"type":"if","locations":[{"start":{"line":145,"column":4},"end":{"line":145,"column":90}},{"start":{},"end":{}}]},"10":{"loc":{"start":{"line":154,"column":4},"end":{"line":156,"column":82}},"type":"if","locations":[{"start":{"line":154,"column":4},"end":{"line":156,"column":82}},{"start":{},"end":{}}]},"11":{"loc":{"start":{"line":11,"column":48},"end":{"line":11,"column":66}},"type":"cond-expr","locations":[{"start":{"line":11,"column":63},"end":{"line":11,"column":66}},{"start":{"line":11,"column":63},"end":{"line":11,"column":66}}]},"12":{"loc":{"start":{"line":11,"column":48},"end":{"line":11,"column":63}},"type":"binary-expr","locations":[{"start":{"line":11,"column":48},"end":{"line":11,"column":66}},{"start":{"line":11,"column":48},"end":{"line":11,"column":63}}]}},"s":{"0":2,"1":2,"2":2,"3":17,"4":18,"5":2,"6":2,"7":2,"8":1,"9":1,"10":1,"11":1,"12":1,"13":0,"14":0,"15":1,"16":1,"17":1,"18":1,"19":0,"20":0,"21":1,"22":2,"23":2,"24":2,"25":1,"26":2,"27":2,"28":0,"29":0,"30":2,"31":3,"32":3,"33":1,"34":3,"35":3,"36":1,"37":2,"38":3,"39":3,"40":1,"41":2,"42":2,"43":1,"44":1,"45":2,"46":2,"47":1,"48":1,"49":2,"50":2,"51":2,"52":1,"53":1,"54":1,"55":2,"56":2},"f":{"0":17,"1":18,"2":2,"3":1,"4":1,"5":2,"6":3,"7":3,"8":2,"9":2,"10":2},"b":{"0":[1,1],"1":[0,1],"2":[0,1],"3":[1,1],"4":[0,2],"5":[1,2],"6":[1,2],"7":[1,2],"8":[1,1],"9":[1,1],"10":[1,1],"11":[2,0],"12":[2,2]}}
,"C:\\Users\\doyen\\OneDrive\\Desktop\\Study3\\SDP\\Pull\\studynest\\backend\\src\\progress\\dto\\create-study-log.dto.ts": {"path":"C:\\Users\\doyen\\OneDrive\\Desktop\\Study3\\SDP\\Pull\\studynest\\backend\\src\\progress\\dto\\create-study-log.dto.ts","statementMap":{"0":{"start":{"line":2,"column":0},"end":{"line":2,"column":13}}},"fnMap":{},"branchMap":{},"s":{"0":1},"f":{},"b":{}}
,"C:\\Users\\doyen\\OneDrive\\Desktop\\Study3\\SDP\\Pull\\studynest\\backend\\src\\progress\\dto\\create-topic.dto.ts": {"path":"C:\\Users\\doyen\\OneDrive\\Desktop\\Study3\\SDP\\Pull\\studynest\\backend\\src\\progress\\dto\\create-topic.dto.ts","statementMap":{"0":{"start":{"line":3,"column":0},"end":{"line":3,"column":13}}},"fnMap":{},"branchMap":{},"s":{"0":1},"f":{},"b":{}}
,"C:\\Users\\doyen\\OneDrive\\Desktop\\Study3\\SDP\\Pull\\studynest\\backend\\src\\reminder\\reminder.service.ts": {"path":"C:\\Users\\doyen\\OneDrive\\Desktop\\Study3\\SDP\\Pull\\studynest\\backend\\src\\reminder\\reminder.service.ts","statementMap":{"0":{"start":{"line":1,"column":0},"end":{"line":1,"column":51}},"1":{"start":{"line":2,"column":0},"end":{"line":2,"column":40}},"2":{"start":{"line":3,"column":0},"end":{"line":3,"column":64}},"3":{"start":{"line":4,"column":0},"end":{"line":4,"column":58}},"4":{"start":{"line":6,"column":28},"end":{"line":92,"column":null}},"5":{"start":{"line":8,"column":26},"end":{"line":8,"column":58}},"6":{"start":{"line":11,"column":21},"end":{"line":11,"column":34}},"7":{"start":{"line":12,"column":21},"end":{"line":12,"column":29}},"8":{"start":{"line":18,"column":16},"end":{"line":18,"column":26}},"9":{"start":{"line":19,"column":24},"end":{"line":19,"column":59}},"10":{"start":{"line":20,"column":20},"end":{"line":20,"column":58}},"11":{"start":{"line":22,"column":34},"end":{"line":27,"column":45}},"12":{"start":{"line":29,"column":4},"end":{"line":33,"column":5}},"13":{"start":{"line":31,"column":8},"end":{"line":31,"column":68}},"14":{"start":{"line":35,"column":21},"end":{"line":35,"column":28}},"15":{"start":{"line":37,"column":4},"end":{"line":88,"column":5}},"16":{"start":{"line":40,"column":20},"end":{"line":40,"column":48}},"17":{"start":{"line":41,"column":21},"end":{"line":41,"column":52}},"18":{"start":{"line":42,"column":24},"end":{"line":42,"column":61}},"19":{"start":{"line":44,"column":46},"end":{"line":44,"column":50}},"20":{"start":{"line":45,"column":6},"end":{"line":45,"column":47}},"21":{"start":{"line":45,"column":27},"end":{"line":45,"column":47}},"22":{"start":{"line":46,"column":6},"end":{"line":46,"column":49}},"23":{"start":{"line":46,"column":28},"end":{"line":46,"column":49}},"24":{"start":{"line":48,"column":6},"end":{"line":48,"column":34}},"25":{"start":{"line":48,"column":25},"end":{"line":48,"column":34}},"26":{"start":{"line":51,"column":51},"end":{"line":55,"column":41}},"27":{"start":{"line":57,"column":6},"end":{"line":60,"column":7}},"28":{"start":{"line":58,"column":8},"end":{"line":58,"column":83}},"29":{"start":{"line":59,"column":8},"end":{"line":59,"column":17}},"30":{"start":{"line":63,"column":6},"end":{"line":87,"column":7}},"31":{"start":{"line":64,"column":53},"end":{"line":69,"column":19}},"32":{"start":{"line":71,"column":8},"end":{"line":86,"column":9}},"33":{"start":{"line":72,"column":10},"end":{"line":81,"column":12}},"34":{"start":{"line":83,"column":10},"end":{"line":85,"column":12}},"35":{"start":{"line":6,"column":13},"end":{"line":6,"column":28}},"36":{"start":{"line":16,"column":6},"end":{"line":90,"column":null}},"37":{"start":{"line":6,"column":13},"end":{"line":92,"column":null}}},"fnMap":{"0":{"name":"(anonymous_2)","decl":{"start":{"line":10,"column":0},"end":{"line":10,"column":null}},"loc":{"start":{"line":12,"column":42},"end":{"line":13,"column":3}}},"1":{"name":"(anonymous_3)","decl":{"start":{"line":16,"column":6},"end":{"line":16,"column":18}},"loc":{"start":{"line":16,"column":18},"end":{"line":90,"column":1}}}},"branchMap":{"0":{"loc":{"start":{"line":29,"column":4},"end":{"line":33,"column":5}},"type":"if","locations":[{"start":{"line":29,"column":4},"end":{"line":33,"column":5}},{"start":{},"end":{}}]},"1":{"loc":{"start":{"line":37,"column":26},"end":{"line":37,"column":40}},"type":"binary-expr","locations":[{"start":{"line":37,"column":26},"end":{"line":37,"column":34}},{"start":{"line":37,"column":38},"end":{"line":37,"column":40}}]},"2":{"loc":{"start":{"line":45,"column":6},"end":{"line":45,"column":47}},"type":"if","locations":[{"start":{"line":45,"column":6},"end":{"line":45,"column":47}},{"start":{},"end":{}}]},"3":{"loc":{"start":{"line":46,"column":6},"end":{"line":46,"column":49}},"type":"if","locations":[{"start":{"line":46,"column":6},"end":{"line":46,"column":49}},{"start":{},"end":{}}]},"4":{"loc":{"start":{"line":48,"column":6},"end":{"line":48,"column":34}},"type":"if","locations":[{"start":{"line":48,"column":6},"end":{"line":48,"column":34}},{"start":{},"end":{}}]},"5":{"loc":{"start":{"line":57,"column":6},"end":{"line":60,"column":7}},"type":"if","locations":[{"start":{"line":57,"column":6},"end":{"line":60,"column":7}},{"start":{},"end":{}}]},"6":{"loc":{"start":{"line":71,"column":8},"end":{"line":86,"column":9}},"type":"if","locations":[{"start":{"line":71,"column":8},"end":{"line":86,"column":9}},{"start":{},"end":{}}]},"7":{"loc":{"start":{"line":71,"column":12},"end":{"line":71,"column":41}},"type":"binary-expr","locations":[{"start":{"line":71,"column":12},"end":{"line":71,"column":23}},{"start":{"line":71,"column":27},"end":{"line":71,"column":41}}]},"8":{"loc":{"start":{"line":75,"column":69},"end":{"line":75,"column":114}},"type":"cond-expr","locations":[{"start":{"line":75,"column":93},"end":{"line":75,"column":101}},{"start":{"line":75,"column":104},"end":{"line":75,"column":114}}]},"9":{"loc":{"start":{"line":11,"column":34},"end":{"line":11,"column":null}},"type":"cond-expr","locations":[{"start":{"line":11,"column":49},"end":{"line":11,"column":null}},{"start":{"line":11,"column":49},"end":{"line":11,"column":null}}]},"10":{"loc":{"start":{"line":11,"column":34},"end":{"line":11,"column":49}},"type":"binary-expr","locations":[{"start":{"line":11,"column":34},"end":{"line":11,"column":null}},{"start":{"line":11,"column":34},"end":{"line":11,"column":49}}]},"11":{"loc":{"start":{"line":11,"column":49},"end":{"line":12,"column":null}},"type":"cond-expr","locations":[{"start":{"line":12,"column":42},"end":{"line":12,"column":null}},{"start":{"line":12,"column":42},"end":{"line":12,"column":null}}]},"12":{"loc":{"start":{"line":11,"column":49},"end":{"line":12,"column":42}},"type":"binary-expr","locations":[{"start":{"line":11,"column":49},"end":{"line":12,"column":null}},{"start":{"line":12,"column":29},"end":{"line":12,"column":42}}]}},"s":{"0":1,"1":1,"2":1,"3":1,"4":1,"5":3,"6":3,"7":3,"8":1,"9":1,"10":1,"11":1,"12":1,"13":0,"14":1,"15":1,"16":0,"17":0,"18":0,"19":0,"20":0,"21":0,"22":0,"23":0,"24":0,"25":0,"26":0,"27":0,"28":0,"29":0,"30":0,"31":0,"32":0,"33":0,"34":0,"35":1,"36":1,"37":1},"f":{"0":3,"1":1},"b":{"0":[0,1],"1":[1,0],"2":[0,0],"3":[0,0],"4":[0,0],"5":[0,0],"6":[0,0],"7":[0,0],"8":[0,0],"9":[1,0],"10":[1,1],"11":[1,0],"12":[1,1]}}
,"C:\\Users\\doyen\\OneDrive\\Desktop\\Study3\\SDP\\Pull\\studynest\\backend\\src\\sessions\\sessions.controller.ts": {"path":"C:\\Users\\doyen\\OneDrive\\Desktop\\Study3\\SDP\\Pull\\studynest\\backend\\src\\sessions\\sessions.controller.ts","statementMap":{"0":{"start":{"line":1,"column":0},"end":{"line":1,"column":76}},"1":{"start":{"line":2,"column":0},"end":{"line":2,"column":53}},"2":{"start":{"line":4,"column":7},"end":{"line":40,"column":null}},"3":{"start":{"line":6,"column":33},"end":{"line":6,"column":45}},"4":{"start":{"line":11,"column":12},"end":{"line":11,"column":56}},"5":{"start":{"line":17,"column":12},"end":{"line":17,"column":63}},"6":{"start":{"line":23,"column":12},"end":{"line":23,"column":64}},"7":{"start":{"line":29,"column":16},"end":{"line":29,"column":65}},"8":{"start":{"line":38,"column":12},"end":{"line":38,"column":63}},"9":{"start":{"line":4,"column":13},"end":{"line":4,"column":31}},"10":{"start":{"line":9,"column":14},"end":{"line":12,"column":null}},"11":{"start":{"line":15,"column":14},"end":{"line":18,"column":null}},"12":{"start":{"line":21,"column":14},"end":{"line":24,"column":null}},"13":{"start":{"line":27,"column":18},"end":{"line":30,"column":null}},"14":{"start":{"line":33,"column":14},"end":{"line":39,"column":null}},"15":{"start":{"line":4,"column":13},"end":{"line":40,"column":null}}},"fnMap":{"0":{"name":"(anonymous_4)","decl":{"start":{"line":6,"column":4},"end":{"line":6,"column":33}},"loc":{"start":{"line":6,"column":60},"end":{"line":6,"column":63}}},"1":{"name":"(anonymous_5)","decl":{"start":{"line":9,"column":14},"end":{"line":9,"column":27}},"loc":{"start":{"line":9,"column":44},"end":{"line":12,"column":9}}},"2":{"name":"(anonymous_6)","decl":{"start":{"line":15,"column":14},"end":{"line":15,"column":31}},"loc":{"start":{"line":15,"column":64},"end":{"line":18,"column":9}}},"3":{"name":"(anonymous_7)","decl":{"start":{"line":21,"column":14},"end":{"line":21,"column":25}},"loc":{"start":{"line":21,"column":89},"end":{"line":24,"column":9}}},"4":{"name":"(anonymous_8)","decl":{"start":{"line":27,"column":18},"end":{"line":27,"column":31}},"loc":{"start":{"line":27,"column":68},"end":{"line":30,"column":13}}},"5":{"name":"(anonymous_9)","decl":{"start":{"line":33,"column":14},"end":{"line":33,"column":24}},"loc":{"start":{"line":35,"column":43},"end":{"line":39,"column":9}}}},"branchMap":{"0":{"loc":{"start":{"line":6,"column":45},"end":{"line":6,"column":62}},"type":"cond-expr","locations":[{"start":{"line":6,"column":60},"end":{"line":6,"column":62}},{"start":{"line":6,"column":60},"end":{"line":6,"column":62}}]},"1":{"loc":{"start":{"line":6,"column":45},"end":{"line":6,"column":60}},"type":"binary-expr","locations":[{"start":{"line":6,"column":45},"end":{"line":6,"column":62}},{"start":{"line":6,"column":45},"end":{"line":6,"column":60}}]}},"s":{"0":1,"1":1,"2":1,"3":6,"4":1,"5":1,"6":1,"7":1,"8":1,"9":1,"10":1,"11":1,"12":1,"13":1,"14":1,"15":1},"f":{"0":6,"1":1,"2":1,"3":1,"4":1,"5":1},"b":{"0":[1,0],"1":[1,1]}}
,"C:\\Users\\doyen\\OneDrive\\Desktop\\Study3\\SDP\\Pull\\studynest\\backend\\src\\sessions\\sessions.service.ts": {"path":"C:\\Users\\doyen\\OneDrive\\Desktop\\Study3\\SDP\\Pull\\studynest\\backend\\src\\sessions\\sessions.service.ts","statementMap":{"0":{"start":{"line":1,"column":0},"end":{"line":1,"column":44}},"1":{"start":{"line":2,"column":0},"end":{"line":2,"column":64}},"2":{"start":{"line":3,"column":0},"end":{"line":3,"column":58}},"3":{"start":{"line":4,"column":0},"end":{"line":4,"column":33}},"4":{"start":{"line":7,"column":7},"end":{"line":171,"column":null}},"5":{"start":{"line":9,"column":34},"end":{"line":9,"column":46}},"6":{"start":{"line":10,"column":25},"end":{"line":10,"column":35}},"7":{"start":{"line":15,"column":4},"end":{"line":102,"column":5}},"8":{"start":{"line":21,"column":32},"end":{"line":33,"column":21}},"9":{"start":{"line":35,"column":8},"end":{"line":38,"column":9}},"10":{"start":{"line":36,"column":12},"end":{"line":36,"column":82}},"11":{"start":{"line":37,"column":12},"end":{"line":37,"column":24}},"12":{"start":{"line":40,"column":24},"end":{"line":40,"column":33}},"13":{"start":{"line":43,"column":51},"end":{"line":47,"column":42}},"14":{"start":{"line":49,"column":8},"end":{"line":52,"column":9}},"15":{"start":{"line":50,"column":12},"end":{"line":50,"column":69}},"16":{"start":{"line":51,"column":12},"end":{"line":51,"column":27}},"17":{"start":{"line":56,"column":8},"end":{"line":96,"column":9}},"18":{"start":{"line":57,"column":12},"end":{"line":65,"column":20}},"19":{"start":{"line":67,"column":57},"end":{"line":72,"column":25}},"20":{"start":{"line":74,"column":12},"end":{"line":95,"column":13}},"21":{"start":{"line":76,"column":38},"end":{"line":76,"column":102}},"22":{"start":{"line":77,"column":38},"end":{"line":77,"column":99}},"23":{"start":{"line":79,"column":46},"end":{"line":79,"column":74}},"24":{"start":{"line":80,"column":51},"end":{"line":80,"column":74}},"25":{"start":{"line":81,"column":51},"end":{"line":81,"column":72}},"26":{"start":{"line":84,"column":16},"end":{"line":94,"column":22}},"27":{"start":{"line":98,"column":8},"end":{"line":98,"column":23}},"28":{"start":{"line":100,"column":8},"end":{"line":100,"column":63}},"29":{"start":{"line":101,"column":8},"end":{"line":101,"column":18}},"30":{"start":{"line":107,"column":29},"end":{"line":111,"column":31}},"31":{"start":{"line":113,"column":8},"end":{"line":116,"column":9}},"32":{"start":{"line":115,"column":12},"end":{"line":115,"column":48}},"33":{"start":{"line":118,"column":8},"end":{"line":118,"column":20}},"34":{"start":{"line":124,"column":23},"end":{"line":128,"column":27}},"35":{"start":{"line":130,"column":8},"end":{"line":135,"column":13}},"36":{"start":{"line":133,"column":16},"end":{"line":133,"column":null}},"37":{"start":{"line":134,"column":16},"end":{"line":134,"column":23}},"38":{"start":{"line":140,"column":23},"end":{"line":145,"column":29}},"39":{"start":{"line":147,"column":8},"end":{"line":150,"column":9}},"40":{"start":{"line":149,"column":12},"end":{"line":149,"column":59}},"41":{"start":{"line":155,"column":32},"end":{"line":161,"column":17}},"42":{"start":{"line":163,"column":8},"end":{"line":166,"column":9}},"43":{"start":{"line":165,"column":12},"end":{"line":165,"column":50}},"44":{"start":{"line":168,"column":8},"end":{"line":168,"column":20}},"45":{"start":{"line":7,"column":13},"end":{"line":7,"column":28}},"46":{"start":{"line":7,"column":13},"end":{"line":171,"column":null}}},"fnMap":{"0":{"name":"(anonymous_2)","decl":{"start":{"line":9,"column":4},"end":{"line":9,"column":34}},"loc":{"start":{"line":10,"column":48},"end":{"line":11,"column":7}}},"1":{"name":"(anonymous_3)","decl":{"start":{"line":12,"column":4},"end":{"line":12,"column":9}},"loc":{"start":{"line":12,"column":32},"end":{"line":103,"column":5}}},"2":{"name":"(anonymous_4)","decl":{"start":{"line":105,"column":4},"end":{"line":105,"column":9}},"loc":{"start":{"line":105,"column":42},"end":{"line":119,"column":5}}},"3":{"name":"(anonymous_5)","decl":{"start":{"line":121,"column":4},"end":{"line":121,"column":9}},"loc":{"start":{"line":121,"column":40},"end":{"line":137,"column":5}}},"4":{"name":"(anonymous_6)","decl":{"start":{"line":138,"column":4},"end":{"line":138,"column":9}},"loc":{"start":{"line":138,"column":50},"end":{"line":151,"column":5}}},"5":{"name":"(anonymous_7)","decl":{"start":{"line":153,"column":4},"end":{"line":153,"column":9}},"loc":{"start":{"line":153,"column":50},"end":{"line":169,"column":5}}}},"branchMap":{"0":{"loc":{"start":{"line":35,"column":8},"end":{"line":38,"column":9}},"type":"if","locations":[{"start":{"line":35,"column":8},"end":{"line":38,"column":9}},{"start":{},"end":{}}]},"1":{"loc":{"start":{"line":49,"column":8},"end":{"line":52,"column":9}},"type":"if","locations":[{"start":{"line":49,"column":8},"end":{"line":52,"column":9}},{"start":{},"end":{}}]},"2":{"loc":{"start":{"line":74,"column":12},"end":{"line":95,"column":13}},"type":"if","locations":[{"start":{"line":74,"column":12},"end":{"line":95,"column":13}},{"start":{},"end":{}}]},"3":{"loc":{"start":{"line":74,"column":16},"end":{"line":74,"column":45}},"type":"binary-expr","locations":[{"start":{"line":74,"column":16},"end":{"line":74,"column":27}},{"start":{"line":74,"column":31},"end":{"line":74,"column":45}}]},"4":{"loc":{"start":{"line":113,"column":8},"end":{"line":116,"column":9}},"type":"if","locations":[{"start":{"line":113,"column":8},"end":{"line":116,"column":9}},{"start":{},"end":{}}]},"5":{"loc":{"start":{"line":130,"column":8},"end":{"line":135,"column":13}},"type":"if","locations":[{"start":{"line":130,"column":8},"end":{"line":135,"column":13}},{"start":{},"end":{}}]},"6":{"loc":{"start":{"line":147,"column":8},"end":{"line":150,"column":9}},"type":"if","locations":[{"start":{"line":147,"column":8},"end":{"line":150,"column":9}},{"start":{},"end":{}}]},"7":{"loc":{"start":{"line":163,"column":8},"end":{"line":166,"column":9}},"type":"if","locations":[{"start":{"line":163,"column":8},"end":{"line":166,"column":9}},{"start":{},"end":{}}]},"8":{"loc":{"start":{"line":9,"column":46},"end":{"line":9,"column":null}},"type":"cond-expr","locations":[{"start":{"line":9,"column":61},"end":{"line":9,"column":null}},{"start":{"line":9,"column":61},"end":{"line":9,"column":null}}]},"9":{"loc":{"start":{"line":9,"column":46},"end":{"line":9,"column":61}},"type":"binary-expr","locations":[{"start":{"line":9,"column":46},"end":{"line":9,"column":null}},{"start":{"line":9,"column":46},"end":{"line":9,"column":61}}]},"10":{"loc":{"start":{"line":9,"column":61},"end":{"line":10,"column":null}},"type":"cond-expr","locations":[{"start":{"line":10,"column":48},"end":{"line":10,"column":null}},{"start":{"line":10,"column":48},"end":{"line":10,"column":null}}]},"11":{"loc":{"start":{"line":9,"column":61},"end":{"line":10,"column":48}},"type":"binary-expr","locations":[{"start":{"line":9,"column":61},"end":{"line":10,"column":null}},{"start":{"line":10,"column":35},"end":{"line":10,"column":48}}]}},"s":{"0":2,"1":2,"2":2,"3":2,"4":2,"5":6,"6":6,"7":0,"8":0,"9":0,"10":0,"11":0,"12":0,"13":0,"14":0,"15":0,"16":0,"17":0,"18":0,"19":0,"20":0,"21":0,"22":0,"23":0,"24":0,"25":0,"26":0,"27":0,"28":0,"29":0,"30":1,"31":1,"32":0,"33":1,"34":1,"35":1,"36":0,"37":0,"38":1,"39":0,"40":0,"41":1,"42":1,"43":0,"44":1,"45":2,"46":2},"f":{"0":6,"1":0,"2":1,"3":1,"4":1,"5":1},"b":{"0":[0,0],"1":[0,0],"2":[0,0],"3":[0,0],"4":[0,1],"5":[0,1],"6":[0,0],"7":[0,1],"8":[2,0],"9":[2,2],"10":[2,0],"11":[2,2]}}
,"C:\\Users\\doyen\\OneDrive\\Desktop\\Study3\\SDP\\Pull\\studynest\\backend\\src\\student_courses\\student_courses.controller.ts": {"path":"C:\\Users\\doyen\\OneDrive\\Desktop\\Study3\\SDP\\Pull\\studynest\\backend\\src\\student_courses\\student_courses.controller.ts","statementMap":{"0":{"start":{"line":1,"column":0},"end":{"line":1,"column":68}},"1":{"start":{"line":2,"column":0},"end":{"line":2,"column":66}},"2":{"start":{"line":5,"column":7},"end":{"line":28,"column":null}},"3":{"start":{"line":6,"column":22},"end":{"line":6,"column":45}},"4":{"start":{"line":11,"column":2},"end":{"line":11,"column":65}},"5":{"start":{"line":22,"column":4},"end":{"line":25,"column":6}},"6":{"start":{"line":5,"column":13},"end":{"line":5,"column":37}},"7":{"start":{"line":10,"column":8},"end":{"line":12,"column":null}},"8":{"start":{"line":17,"column":8},"end":{"line":26,"column":null}},"9":{"start":{"line":5,"column":13},"end":{"line":28,"column":null}}},"fnMap":{"0":{"name":"(anonymous_4)","decl":{"start":{"line":6,"column":2},"end":{"line":6,"column":22}},"loc":{"start":{"line":6,"column":66},"end":{"line":6,"column":70}}},"1":{"name":"(anonymous_5)","decl":{"start":{"line":10,"column":8},"end":{"line":10,"column":19}},"loc":{"start":{"line":10,"column":51},"end":{"line":12,"column":1}}},"2":{"name":"(anonymous_6)","decl":{"start":{"line":17,"column":8},"end":{"line":17,"column":21}},"loc":{"start":{"line":18,"column":70},"end":{"line":26,"column":3}}}},"branchMap":{"0":{"loc":{"start":{"line":6,"column":45},"end":{"line":6,"column":69}},"type":"cond-expr","locations":[{"start":{"line":6,"column":66},"end":{"line":6,"column":69}},{"start":{"line":6,"column":66},"end":{"line":6,"column":69}}]},"1":{"loc":{"start":{"line":6,"column":45},"end":{"line":6,"column":66}},"type":"binary-expr","locations":[{"start":{"line":6,"column":45},"end":{"line":6,"column":69}},{"start":{"line":6,"column":45},"end":{"line":6,"column":66}}]}},"s":{"0":1,"1":1,"2":1,"3":0,"4":0,"5":0,"6":1,"7":1,"8":1,"9":1},"f":{"0":0,"1":0,"2":0},"b":{"0":[1,0],"1":[1,1]}}
,"C:\\Users\\doyen\\OneDrive\\Desktop\\Study3\\SDP\\Pull\\studynest\\backend\\src\\student_courses\\student_courses.service.ts": {"path":"C:\\Users\\doyen\\OneDrive\\Desktop\\Study3\\SDP\\Pull\\studynest\\backend\\src\\student_courses\\student_courses.service.ts","statementMap":{"0":{"start":{"line":1,"column":0},"end":{"line":1,"column":44}},"1":{"start":{"line":2,"column":0},"end":{"line":2,"column":63}},"2":{"start":{"line":5,"column":7},"end":{"line":99,"column":null}},"3":{"start":{"line":6,"column":22},"end":{"line":6,"column":39}},"4":{"start":{"line":9,"column":21},"end":{"line":9,"column":53}},"5":{"start":{"line":12,"column":53},"end":{"line":15,"column":38}},"6":{"start":{"line":17,"column":4},"end":{"line":17,"column":41}},"7":{"start":{"line":17,"column":22},"end":{"line":17,"column":41}},"8":{"start":{"line":19,"column":22},"end":{"line":19,"column":55}},"9":{"start":{"line":19,"column":43},"end":{"line":19,"column":54}},"10":{"start":{"line":21,"column":4},"end":{"line":23,"column":5}},"11":{"start":{"line":22,"column":6},"end":{"line":22,"column":16}},"12":{"start":{"line":26,"column":58},"end":{"line":30,"column":39}},"13":{"start":{"line":32,"column":4},"end":{"line":32,"column":37}},"14":{"start":{"line":32,"column":20},"end":{"line":32,"column":37}},"15":{"start":{"line":35,"column":18},"end":{"line":45,"column":8}},"16":{"start":{"line":36,"column":16},"end":{"line":36,"column":30}},"17":{"start":{"line":37,"column":4},"end":{"line":42,"column":5}},"18":{"start":{"line":38,"column":6},"end":{"line":41,"column":8}},"19":{"start":{"line":43,"column":4},"end":{"line":43,"column":39}},"20":{"start":{"line":44,"column":4},"end":{"line":44,"column":15}},"21":{"start":{"line":47,"column":2},"end":{"line":47,"column":32}},"22":{"start":{"line":51,"column":2},"end":{"line":53,"column":3}},"23":{"start":{"line":52,"column":4},"end":{"line":52,"column":58}},"24":{"start":{"line":55,"column":19},"end":{"line":55,"column":51}},"25":{"start":{"line":58,"column":30},"end":{"line":58,"column":32}},"26":{"start":{"line":60,"column":2},"end":{"line":88,"column":3}},"27":{"start":{"line":62,"column":56},"end":{"line":66,"column":15}},"28":{"start":{"line":68,"column":4},"end":{"line":70,"column":5}},"29":{"start":{"line":69,"column":6},"end":{"line":69,"column":23}},"30":{"start":{"line":73,"column":4},"end":{"line":85,"column":5}},"31":{"start":{"line":74,"column":6},"end":{"line":74,"column":35}},"32":{"start":{"line":77,"column":54},"end":{"line":81,"column":17}},"33":{"start":{"line":83,"column":6},"end":{"line":83,"column":41}},"34":{"start":{"line":83,"column":23},"end":{"line":83,"column":41}},"35":{"start":{"line":84,"column":6},"end":{"line":84,"column":30}},"36":{"start":{"line":87,"column":4},"end":{"line":87,"column":29}},"37":{"start":{"line":91,"column":26},"end":{"line":93,"column":76}},"38":{"start":{"line":93,"column":33},"end":{"line":93,"column":73}},"39":{"start":{"line":95,"column":2},"end":{"line":95,"column":25}},"40":{"start":{"line":95,"column":13},"end":{"line":95,"column":25}},"41":{"start":{"line":96,"column":2},"end":{"line":96,"column":14}},"42":{"start":{"line":5,"column":13},"end":{"line":5,"column":34}},"43":{"start":{"line":5,"column":13},"end":{"line":99,"column":null}}},"fnMap":{"0":{"name":"(anonymous_2)","decl":{"start":{"line":6,"column":2},"end":{"line":6,"column":22}},"loc":{"start":{"line":6,"column":54},"end":{"line":6,"column":58}}},"1":{"name":"(anonymous_3)","decl":{"start":{"line":8,"column":2},"end":{"line":8,"column":7}},"loc":{"start":{"line":8,"column":50},"end":{"line":48,"column":3}}},"2":{"name":"(anonymous_4)","decl":{"start":{"line":19,"column":36},"end":{"line":19,"column":37}},"loc":{"start":{"line":19,"column":43},"end":{"line":19,"column":54}}},"3":{"name":"(anonymous_5)","decl":{"start":{"line":35,"column":42},"end":{"line":35,"column":43}},"loc":{"start":{"line":35,"column":55},"end":{"line":45,"column":3}}},"4":{"name":"(anonymous_6)","decl":{"start":{"line":50,"column":0},"end":{"line":50,"column":5}},"loc":{"start":{"line":50,"column":98},"end":{"line":97,"column":1}}},"5":{"name":"(anonymous_7)","decl":{"start":{"line":93,"column":26},"end":{"line":93,"column":28}},"loc":{"start":{"line":93,"column":33},"end":{"line":93,"column":73}}}},"branchMap":{"0":{"loc":{"start":{"line":17,"column":4},"end":{"line":17,"column":41}},"type":"if","locations":[{"start":{"line":17,"column":4},"end":{"line":17,"column":41}},{"start":{},"end":{}}]},"1":{"loc":{"start":{"line":21,"column":4},"end":{"line":23,"column":5}},"type":"if","locations":[{"start":{"line":21,"column":4},"end":{"line":23,"column":5}},{"start":{},"end":{}}]},"2":{"loc":{"start":{"line":32,"column":4},"end":{"line":32,"column":37}},"type":"if","locations":[{"start":{"line":32,"column":4},"end":{"line":32,"column":37}},{"start":{},"end":{}}]},"3":{"loc":{"start":{"line":37,"column":4},"end":{"line":42,"column":5}},"type":"if","locations":[{"start":{"line":37,"column":4},"end":{"line":42,"column":5}},{"start":{},"end":{}}]},"4":{"loc":{"start":{"line":51,"column":2},"end":{"line":53,"column":3}},"type":"if","locations":[{"start":{"line":51,"column":2},"end":{"line":53,"column":3}},{"start":{},"end":{}}]},"5":{"loc":{"start":{"line":51,"column":6},"end":{"line":51,"column":52}},"type":"binary-expr","locations":[{"start":{"line":51,"column":6},"end":{"line":51,"column":16}},{"start":{"line":51,"column":20},"end":{"line":51,"column":28}},{"start":{"line":51,"column":32},"end":{"line":51,"column":52}}]},"6":{"loc":{"start":{"line":68,"column":4},"end":{"line":70,"column":5}},"type":"if","locations":[{"start":{"line":68,"column":4},"end":{"line":70,"column":5}},{"start":{},"end":{}}]},"7":{"loc":{"start":{"line":68,"column":8},"end":{"line":68,"column":52}},"type":"binary-expr","locations":[{"start":{"line":68,"column":8},"end":{"line":68,"column":18}},{"start":{"line":68,"column":22},"end":{"line":68,"column":52}}]},"8":{"loc":{"start":{"line":73,"column":4},"end":{"line":85,"column":5}},"type":"if","locations":[{"start":{"line":73,"column":4},"end":{"line":85,"column":5}},{"start":{"line":75,"column":11},"end":{"line":85,"column":5}}]},"9":{"loc":{"start":{"line":83,"column":6},"end":{"line":83,"column":41}},"type":"if","locations":[{"start":{"line":83,"column":6},"end":{"line":83,"column":41}},{"start":{},"end":{}}]},"10":{"loc":{"start":{"line":95,"column":2},"end":{"line":95,"column":25}},"type":"if","locations":[{"start":{"line":95,"column":2},"end":{"line":95,"column":25}},{"start":{},"end":{}}]},"11":{"loc":{"start":{"line":6,"column":39},"end":{"line":6,"column":57}},"type":"cond-expr","locations":[{"start":{"line":6,"column":54},"end":{"line":6,"column":57}},{"start":{"line":6,"column":54},"end":{"line":6,"column":57}}]},"12":{"loc":{"start":{"line":6,"column":39},"end":{"line":6,"column":54}},"type":"binary-expr","locations":[{"start":{"line":6,"column":39},"end":{"line":6,"column":57}},{"start":{"line":6,"column":39},"end":{"line":6,"column":54}}]}},"s":{"0":2,"1":2,"2":2,"3":0,"4":0,"5":0,"6":0,"7":0,"8":0,"9":0,"10":0,"11":0,"12":0,"13":0,"14":0,"15":0,"16":0,"17":0,"18":0,"19":0,"20":0,"21":0,"22":0,"23":0,"24":0,"25":0,"26":0,"27":0,"28":0,"29":0,"30":0,"31":0,"32":0,"33":0,"34":0,"35":0,"36":0,"37":0,"38":0,"39":0,"40":0,"41":0,"42":2,"43":2},"f":{"0":0,"1":0,"2":0,"3":0,"4":0,"5":0},"b":{"0":[0,0],"1":[0,0],"2":[0,0],"3":[0,0],"4":[0,0],"5":[0,0,0],"6":[0,0],"7":[0,0],"8":[0,0],"9":[0,0],"10":[0,0],"11":[2,0],"12":[2,2]}}
,"C:\\Users\\doyen\\OneDrive\\Desktop\\Study3\\SDP\\Pull\\studynest\\backend\\src\\students\\students.controller.ts": {"path":"C:\\Users\\doyen\\OneDrive\\Desktop\\Study3\\SDP\\Pull\\studynest\\backend\\src\\students\\students.controller.ts","statementMap":{"0":{"start":{"line":2,"column":0},"end":{"line":2,"column":95}},"1":{"start":{"line":3,"column":0},"end":{"line":3,"column":53}},"2":{"start":{"line":4,"column":0},"end":{"line":4,"column":59}},"3":{"start":{"line":7,"column":0},"end":{"line":7,"column":39}},"4":{"start":{"line":10,"column":7},"end":{"line":43,"column":null}},"5":{"start":{"line":11,"column":31},"end":{"line":11,"column":48}},"6":{"start":{"line":15,"column":4},"end":{"line":15,"column":55}},"7":{"start":{"line":22,"column":6},"end":{"line":22,"column":62}},"8":{"start":{"line":30,"column":6},"end":{"line":30,"column":64}},"9":{"start":{"line":40,"column":4},"end":{"line":40,"column":51}},"10":{"start":{"line":40,"column":15},"end":{"line":40,"column":51}},"11":{"start":{"line":41,"column":4},"end":{"line":41,"column":70}},"12":{"start":{"line":10,"column":13},"end":{"line":10,"column":31}},"13":{"start":{"line":14,"column":8},"end":{"line":16,"column":null}},"14":{"start":{"line":20,"column":10},"end":{"line":23,"column":null}},"15":{"start":{"line":28,"column":4},"end":{"line":31,"column":null}},"16":{"start":{"line":35,"column":8},"end":{"line":42,"column":null}},"17":{"start":{"line":10,"column":13},"end":{"line":43,"column":null}}},"fnMap":{"0":{"name":"(anonymous_4)","decl":{"start":{"line":11,"column":2},"end":{"line":11,"column":31}},"loc":{"start":{"line":11,"column":63},"end":{"line":11,"column":67}}},"1":{"name":"(anonymous_5)","decl":{"start":{"line":14,"column":8},"end":{"line":14,"column":15}},"loc":{"start":{"line":14,"column":15},"end":{"line":16,"column":3}}},"2":{"name":"(anonymous_6)","decl":{"start":{"line":20,"column":10},"end":{"line":20,"column":17}},"loc":{"start":{"line":20,"column":42},"end":{"line":23,"column":5}}},"3":{"name":"(anonymous_7)","decl":{"start":{"line":28,"column":4},"end":{"line":28,"column":18}},"loc":{"start":{"line":28,"column":67},"end":{"line":31,"column":5}}},"4":{"name":"(anonymous_8)","decl":{"start":{"line":35,"column":8},"end":{"line":35,"column":19}},"loc":{"start":{"line":37,"column":46},"end":{"line":42,"column":3}}}},"branchMap":{"0":{"loc":{"start":{"line":40,"column":4},"end":{"line":40,"column":51}},"type":"if","locations":[{"start":{"line":40,"column":4},"end":{"line":40,"column":51}},{"start":{},"end":{}}]},"1":{"loc":{"start":{"line":11,"column":48},"end":{"line":11,"column":66}},"type":"cond-expr","locations":[{"start":{"line":11,"column":63},"end":{"line":11,"column":66}},{"start":{"line":11,"column":63},"end":{"line":11,"column":66}}]},"2":{"loc":{"start":{"line":11,"column":48},"end":{"line":11,"column":63}},"type":"binary-expr","locations":[{"start":{"line":11,"column":48},"end":{"line":11,"column":66}},{"start":{"line":11,"column":48},"end":{"line":11,"column":63}}]}},"s":{"0":1,"1":1,"2":1,"3":1,"4":1,"5":6,"6":1,"7":1,"8":1,"9":2,"10":1,"11":1,"12":1,"13":1,"14":1,"15":1,"16":1,"17":1},"f":{"0":6,"1":1,"2":1,"3":1,"4":2},"b":{"0":[1,1],"1":[1,0],"2":[1,1]}}
,"C:\\Users\\doyen\\OneDrive\\Desktop\\Study3\\SDP\\Pull\\studynest\\backend\\src\\students\\students.service.ts": {"path":"C:\\Users\\doyen\\OneDrive\\Desktop\\Study3\\SDP\\Pull\\studynest\\backend\\src\\students\\students.service.ts","statementMap":{"0":{"start":{"line":2,"column":0},"end":{"line":2,"column":44}},"1":{"start":{"line":3,"column":0},"end":{"line":3,"column":63}},"2":{"start":{"line":7,"column":7},"end":{"line":102,"column":null}},"3":{"start":{"line":8,"column":31},"end":{"line":8,"column":48}},"4":{"start":{"line":11,"column":28},"end":{"line":14,"column":18}},"5":{"start":{"line":16,"column":4},"end":{"line":18,"column":5}},"6":{"start":{"line":17,"column":6},"end":{"line":17,"column":37}},"7":{"start":{"line":20,"column":4},"end":{"line":20,"column":16}},"8":{"start":{"line":25,"column":4},"end":{"line":37,"column":5}},"9":{"start":{"line":26,"column":25},"end":{"line":31,"column":13}},"10":{"start":{"line":33,"column":4},"end":{"line":33,"column":16}},"11":{"start":{"line":42,"column":28},"end":{"line":48,"column":15}},"12":{"start":{"line":50,"column":6},"end":{"line":53,"column":7}},"13":{"start":{"line":52,"column":10},"end":{"line":52,"column":42}},"14":{"start":{"line":55,"column":6},"end":{"line":55,"column":18}},"15":{"start":{"line":60,"column":18},"end":{"line":66,"column":13}},"16":{"start":{"line":68,"column":4},"end":{"line":68,"column":16}},"17":{"start":{"line":73,"column":8},"end":{"line":73,"column":66}},"18":{"start":{"line":73,"column":26},"end":{"line":73,"column":66}},"19":{"start":{"line":74,"column":19},"end":{"line":74,"column":71}},"20":{"start":{"line":75,"column":25},"end":{"line":79,"column":52}},"21":{"start":{"line":80,"column":7},"end":{"line":80,"column":69}},"22":{"start":{"line":80,"column":18},"end":{"line":80,"column":69}},"23":{"start":{"line":82,"column":30},"end":{"line":86,"column":27}},"24":{"start":{"line":87,"column":0},"end":{"line":87,"column":71}},"25":{"start":{"line":87,"column":27},"end":{"line":87,"column":71}},"26":{"start":{"line":88,"column":2},"end":{"line":88,"column":29}},"27":{"start":{"line":93,"column":26},"end":{"line":93,"column":40}},"28":{"start":{"line":94,"column":4},"end":{"line":98,"column":5}},"29":{"start":{"line":96,"column":23},"end":{"line":96,"column":62}},"30":{"start":{"line":97,"column":6},"end":{"line":97,"column":38}},"31":{"start":{"line":99,"column":4},"end":{"line":99,"column":47}},"32":{"start":{"line":7,"column":13},"end":{"line":7,"column":28}},"33":{"start":{"line":7,"column":13},"end":{"line":102,"column":null}}},"fnMap":{"0":{"name":"(anonymous_2)","decl":{"start":{"line":8,"column":2},"end":{"line":8,"column":31}},"loc":{"start":{"line":8,"column":63},"end":{"line":8,"column":67}}},"1":{"name":"(anonymous_3)","decl":{"start":{"line":10,"column":2},"end":{"line":10,"column":7}},"loc":{"start":{"line":10,"column":22},"end":{"line":21,"column":3}}},"2":{"name":"(anonymous_4)","decl":{"start":{"line":23,"column":2},"end":{"line":23,"column":7}},"loc":{"start":{"line":23,"column":37},"end":{"line":38,"column":3}}},"3":{"name":"(anonymous_5)","decl":{"start":{"line":40,"column":2},"end":{"line":40,"column":7}},"loc":{"start":{"line":40,"column":49},"end":{"line":56,"column":3}}},"4":{"name":"(anonymous_6)","decl":{"start":{"line":58,"column":2},"end":{"line":58,"column":7}},"loc":{"start":{"line":58,"column":67},"end":{"line":69,"column":3}}},"5":{"name":"(anonymous_7)","decl":{"start":{"line":71,"column":2},"end":{"line":71,"column":7}},"loc":{"start":{"line":71,"column":65},"end":{"line":89,"column":1}}},"6":{"name":"(anonymous_8)","decl":{"start":{"line":91,"column":0},"end":{"line":91,"column":5}},"loc":{"start":{"line":91,"column":96},"end":{"line":100,"column":1}}}},"branchMap":{"0":{"loc":{"start":{"line":16,"column":4},"end":{"line":18,"column":5}},"type":"if","locations":[{"start":{"line":16,"column":4},"end":{"line":18,"column":5}},{"start":{},"end":{}}]},"1":{"loc":{"start":{"line":50,"column":6},"end":{"line":53,"column":7}},"type":"if","locations":[{"start":{"line":50,"column":6},"end":{"line":53,"column":7}},{"start":{},"end":{}}]},"2":{"loc":{"start":{"line":73,"column":8},"end":{"line":73,"column":66}},"type":"if","locations":[{"start":{"line":73,"column":8},"end":{"line":73,"column":66}},{"start":{},"end":{}}]},"3":{"loc":{"start":{"line":80,"column":7},"end":{"line":80,"column":69}},"type":"if","locations":[{"start":{"line":80,"column":7},"end":{"line":80,"column":69}},{"start":{},"end":{}}]},"4":{"loc":{"start":{"line":87,"column":0},"end":{"line":87,"column":71}},"type":"if","locations":[{"start":{"line":87,"column":0},"end":{"line":87,"column":71}},{"start":{},"end":{}}]},"5":{"loc":{"start":{"line":94,"column":4},"end":{"line":98,"column":5}},"type":"if","locations":[{"start":{"line":94,"column":4},"end":{"line":98,"column":5}},{"start":{},"end":{}}]},"6":{"loc":{"start":{"line":8,"column":48},"end":{"line":8,"column":66}},"type":"cond-expr","locations":[{"start":{"line":8,"column":63},"end":{"line":8,"column":66}},{"start":{"line":8,"column":63},"end":{"line":8,"column":66}}]},"7":{"loc":{"start":{"line":8,"column":48},"end":{"line":8,"column":63}},"type":"binary-expr","locations":[{"start":{"line":8,"column":48},"end":{"line":8,"column":66}},{"start":{"line":8,"column":48},"end":{"line":8,"column":63}}]}},"s":{"0":2,"1":2,"2":2,"3":5,"4":1,"5":1,"6":0,"7":1,"8":1,"9":1,"10":1,"11":2,"12":2,"13":0,"14":2,"15":0,"16":0,"17":1,"18":0,"19":1,"20":1,"21":1,"22":0,"23":1,"24":1,"25":0,"26":1,"27":1,"28":1,"29":1,"30":1,"31":1,"32":2,"33":2},"f":{"0":5,"1":1,"2":1,"3":2,"4":0,"5":1,"6":1},"b":{"0":[0,1],"1":[0,2],"2":[0,1],"3":[0,1],"4":[0,1],"5":[1,0],"6":[2,0],"7":[2,2]}}
,"C:\\Users\\doyen\\OneDrive\\Desktop\\Study3\\SDP\\Pull\\studynest\\backend\\src\\supabase\\supabase.service.ts": {"path":"C:\\Users\\doyen\\OneDrive\\Desktop\\Study3\\SDP\\Pull\\studynest\\backend\\src\\supabase\\supabase.service.ts","statementMap":{"0":{"start":{"line":1,"column":0},"end":{"line":1,"column":44}},"1":{"start":{"line":2,"column":0},"end":{"line":2,"column":47}},"2":{"start":{"line":3,"column":0},"end":{"line":3,"column":69}},"3":{"start":{"line":6,"column":7},"end":{"line":23,"column":null}},"4":{"start":{"line":9,"column":22},"end":{"line":9,"column":37}},"5":{"start":{"line":10,"column":24},"end":{"line":10,"column":70}},"6":{"start":{"line":11,"column":24},"end":{"line":11,"column":70}},"7":{"start":{"line":13,"column":4},"end":{"line":15,"column":5}},"8":{"start":{"line":14,"column":6},"end":{"line":14,"column":79}},"9":{"start":{"line":17,"column":4},"end":{"line":17,"column":59}},"10":{"start":{"line":21,"column":4},"end":{"line":21,"column":25}},"11":{"start":{"line":6,"column":13},"end":{"line":6,"column":28}},"12":{"start":{"line":6,"column":13},"end":{"line":23,"column":null}}},"fnMap":{"0":{"name":"(anonymous_2)","decl":{"start":{"line":9,"column":2},"end":{"line":9,"column":22}},"loc":{"start":{"line":9,"column":50},"end":{"line":18,"column":3}}},"1":{"name":"(anonymous_3)","decl":{"start":{"line":20,"column":2},"end":{"line":20,"column":11}},"loc":{"start":{"line":20,"column":11},"end":{"line":22,"column":3}}}},"branchMap":{"0":{"loc":{"start":{"line":13,"column":4},"end":{"line":15,"column":5}},"type":"if","locations":[{"start":{"line":13,"column":4},"end":{"line":15,"column":5}},{"start":{},"end":{}}]},"1":{"loc":{"start":{"line":13,"column":8},"end":{"line":13,"column":36}},"type":"binary-expr","locations":[{"start":{"line":13,"column":8},"end":{"line":13,"column":20}},{"start":{"line":13,"column":24},"end":{"line":13,"column":36}}]},"2":{"loc":{"start":{"line":9,"column":37},"end":{"line":9,"column":null}},"type":"cond-expr","locations":[{"start":{"line":9,"column":50},"end":{"line":9,"column":null}},{"start":{"line":9,"column":50},"end":{"line":9,"column":null}}]},"3":{"loc":{"start":{"line":9,"column":37},"end":{"line":9,"column":50}},"type":"binary-expr","locations":[{"start":{"line":9,"column":37},"end":{"line":9,"column":null}},{"start":{"line":9,"column":37},"end":{"line":9,"column":50}}]}},"s":{"0":17,"1":17,"2":17,"3":17,"4":0,"5":0,"6":0,"7":0,"8":0,"9":0,"10":0,"11":17,"12":17},"f":{"0":0,"1":0},"b":{"0":[0,0],"1":[0,0],"2":[17,0],"3":[17,17]}}
}
