TN:
SF:src\app.controller.ts
FN:6,(anonymous_2)
FN:9,(anonymous_3)
FNF:2
FNH:2
FNDA:1,(anonymous_2)
FNDA:1,(anonymous_3)
DA:1,1
DA:2,1
DA:5,1
DA:6,1
DA:9,1
DA:10,1
LF:6
LH:6
BRDA:6,0,0,1
BRDA:6,0,1,0
BRDA:6,1,0,1
BRDA:6,1,1,1
BRF:4
BRH:3
end_of_record
TN:
SF:src\app.service.ts
FN:5,(anonymous_1)
FNF:1
FNH:1
FNDA:1,(anonymous_1)
DA:1,1
DA:4,1
DA:6,1
LF:3
LH:3
BRF:0
BRH:0
end_of_record
TN:
SF:src\chats\chats.controller.ts
FN:6,(anonymous_4)
FN:9,(anonymous_5)
FN:14,(anonymous_6)
FN:24,(anonymous_7)
FNF:4
FNH:0
FNDA:0,(anonymous_4)
FNDA:0,(anonymous_5)
FNDA:0,(anonymous_6)
FNDA:0,(anonymous_7)
DA:1,1
DA:2,1
DA:5,1
DA:6,0
DA:9,1
DA:10,0
DA:14,1
DA:15,0
DA:16,0
DA:17,0
DA:18,0
DA:20,0
DA:24,1
DA:25,0
DA:26,0
DA:27,0
DA:29,0
LF:17
LH:6
BRDA:17,0,0,0
BRDA:17,0,1,0
BRDA:26,1,0,0
BRDA:26,1,1,0
BRDA:6,2,0,1
BRDA:6,2,1,0
BRDA:6,3,0,1
BRDA:6,3,1,1
BRF:8
BRH:3
end_of_record
TN:
SF:src\chats\chats.service.ts
FN:6,(anonymous_2)
FN:8,(anonymous_3)
FN:27,(anonymous_4)
FNF:3
FNH:0
FNDA:0,(anonymous_2)
FNDA:0,(anonymous_3)
FNDA:0,(anonymous_4)
DA:1,2
DA:2,2
DA:5,2
DA:6,0
DA:9,0
DA:10,0
DA:13,0
DA:19,0
DA:20,0
DA:21,0
DA:24,0
DA:28,0
DA:30,0
DA:36,0
DA:37,0
DA:38,0
DA:41,0
LF:17
LH:3
BRDA:9,0,0,0
BRDA:9,0,1,0
BRDA:9,1,0,0
BRDA:9,1,1,0
BRDA:9,1,2,0
BRDA:19,2,0,0
BRDA:19,2,1,0
BRDA:28,3,0,0
BRDA:28,3,1,0
BRDA:36,4,0,0
BRDA:36,4,1,0
BRDA:6,5,0,2
BRDA:6,5,1,0
BRDA:6,6,0,2
BRDA:6,6,1,2
BRF:15
BRH:3
end_of_record
TN:
SF:src\files\files.controller.ts
FN:11,(anonymous_4)
FN:16,(anonymous_5)
FN:25,(anonymous_6)
FN:30,(anonymous_7)
FNF:4
FNH:4
FNDA:10,(anonymous_4)
FNDA:3,(anonymous_5)
FNDA:3,(anonymous_6)
FNDA:3,(anonymous_7)
DA:4,1
DA:5,1
DA:6,1
DA:10,1
DA:11,10
DA:16,1
DA:18,3
DA:21,3
DA:25,1
DA:26,3
DA:30,1
DA:32,3
DA:33,3
LF:13
LH:13
BRDA:11,0,0,1
BRDA:11,0,1,0
BRDA:11,1,0,1
BRDA:11,1,1,1
BRF:4
BRH:3
end_of_record
TN:
SF:src\files\files.service.ts
FN:11,(anonymous_2)
FN:21,(anonymous_3)
FN:73,(anonymous_4)
FN:102,(anonymous_5)
FNF:4
FNH:0
FNDA:0,(anonymous_2)
FNDA:0,(anonymous_3)
FNDA:0,(anonymous_4)
FNDA:0,(anonymous_5)
DA:1,1
DA:2,1
DA:4,1
DA:5,1
DA:8,1
DA:11,0
DA:13,0
DA:14,0
DA:15,0
DA:17,0
DA:22,0
DA:23,0
DA:24,0
DA:27,0
DA:28,0
DA:31,0
DA:32,0
DA:34,0
DA:40,0
DA:41,0
DA:42,0
DA:44,0
DA:46,0
DA:48,0
DA:61,0
DA:62,0
DA:63,0
DA:64,0
DA:67,0
DA:68,0
DA:74,0
DA:76,0
DA:77,0
DA:84,0
DA:85,0
DA:86,0
DA:89,0
DA:91,0
DA:95,0
DA:96,0
DA:97,0
DA:100,0
DA:103,0
DA:104,0
DA:107,0
DA:111,0
DA:114,0
DA:116,0
DA:119,0
DA:120,0
DA:121,0
DA:124,0
DA:125,0
DA:126,0
DA:128,0
DA:132,0
DA:134,0
LF:57
LH:5
BRDA:14,0,0,0
BRDA:14,0,1,0
BRDA:23,1,0,0
BRDA:23,1,1,0
BRDA:40,2,0,0
BRDA:40,2,1,0
BRDA:61,3,0,0
BRDA:61,3,1,0
BRDA:84,4,0,0
BRDA:84,4,1,0
BRDA:84,5,0,0
BRDA:84,5,1,0
BRDA:95,6,0,0
BRDA:95,6,1,0
BRDA:111,7,0,0
BRDA:111,7,1,0
BRDA:116,8,0,0
BRDA:116,8,1,0
BRDA:11,9,0,1
BRDA:11,9,1,0
BRDA:11,10,0,1
BRDA:11,10,1,1
BRF:22
BRH:3
end_of_record
TN:
SF:src\groups\groups.controller.ts
FN:7,(anonymous_4)
FN:11,(anonymous_5)
FN:17,(anonymous_6)
FN:23,(anonymous_7)
FN:32,(anonymous_8)
FN:39,(anonymous_9)
FN:45,(anonymous_10)
FNF:7
FNH:0
FNDA:0,(anonymous_4)
FNDA:0,(anonymous_5)
FNDA:0,(anonymous_6)
FNDA:0,(anonymous_7)
FNDA:0,(anonymous_8)
FNDA:0,(anonymous_9)
FNDA:0,(anonymous_10)
DA:1,1
DA:2,1
DA:3,1
DA:5,1
DA:7,0
DA:11,1
DA:13,0
DA:17,1
DA:19,0
DA:23,1
DA:24,0
DA:32,1
DA:35,0
DA:39,1
DA:41,0
DA:45,1
DA:49,0
LF:17
LH:10
BRDA:33,0,0,0
BRDA:23,1,0,1
BRDA:23,1,1,0
BRDA:23,2,0,1
BRDA:23,2,1,1
BRDA:7,3,0,1
BRDA:7,3,1,0
BRDA:7,4,0,1
BRDA:7,4,1,1
BRF:9
BRH:6
end_of_record
TN:
SF:src\groups\groups.service.ts
FN:7,(anonymous_2)
FN:10,(anonymous_3)
FN:26,(anonymous_4)
FN:41,(anonymous_5)
FN:98,(anonymous_6)
FN:115,(anonymous_7)
FN:132,(anonymous_8)
FNF:7
FNH:0
FNDA:0,(anonymous_2)
FNDA:0,(anonymous_3)
FNDA:0,(anonymous_4)
FNDA:0,(anonymous_5)
FNDA:0,(anonymous_6)
FNDA:0,(anonymous_7)
FNDA:0,(anonymous_8)
DA:1,2
DA:2,2
DA:3,2
DA:5,2
DA:7,0
DA:8,0
DA:12,0
DA:18,0
DA:20,0
DA:23,0
DA:28,0
DA:32,0
DA:34,0
DA:37,0
DA:43,0
DA:49,0
DA:51,0
DA:55,0
DA:62,0
DA:64,0
DA:67,0
DA:70,0
DA:76,0
DA:78,0
DA:80,0
DA:82,0
DA:84,0
DA:86,0
DA:94,0
DA:100,0
DA:106,0
DA:108,0
DA:111,0
DA:117,0
DA:123,0
DA:125,0
DA:128,0
DA:134,0
DA:143,0
DA:145,0
DA:147,0
LF:41
LH:4
BRDA:18,0,0,0
BRDA:18,0,1,0
BRDA:32,1,0,0
BRDA:32,1,1,0
BRDA:41,2,0,0
BRDA:49,3,0,0
BRDA:49,3,1,0
BRDA:62,4,0,0
BRDA:62,4,1,0
BRDA:76,5,0,0
BRDA:76,5,1,0
BRDA:80,6,0,0
BRDA:80,6,1,0
BRDA:84,7,0,0
BRDA:84,7,1,0
BRDA:106,8,0,0
BRDA:106,8,1,0
BRDA:123,9,0,0
BRDA:123,9,1,0
BRDA:143,10,0,0
BRDA:143,10,1,0
BRDA:7,11,0,2
BRDA:7,11,1,0
BRDA:7,12,0,2
BRDA:7,12,1,2
BRDA:7,13,0,2
BRDA:7,13,1,0
BRDA:7,14,0,2
BRDA:7,14,1,2
BRF:29
BRH:6
end_of_record
TN:
SF:src\groups\dto\create-group.dto\create-group.dto.ts
FNF:0
FNH:0
DA:1,1
LF:1
LH:1
BRF:0
BRH:0
end_of_record
TN:
SF:src\mailer\mailer.service.ts
FN:12,(anonymous_11)
FN:29,(anonymous_12)
FN:49,(anonymous_13)
FNF:3
FNH:0
FNDA:0,(anonymous_11)
FNDA:0,(anonymous_12)
FNDA:0,(anonymous_13)
DA:1,8
DA:2,8
DA:3,8
DA:4,8
DA:5,8
DA:7,8
DA:9,0
DA:13,0
DA:16,0
DA:31,0
DA:33,0
DA:41,0
DA:44,0
DA:45,0
DA:49,8
DA:51,0
DA:52,0
DA:53,0
DA:56,0
DA:63,0
DA:64,0
DA:65,0
DA:68,0
DA:69,0
DA:72,0
DA:74,0
DA:80,0
DA:81,0
DA:82,0
DA:84,0
DA:85,0
DA:92,0
DA:93,0
DA:94,0
DA:95,0
DA:97,0
LF:36
LH:7
BRDA:63,0,0,0
BRDA:63,0,1,0
BRDA:68,1,0,0
BRDA:68,1,1,0
BRDA:68,2,0,0
BRDA:68,2,1,0
BRDA:80,3,0,0
BRDA:80,3,1,0
BRDA:92,4,0,0
BRDA:92,4,1,0
BRDA:13,5,0,8
BRDA:13,5,1,0
BRDA:13,6,0,8
BRDA:13,6,1,8
BRF:14
BRH:3
end_of_record
TN:
SF:src\notifications\notifications.controller.ts
FN:6,(anonymous_4)
FN:9,(anonymous_5)
FN:14,(anonymous_6)
FN:19,(anonymous_7)
FN:25,(anonymous_8)
FNF:5
FNH:5
FNDA:5,(anonymous_4)
FNDA:1,(anonymous_5)
FNDA:1,(anonymous_6)
FNDA:1,(anonymous_7)
FNDA:1,(anonymous_8)
DA:1,1
DA:2,1
DA:5,1
DA:6,5
DA:9,1
DA:11,1
DA:14,1
DA:16,1
DA:19,1
DA:21,1
DA:25,1
DA:27,1
LF:12
LH:12
BRDA:6,0,0,1
BRDA:6,0,1,0
BRDA:6,1,0,1
BRDA:6,1,1,1
BRF:4
BRH:3
end_of_record
TN:
SF:src\notifications\notifications.service.ts
FN:6,(anonymous_2)
FN:10,(anonymous_3)
FN:28,(anonymous_4)
FN:69,(anonymous_5)
FN:87,(anonymous_6)
FN:104,(anonymous_7)
FNF:6
FNH:5
FNDA:5,(anonymous_2)
FNDA:1,(anonymous_3)
FNDA:1,(anonymous_4)
FNDA:0,(anonymous_5)
FNDA:1,(anonymous_6)
FNDA:1,(anonymous_7)
DA:1,4
DA:2,4
DA:3,4
DA:5,4
DA:6,5
DA:7,5
DA:12,1
DA:18,1
DA:20,0
DA:22,1
DA:30,1
DA:37,1
DA:39,0
DA:44,1
DA:51,1
DA:53,0
DA:56,1
DA:62,1
DA:71,0
DA:78,0
DA:80,0
DA:82,0
DA:89,1
DA:96,1
DA:98,0
DA:101,1
DA:106,1
DA:107,0
DA:108,0
DA:110,1
DA:116,1
DA:118,0
DA:122,1
LF:33
LH:22
BRDA:18,0,0,0
BRDA:18,0,1,1
BRDA:37,1,0,0
BRDA:37,1,1,1
BRDA:51,2,0,0
BRDA:51,2,1,1
BRDA:78,3,0,0
BRDA:78,3,1,0
BRDA:96,4,0,0
BRDA:96,4,1,1
BRDA:106,5,0,0
BRDA:106,5,1,1
BRDA:116,6,0,0
BRDA:116,6,1,1
BRDA:6,7,0,4
BRDA:6,7,1,0
BRDA:6,8,0,4
BRDA:6,8,1,4
BRDA:6,9,0,4
BRDA:6,9,1,0
BRDA:6,10,0,4
BRDA:6,10,1,4
BRF:22
BRH:12
end_of_record
TN:
SF:src\progress\progress.controller.ts
FN:14,(anonymous_4)
FN:17,(anonymous_5)
FN:28,(anonymous_6)
FN:33,(anonymous_7)
FN:38,(anonymous_8)
FN:42,(anonymous_9)
FN:47,(anonymous_10)
FN:51,(anonymous_11)
FN:56,(anonymous_12)
FNF:9
FNH:9
FNDA:11,(anonymous_4)
FNDA:2,(anonymous_5)
FNDA:1,(anonymous_6)
FNDA:1,(anonymous_7)
FNDA:2,(anonymous_8)
FNDA:1,(anonymous_9)
FNDA:1,(anonymous_10)
FNDA:1,(anonymous_11)
FNDA:1,(anonymous_12)
DA:3,1
DA:4,1
DA:5,1
DA:6,1
DA:13,1
DA:14,11
DA:17,1
DA:22,2
DA:28,1
DA:29,1
DA:33,1
DA:34,1
DA:38,1
DA:39,2
DA:42,1
DA:43,1
DA:47,1
DA:48,1
DA:51,1
DA:52,1
DA:56,1
DA:57,1
LF:22
LH:22
BRDA:17,0,0,1
BRDA:17,0,1,0
BRDA:17,1,0,1
BRDA:17,1,1,1
BRDA:33,2,0,1
BRDA:33,2,1,0
BRDA:33,3,0,1
BRDA:33,3,1,1
BRDA:14,4,0,1
BRDA:14,4,1,0
BRDA:14,5,0,1
BRDA:14,5,1,1
BRF:12
BRH:9
end_of_record
TN:
SF:src\progress\progress.service.ts
FN:11,(anonymous_2)
FN:14,(anonymous_3)
FN:20,(anonymous_4)
FN:42,(anonymous_5)
FN:55,(anonymous_6)
FN:72,(anonymous_7)
FN:94,(anonymous_8)
FN:116,(anonymous_9)
FN:139,(anonymous_10)
FN:147,(anonymous_11)
FN:150,(anonymous_12)
FNF:11
FNH:11
FNDA:17,(anonymous_2)
FNDA:18,(anonymous_3)
FNDA:2,(anonymous_4)
FNDA:1,(anonymous_5)
FNDA:1,(anonymous_6)
FNDA:2,(anonymous_7)
FNDA:3,(anonymous_8)
FNDA:3,(anonymous_9)
FNDA:2,(anonymous_10)
FNDA:2,(anonymous_11)
FNDA:2,(anonymous_12)
DA:3,2
DA:4,2
DA:10,2
DA:11,17
DA:15,18
DA:22,2
DA:24,2
DA:35,2
DA:36,1
DA:37,1
DA:39,1
DA:43,1
DA:48,1
DA:49,0
DA:50,0
DA:52,1
DA:56,1
DA:58,1
DA:64,1
DA:65,0
DA:66,0
DA:68,1
DA:74,2
DA:76,2
DA:81,2
DA:82,1
DA:85,2
DA:87,2
DA:88,0
DA:89,0
DA:92,2
DA:95,3
DA:100,3
DA:101,1
DA:104,3
DA:110,3
DA:111,1
DA:113,2
DA:118,3
DA:123,3
DA:124,1
DA:128,2
DA:133,2
DA:134,1
DA:137,1
DA:140,2
DA:145,2
DA:147,2
DA:151,2
DA:154,2
DA:155,1
DA:156,1
DA:157,1
LF:53
LH:47
BRDA:35,0,0,1
BRDA:35,0,1,1
BRDA:48,1,0,0
BRDA:48,1,1,1
BRDA:64,2,0,0
BRDA:64,2,1,1
BRDA:81,3,0,1
BRDA:81,3,1,1
BRDA:87,4,0,0
BRDA:87,4,1,2
BRDA:100,5,0,1
BRDA:100,5,1,2
BRDA:110,6,0,1
BRDA:110,6,1,2
BRDA:123,7,0,1
BRDA:123,7,1,2
BRDA:133,8,0,1
BRDA:133,8,1,1
BRDA:145,9,0,1
BRDA:145,9,1,1
BRDA:154,10,0,1
BRDA:154,10,1,1
BRDA:11,11,0,2
BRDA:11,11,1,0
BRDA:11,12,0,2
BRDA:11,12,1,2
BRF:26
BRH:22
end_of_record
TN:
SF:src\progress\dto\create-study-log.dto.ts
FNF:0
FNH:0
DA:2,1
LF:1
LH:1
BRF:0
BRH:0
end_of_record
TN:
SF:src\progress\dto\create-topic.dto.ts
FNF:0
FNH:0
DA:3,1
LF:1
LH:1
BRF:0
BRH:0
end_of_record
TN:
SF:src\reminder\reminder.service.ts
FN:10,(anonymous_2)
FN:16,(anonymous_3)
FNF:2
FNH:2
FNDA:3,(anonymous_2)
FNDA:1,(anonymous_3)
DA:1,1
DA:2,1
DA:3,1
DA:4,1
DA:6,1
DA:8,3
DA:11,3
DA:12,3
DA:16,1
DA:18,1
DA:19,1
DA:20,1
DA:22,1
DA:29,1
DA:31,0
DA:35,1
DA:37,1
DA:40,0
DA:41,0
DA:42,0
DA:44,0
DA:45,0
DA:46,0
DA:48,0
DA:51,0
DA:57,0
DA:58,0
DA:59,0
DA:63,0
DA:64,0
DA:71,0
DA:72,0
DA:83,0
LF:33
LH:16
BRDA:29,0,0,0
BRDA:29,0,1,1
BRDA:37,1,0,1
BRDA:37,1,1,0
BRDA:45,2,0,0
BRDA:45,2,1,0
BRDA:46,3,0,0
BRDA:46,3,1,0
BRDA:48,4,0,0
BRDA:48,4,1,0
BRDA:57,5,0,0
BRDA:57,5,1,0
BRDA:71,6,0,0
BRDA:71,6,1,0
BRDA:71,7,0,0
BRDA:71,7,1,0
BRDA:75,8,0,0
BRDA:75,8,1,0
BRDA:11,9,0,1
BRDA:11,9,1,0
BRDA:11,10,0,1
BRDA:11,10,1,1
BRDA:11,11,0,1
BRDA:11,11,1,0
BRDA:11,12,0,1
BRDA:11,12,1,1
BRF:26
BRH:8
end_of_record
TN:
SF:src\sessions\sessions.controller.ts
FN:6,(anonymous_4)
FN:9,(anonymous_5)
FN:15,(anonymous_6)
FN:21,(anonymous_7)
FN:27,(anonymous_8)
FN:33,(anonymous_9)
FNF:6
FNH:6
FNDA:6,(anonymous_4)
FNDA:1,(anonymous_5)
FNDA:1,(anonymous_6)
FNDA:1,(anonymous_7)
FNDA:1,(anonymous_8)
FNDA:1,(anonymous_9)
DA:1,1
DA:2,1
DA:4,1
DA:6,6
DA:9,1
DA:11,1
DA:15,1
DA:17,1
DA:21,1
DA:23,1
DA:27,1
DA:29,1
DA:33,1
DA:38,1
LF:14
LH:14
BRDA:6,0,0,1
BRDA:6,0,1,0
BRDA:6,1,0,1
BRDA:6,1,1,1
BRF:4
BRH:3
end_of_record
TN:
SF:src\sessions\sessions.service.ts
FN:9,(anonymous_2)
FN:12,(anonymous_3)
FN:105,(anonymous_4)
FN:121,(anonymous_5)
FN:138,(anonymous_6)
FN:153,(anonymous_7)
FNF:6
FNH:5
FNDA:6,(anonymous_2)
FNDA:0,(anonymous_3)
FNDA:1,(anonymous_4)
FNDA:1,(anonymous_5)
FNDA:1,(anonymous_6)
FNDA:1,(anonymous_7)
DA:1,2
DA:2,2
DA:3,2
DA:4,2
DA:7,2
DA:9,6
DA:10,6
DA:15,0
DA:21,0
DA:35,0
DA:36,0
DA:37,0
DA:40,0
DA:43,0
DA:49,0
DA:50,0
DA:51,0
DA:56,0
DA:57,0
DA:67,0
DA:74,0
DA:76,0
DA:77,0
DA:79,0
DA:80,0
DA:81,0
DA:84,0
DA:98,0
DA:100,0
DA:101,0
DA:107,1
DA:113,1
DA:115,0
DA:118,1
DA:124,1
DA:130,1
DA:133,0
DA:134,0
DA:140,1
DA:147,0
DA:149,0
DA:155,1
DA:163,1
DA:165,0
DA:168,1
LF:45
LH:16
BRDA:35,0,0,0
BRDA:35,0,1,0
BRDA:49,1,0,0
BRDA:49,1,1,0
BRDA:74,2,0,0
BRDA:74,2,1,0
BRDA:74,3,0,0
BRDA:74,3,1,0
BRDA:113,4,0,0
BRDA:113,4,1,1
BRDA:130,5,0,0
BRDA:130,5,1,1
BRDA:147,6,0,0
BRDA:147,6,1,0
BRDA:163,7,0,0
BRDA:163,7,1,1
BRDA:9,8,0,2
BRDA:9,8,1,0
BRDA:9,9,0,2
BRDA:9,9,1,2
BRDA:9,10,0,2
BRDA:9,10,1,0
BRDA:9,11,0,2
BRDA:9,11,1,2
BRF:24
BRH:9
end_of_record
TN:
SF:src\student_courses\student_courses.controller.ts
FN:6,(anonymous_4)
FN:10,(anonymous_5)
FN:17,(anonymous_6)
FNF:3
FNH:0
FNDA:0,(anonymous_4)
FNDA:0,(anonymous_5)
FNDA:0,(anonymous_6)
DA:1,1
DA:2,1
DA:5,1
DA:6,0
DA:10,1
DA:11,0
DA:17,1
DA:22,0
LF:8
LH:5
BRDA:6,0,0,1
BRDA:6,0,1,0
BRDA:6,1,0,1
BRDA:6,1,1,1
BRF:4
BRH:3
end_of_record
TN:
SF:src\student_courses\student_courses.service.ts
FN:6,(anonymous_2)
FN:8,(anonymous_3)
FN:19,(anonymous_4)
FN:35,(anonymous_5)
FN:50,(anonymous_6)
FN:93,(anonymous_7)
FNF:6
FNH:0
FNDA:0,(anonymous_2)
FNDA:0,(anonymous_3)
FNDA:0,(anonymous_4)
FNDA:0,(anonymous_5)
FNDA:0,(anonymous_6)
FNDA:0,(anonymous_7)
DA:1,2
DA:2,2
DA:5,2
DA:6,0
DA:9,0
DA:12,0
DA:17,0
DA:19,0
DA:21,0
DA:22,0
DA:26,0
DA:32,0
DA:35,0
DA:36,0
DA:37,0
DA:38,0
DA:43,0
DA:44,0
DA:47,0
DA:51,0
DA:52,0
DA:55,0
DA:58,0
DA:60,0
DA:62,0
DA:68,0
DA:69,0
DA:73,0
DA:74,0
DA:77,0
DA:83,0
DA:84,0
DA:87,0
DA:91,0
DA:93,0
DA:95,0
DA:96,0
LF:37
LH:3
BRDA:17,0,0,0
BRDA:17,0,1,0
BRDA:21,1,0,0
BRDA:21,1,1,0
BRDA:32,2,0,0
BRDA:32,2,1,0
BRDA:37,3,0,0
BRDA:37,3,1,0
BRDA:51,4,0,0
BRDA:51,4,1,0
BRDA:51,5,0,0
BRDA:51,5,1,0
BRDA:51,5,2,0
BRDA:68,6,0,0
BRDA:68,6,1,0
BRDA:68,7,0,0
BRDA:68,7,1,0
BRDA:73,8,0,0
BRDA:73,8,1,0
BRDA:83,9,0,0
BRDA:83,9,1,0
BRDA:95,10,0,0
BRDA:95,10,1,0
BRDA:6,11,0,2
BRDA:6,11,1,0
BRDA:6,12,0,2
BRDA:6,12,1,2
BRF:27
BRH:3
end_of_record
TN:
SF:src\students\students.controller.ts
FN:11,(anonymous_4)
FN:14,(anonymous_5)
FN:20,(anonymous_6)
FN:28,(anonymous_7)
FN:35,(anonymous_8)
FNF:5
FNH:5
FNDA:6,(anonymous_4)
FNDA:1,(anonymous_5)
FNDA:1,(anonymous_6)
FNDA:1,(anonymous_7)
FNDA:2,(anonymous_8)
DA:2,1
DA:3,1
DA:4,1
DA:7,1
DA:10,1
DA:11,6
DA:14,1
DA:15,1
DA:20,1
DA:22,1
DA:28,1
DA:30,1
DA:35,1
DA:40,2
DA:41,1
LF:15
LH:15
BRDA:40,0,0,1
BRDA:40,0,1,1
BRDA:11,1,0,1
BRDA:11,1,1,0
BRDA:11,2,0,1
BRDA:11,2,1,1
BRF:6
BRH:5
end_of_record
TN:
SF:src\students\students.service.ts
FN:8,(anonymous_2)
FN:10,(anonymous_3)
FN:23,(anonymous_4)
FN:40,(anonymous_5)
FN:58,(anonymous_6)
FN:71,(anonymous_7)
FN:91,(anonymous_8)
FNF:7
FNH:6
FNDA:5,(anonymous_2)
FNDA:1,(anonymous_3)
FNDA:1,(anonymous_4)
FNDA:2,(anonymous_5)
FNDA:0,(anonymous_6)
FNDA:1,(anonymous_7)
FNDA:1,(anonymous_8)
DA:2,2
DA:3,2
DA:7,2
DA:8,5
DA:11,1
DA:16,1
DA:17,0
DA:20,1
DA:25,1
DA:26,1
DA:33,1
DA:42,2
DA:50,2
DA:52,0
DA:55,2
DA:60,0
DA:68,0
DA:73,1
DA:74,1
DA:75,1
DA:80,1
DA:82,1
DA:87,1
DA:88,1
DA:93,1
DA:94,1
DA:96,1
DA:97,1
DA:99,1
LF:29
LH:25
BRDA:16,0,0,0
BRDA:16,0,1,1
BRDA:50,1,0,0
BRDA:50,1,1,2
BRDA:73,2,0,0
BRDA:73,2,1,1
BRDA:80,3,0,0
BRDA:80,3,1,1
BRDA:87,4,0,0
BRDA:87,4,1,1
BRDA:94,5,0,1
BRDA:94,5,1,0
BRDA:8,6,0,2
BRDA:8,6,1,0
BRDA:8,7,0,2
BRDA:8,7,1,2
BRF:16
BRH:9
end_of_record
TN:
SF:src\supabase\supabase.service.ts
FN:9,(anonymous_2)
FN:20,(anonymous_3)
FNF:2
FNH:0
FNDA:0,(anonymous_2)
FNDA:0,(anonymous_3)
DA:1,17
DA:2,17
DA:3,17
DA:6,17
DA:9,0
DA:10,0
DA:11,0
DA:13,0
DA:14,0
DA:17,0
DA:21,0
LF:11
LH:4
BRDA:13,0,0,0
BRDA:13,0,1,0
BRDA:13,1,0,0
BRDA:13,1,1,0
BRDA:9,2,0,17
BRDA:9,2,1,0
BRDA:9,3,0,17
BRDA:9,3,1,17
BRF:8
BRH:3
end_of_record
