TN:
SF:src\app.controller.ts
FN:6,(anonymous_2)
FN:9,(anonymous_3)
FNF:2
FNH:2
FNDA:1,(anonymous_2)
FNDA:1,(anonymous_3)
DA:1,1
DA:2,1
DA:5,1
DA:6,1
DA:9,1
DA:10,1
LF:6
LH:6
BRDA:6,0,0,1
BRDA:6,0,1,0
BRDA:6,1,0,1
BRDA:6,1,1,1
BRF:4
BRH:3
end_of_record
TN:
SF:src\app.service.ts
FN:5,(anonymous_1)
FNF:1
FNH:1
FNDA:1,(anonymous_1)
DA:1,1
DA:4,1
DA:6,1
LF:3
LH:3
BRF:0
BRH:0
end_of_record
TN:
SF:src\chats\chats.controller.ts
FN:8,(anonymous_4)
FN:14,(anonymous_5)
FN:19,(anonymous_6)
FN:30,(anonymous_7)
FN:58,(anonymous_8)
FN:68,(anonymous_9)
FNF:6
FNH:0
FNDA:0,(anonymous_4)
FNDA:0,(anonymous_5)
FNDA:0,(anonymous_6)
FNDA:0,(anonymous_7)
FNDA:0,(anonymous_8)
FNDA:0,(anonymous_9)
DA:1,1
DA:2,1
DA:3,1
DA:4,1
DA:7,1
DA:9,0
DA:10,0
DA:14,1
DA:15,0
DA:19,1
DA:20,0
DA:21,0
DA:22,0
DA:23,0
DA:25,0
DA:30,1
DA:35,0
DA:37,0
DA:38,0
DA:42,0
DA:43,0
DA:50,0
DA:58,1
DA:59,0
DA:60,0
DA:61,0
DA:63,0
DA:68,1
DA:73,0
DA:74,0
DA:75,0
DA:79,1
DA:83,0
DA:84,0
DA:85,0
LF:35
LH:11
BRDA:22,0,0,0
BRDA:22,0,1,0
BRDA:37,1,0,0
BRDA:37,1,1,0
BRDA:42,2,0,0
BRDA:42,2,1,0
BRDA:60,3,0,0
BRDA:60,3,1,0
BRDA:74,4,0,0
BRDA:74,4,1,0
BRDA:84,5,0,0
BRDA:84,5,1,0
BRDA:31,6,0,0
BRDA:31,6,1,1
BRDA:31,7,0,1
BRDA:31,7,1,0
BRDA:31,7,2,0
BRDA:9,8,0,1
BRDA:9,8,1,0
BRDA:9,9,0,1
BRDA:9,9,1,1
BRDA:9,10,0,1
BRDA:9,10,1,0
BRDA:9,11,0,1
BRDA:9,11,1,1
BRF:25
BRH:8
end_of_record
TN:
SF:src\chats\chats.service.ts
FN:6,(anonymous_2)
FN:8,(anonymous_3)
FN:28,(anonymous_4)
FN:61,(anonymous_5)
FN:91,(anonymous_6)
FN:106,(anonymous_7)
FN:134,(anonymous_8)
FNF:7
FNH:0
FNDA:0,(anonymous_2)
FNDA:0,(anonymous_3)
FNDA:0,(anonymous_4)
FNDA:0,(anonymous_5)
FNDA:0,(anonymous_6)
FNDA:0,(anonymous_7)
FNDA:0,(anonymous_8)
DA:1,2
DA:2,2
DA:5,2
DA:6,0
DA:9,0
DA:10,0
DA:13,0
DA:19,0
DA:20,0
DA:21,0
DA:24,0
DA:29,0
DA:30,0
DA:33,0
DA:53,0
DA:54,0
DA:55,0
DA:58,0
DA:62,0
DA:64,0
DA:78,0
DA:79,0
DA:80,0
DA:91,0
DA:102,0
DA:107,0
DA:109,0
DA:115,0
DA:117,0
DA:119,0
DA:120,0
DA:122,0
DA:129,0
DA:131,0
DA:135,0
DA:137,0
DA:143,0
DA:145,0
DA:146,0
DA:148,0
DA:153,0
DA:155,0
LF:42
LH:3
BRDA:9,0,0,0
BRDA:9,0,1,0
BRDA:9,1,0,0
BRDA:9,1,1,0
BRDA:9,1,2,0
BRDA:19,2,0,0
BRDA:19,2,1,0
BRDA:29,3,0,0
BRDA:29,3,1,0
BRDA:29,4,0,0
BRDA:29,4,1,0
BRDA:29,4,2,0
BRDA:53,5,0,0
BRDA:53,5,1,0
BRDA:62,6,0,0
BRDA:62,6,1,0
BRDA:78,7,0,0
BRDA:78,7,1,0
BRDA:96,8,0,0
BRDA:96,8,1,0
BRDA:107,9,0,0
BRDA:107,9,1,0
BRDA:107,10,0,0
BRDA:107,10,1,0
BRDA:107,10,2,0
BRDA:115,11,0,0
BRDA:115,11,1,0
BRDA:115,12,0,0
BRDA:115,12,1,0
BRDA:115,12,2,0
BRDA:117,13,0,0
BRDA:117,13,1,0
BRDA:120,14,0,0
BRDA:120,14,1,0
BRDA:129,15,0,0
BRDA:129,15,1,0
BRDA:135,16,0,0
BRDA:135,16,1,0
BRDA:135,17,0,0
BRDA:135,17,1,0
BRDA:143,18,0,0
BRDA:143,18,1,0
BRDA:143,19,0,0
BRDA:143,19,1,0
BRDA:143,19,2,0
BRDA:146,20,0,0
BRDA:146,20,1,0
BRDA:153,21,0,0
BRDA:153,21,1,0
BRDA:6,22,0,2
BRDA:6,22,1,0
BRDA:6,23,0,2
BRDA:6,23,1,2
BRF:53
BRH:3
end_of_record
TN:
SF:src\events\events.controller.ts
FN:8,(anonymous_2)
FN:11,(anonymous_3)
FNF:2
FNH:0
FNDA:0,(anonymous_2)
FNDA:0,(anonymous_3)
DA:3,1
DA:4,1
DA:7,1
DA:8,0
DA:11,1
DA:12,0
LF:6
LH:4
BRDA:8,0,0,1
BRDA:8,0,1,0
BRDA:8,1,0,1
BRDA:8,1,1,1
BRF:4
BRH:3
end_of_record
TN:
SF:src\events\events.service.ts
FN:9,(anonymous_2)
FN:11,(anonymous_3)
FNF:2
FNH:0
FNDA:0,(anonymous_2)
FNDA:0,(anonymous_3)
DA:3,2
DA:4,2
DA:5,2
DA:8,2
DA:9,0
DA:12,0
DA:14,0
DA:16,0
DA:20,0
DA:22,0
DA:23,0
LF:11
LH:4
BRDA:9,0,0,2
BRDA:9,0,1,0
BRDA:9,1,0,2
BRDA:9,1,1,2
BRF:4
BRH:3
end_of_record
TN:
SF:src\files\files.controller.ts
FN:20,(anonymous_4)
FN:24,(anonymous_5)
FN:34,(anonymous_6)
FN:43,(anonymous_7)
FN:51,(anonymous_8)
FNF:5
FNH:3
FNDA:10,(anonymous_4)
FNDA:3,(anonymous_5)
FNDA:0,(anonymous_6)
FNDA:0,(anonymous_7)
FNDA:3,(anonymous_8)
DA:4,1
DA:14,1
DA:15,1
DA:19,1
DA:20,10
DA:24,1
DA:28,3
DA:29,3
DA:34,1
DA:38,0
DA:43,1
DA:47,0
DA:51,1
DA:55,3
DA:56,3
LF:15
LH:13
BRDA:20,0,0,1
BRDA:20,0,1,0
BRDA:20,1,0,1
BRDA:20,1,1,1
BRF:4
BRH:3
end_of_record
TN:
SF:src\files\files.service.ts
FN:16,(anonymous_2)
FN:27,(anonymous_3)
FN:85,(anonymous_4)
FN:116,(anonymous_5)
FN:166,(anonymous_6)
FNF:5
FNH:0
FNDA:0,(anonymous_2)
FNDA:0,(anonymous_3)
FNDA:0,(anonymous_4)
FNDA:0,(anonymous_5)
FNDA:0,(anonymous_6)
DA:1,2
DA:7,2
DA:9,2
DA:10,2
DA:13,2
DA:16,0
DA:17,0
DA:18,0
DA:19,0
DA:23,0
DA:28,0
DA:29,0
DA:30,0
DA:33,0
DA:34,0
DA:37,0
DA:38,0
DA:40,0
DA:46,0
DA:47,0
DA:48,0
DA:53,0
DA:55,0
DA:57,0
DA:70,0
DA:71,0
DA:72,0
DA:73,0
DA:79,0
DA:80,0
DA:86,0
DA:87,0
DA:90,0
DA:97,0
DA:98,0
DA:99,0
DA:102,0
DA:105,0
DA:109,0
DA:110,0
DA:111,0
DA:114,0
DA:117,0
DA:118,0
DA:121,0
DA:127,0
DA:128,0
DA:130,0
DA:133,0
DA:140,0
DA:141,0
DA:145,0
DA:151,0
DA:152,0
DA:156,0
DA:160,0
DA:161,0
DA:164,0
DA:167,0
DA:169,0
DA:172,0
DA:178,0
DA:179,0
DA:183,0
DA:186,0
DA:187,0
DA:191,0
DA:192,0
DA:193,0
DA:196,0
DA:199,0
DA:200,0
DA:202,0
DA:206,0
DA:208,0
LF:75
LH:5
BRDA:18,0,0,0
BRDA:18,0,1,0
BRDA:29,1,0,0
BRDA:29,1,1,0
BRDA:46,2,0,0
BRDA:46,2,1,0
BRDA:70,3,0,0
BRDA:70,3,1,0
BRDA:97,4,0,0
BRDA:97,4,1,0
BRDA:97,5,0,0
BRDA:97,5,1,0
BRDA:109,6,0,0
BRDA:109,6,1,0
BRDA:127,7,0,0
BRDA:127,7,1,0
BRDA:127,8,0,0
BRDA:127,8,1,0
BRDA:140,9,0,0
BRDA:140,9,1,0
BRDA:140,10,0,0
BRDA:140,10,1,0
BRDA:151,11,0,0
BRDA:151,11,1,0
BRDA:151,12,0,0
BRDA:151,12,1,0
BRDA:160,13,0,0
BRDA:160,13,1,0
BRDA:178,14,0,0
BRDA:178,14,1,0
BRDA:186,15,0,0
BRDA:186,15,1,0
BRDA:16,16,0,2
BRDA:16,16,1,0
BRDA:16,17,0,2
BRDA:16,17,1,2
BRF:36
BRH:3
end_of_record
TN:
SF:src\groups\groups.controller.ts
FN:14,(anonymous_4)
FN:17,(anonymous_5)
FN:22,(anonymous_6)
FN:27,(anonymous_7)
FN:36,(anonymous_8)
FN:45,(anonymous_9)
FN:50,(anonymous_10)
FNF:7
FNH:0
FNDA:0,(anonymous_4)
FNDA:0,(anonymous_5)
FNDA:0,(anonymous_6)
FNDA:0,(anonymous_7)
FNDA:0,(anonymous_8)
FNDA:0,(anonymous_9)
FNDA:0,(anonymous_10)
DA:1,1
DA:10,1
DA:11,1
DA:13,1
DA:14,0
DA:17,1
DA:18,0
DA:22,1
DA:23,0
DA:27,1
DA:28,0
DA:36,1
DA:41,0
DA:45,1
DA:46,0
DA:50,1
DA:54,0
LF:17
LH:10
BRDA:39,0,0,0
BRDA:27,1,0,1
BRDA:27,1,1,0
BRDA:27,2,0,1
BRDA:27,2,1,1
BRDA:14,3,0,1
BRDA:14,3,1,0
BRDA:14,4,0,1
BRDA:14,4,1,1
BRF:9
BRH:6
end_of_record
TN:
SF:src\groups\groups.service.ts
FN:6,(anonymous_2)
FN:11,(anonymous_3)
FN:25,(anonymous_4)
FN:37,(anonymous_5)
FN:87,(anonymous_6)
FN:101,(anonymous_7)
FN:115,(anonymous_8)
FNF:7
FNH:7
FNDA:6,(anonymous_2)
FNDA:1,(anonymous_3)
FNDA:1,(anonymous_4)
FNDA:1,(anonymous_5)
FNDA:1,(anonymous_6)
FNDA:1,(anonymous_7)
FNDA:1,(anonymous_8)
DA:1,2
DA:2,2
DA:3,2
DA:5,2
DA:7,6
DA:8,6
DA:12,1
DA:18,1
DA:19,0
DA:22,1
DA:26,1
DA:30,1
DA:31,0
DA:34,1
DA:42,1
DA:48,1
DA:49,0
DA:53,1
DA:60,1
DA:61,0
DA:64,1
DA:67,1
DA:73,1
DA:74,0
DA:76,1
DA:77,1
DA:78,3
DA:79,2
DA:84,1
DA:88,1
DA:94,0
DA:95,0
DA:98,0
DA:102,1
DA:108,1
DA:109,0
DA:112,1
DA:116,1
DA:125,1
DA:126,0
DA:128,1
LF:41
LH:31
BRDA:18,0,0,0
BRDA:18,0,1,1
BRDA:30,1,0,0
BRDA:30,1,1,1
BRDA:40,2,0,0
BRDA:48,3,0,0
BRDA:48,3,1,1
BRDA:60,4,0,0
BRDA:60,4,1,1
BRDA:73,5,0,0
BRDA:73,5,1,1
BRDA:76,6,0,1
BRDA:76,6,1,0
BRDA:78,7,0,2
BRDA:78,7,1,1
BRDA:94,8,0,0
BRDA:94,8,1,0
BRDA:108,9,0,0
BRDA:108,9,1,1
BRDA:125,10,0,0
BRDA:125,10,1,1
BRDA:7,11,0,2
BRDA:7,11,1,0
BRDA:7,12,0,2
BRDA:7,12,1,2
BRDA:7,13,0,2
BRDA:7,13,1,0
BRDA:7,14,0,2
BRDA:7,14,1,2
BRF:29
BRH:16
end_of_record
TN:
SF:src\groups\dto\create-group.dto\create-group.dto.ts
FNF:0
FNH:0
DA:1,1
LF:1
LH:1
BRF:0
BRH:0
end_of_record
TN:
SF:src\mailer\mailer.service.ts
FN:12,(anonymous_11)
FN:21,(anonymous_12)
FN:46,(anonymous_13)
FN:51,(anonymous_14)
FN:86,(anonymous_15)
FNF:5
FNH:5
FNDA:13,(anonymous_11)
FNDA:3,(anonymous_12)
FNDA:1,(anonymous_13)
FNDA:3,(anonymous_14)
FNDA:2,(anonymous_15)
DA:1,8
DA:2,8
DA:3,8
DA:4,8
DA:5,8
DA:8,8
DA:9,13
DA:12,13
DA:14,13
DA:18,13
DA:22,3
DA:24,3
DA:33,3
DA:43,3
DA:47,1
DA:48,1
DA:52,3
DA:53,3
DA:74,2
DA:75,2
DA:77,1
DA:78,1
DA:79,0
DA:81,1
DA:86,8
DA:87,2
DA:88,2
DA:91,2
DA:95,2
DA:97,2
DA:103,2
DA:104,1
DA:105,1
DA:108,1
DA:109,1
DA:110,1
DA:113,0
DA:115,0
DA:117,0
DA:123,0
DA:124,0
DA:125,0
DA:128,0
DA:130,0
DA:131,0
DA:138,0
DA:139,0
DA:140,0
DA:141,0
DA:143,0
DA:144,0
DA:159,0
LF:52
LH:35
BRDA:69,0,0,3
BRDA:69,0,1,2
BRDA:78,1,0,0
BRDA:78,1,1,1
BRDA:103,2,0,1
BRDA:103,2,1,1
BRDA:108,3,0,1
BRDA:108,3,1,0
BRDA:108,4,0,1
BRDA:108,4,1,1
BRDA:123,5,0,0
BRDA:123,5,1,0
BRDA:138,6,0,0
BRDA:138,6,1,0
BRDA:12,7,0,8
BRDA:12,7,1,0
BRDA:12,8,0,8
BRDA:12,8,1,8
BRF:18
BRH:11
end_of_record
TN:
SF:src\notifications\notifications.controller.ts
FN:14,(anonymous_4)
FN:17,(anonymous_5)
FN:21,(anonymous_6)
FN:25,(anonymous_7)
FN:30,(anonymous_8)
FNF:5
FNH:5
FNDA:5,(anonymous_4)
FNDA:1,(anonymous_5)
FNDA:1,(anonymous_6)
FNDA:1,(anonymous_7)
FNDA:1,(anonymous_8)
DA:1,1
DA:10,1
DA:13,1
DA:14,5
DA:17,1
DA:18,1
DA:21,1
DA:22,1
DA:25,1
DA:26,1
DA:30,1
DA:31,1
LF:12
LH:12
BRDA:14,0,0,1
BRDA:14,0,1,0
BRDA:14,1,0,1
BRDA:14,1,1,1
BRF:4
BRH:3
end_of_record
TN:
SF:src\notifications\notifications.service.ts
FN:6,(anonymous_2)
FN:11,(anonymous_3)
FN:26,(anonymous_4)
FN:64,(anonymous_5)
FN:79,(anonymous_6)
FN:94,(anonymous_7)
FNF:6
FNH:5
FNDA:5,(anonymous_2)
FNDA:1,(anonymous_3)
FNDA:1,(anonymous_4)
FNDA:0,(anonymous_5)
FNDA:1,(anonymous_6)
FNDA:1,(anonymous_7)
DA:1,4
DA:2,4
DA:3,4
DA:5,4
DA:7,5
DA:8,5
DA:12,1
DA:18,1
DA:19,0
DA:21,1
DA:27,1
DA:34,1
DA:35,0
DA:39,1
DA:46,1
DA:47,0
DA:49,1
DA:58,0
DA:65,0
DA:72,0
DA:73,0
DA:75,0
DA:80,1
DA:87,1
DA:88,0
DA:91,1
DA:95,1
DA:96,0
DA:97,0
DA:99,1
DA:105,1
DA:106,0
DA:109,1
LF:33
LH:21
BRDA:18,0,0,0
BRDA:18,0,1,1
BRDA:34,1,0,0
BRDA:34,1,1,1
BRDA:46,2,0,0
BRDA:46,2,1,1
BRDA:72,3,0,0
BRDA:72,3,1,0
BRDA:87,4,0,0
BRDA:87,4,1,1
BRDA:95,5,0,0
BRDA:95,5,1,1
BRDA:105,6,0,0
BRDA:105,6,1,1
BRDA:7,7,0,4
BRDA:7,7,1,0
BRDA:7,8,0,4
BRDA:7,8,1,4
BRDA:7,9,0,4
BRDA:7,9,1,0
BRDA:7,10,0,4
BRDA:7,10,1,4
BRF:22
BRH:12
end_of_record
TN:
SF:src\progress\progress.controller.ts
FN:25,(anonymous_4)
FN:28,(anonymous_5)
FN:38,(anonymous_6)
FN:43,(anonymous_7)
FN:48,(anonymous_8)
FN:55,(anonymous_9)
FN:60,(anonymous_10)
FN:64,(anonymous_11)
FN:69,(anonymous_12)
FNF:9
FNH:9
FNDA:11,(anonymous_4)
FNDA:2,(anonymous_5)
FNDA:1,(anonymous_6)
FNDA:1,(anonymous_7)
FNDA:2,(anonymous_8)
FNDA:1,(anonymous_9)
FNDA:1,(anonymous_10)
FNDA:1,(anonymous_11)
FNDA:1,(anonymous_12)
DA:3,1
DA:15,1
DA:16,1
DA:17,1
DA:24,1
DA:25,11
DA:28,1
DA:33,2
DA:38,1
DA:39,1
DA:43,1
DA:44,1
DA:48,1
DA:52,2
DA:55,1
DA:56,1
DA:60,1
DA:61,1
DA:64,1
DA:65,1
DA:69,1
DA:70,1
LF:22
LH:22
BRDA:28,0,0,1
BRDA:28,0,1,0
BRDA:28,1,0,1
BRDA:28,1,1,1
BRDA:43,2,0,1
BRDA:43,2,1,0
BRDA:43,3,0,1
BRDA:43,3,1,1
BRDA:25,4,0,1
BRDA:25,4,1,0
BRDA:25,5,0,1
BRDA:25,5,1,1
BRF:12
BRH:9
end_of_record
TN:
SF:src\progress\progress.service.ts
FN:14,(anonymous_2)
FN:17,(anonymous_3)
FN:23,(anonymous_4)
FN:48,(anonymous_5)
FN:64,(anonymous_6)
FN:84,(anonymous_7)
FN:109,(anonymous_8)
FN:134,(anonymous_9)
FN:163,(anonymous_10)
FN:173,(anonymous_11)
FN:176,(anonymous_12)
FNF:11
FNH:11
FNDA:17,(anonymous_2)
FNDA:18,(anonymous_3)
FNDA:2,(anonymous_4)
FNDA:1,(anonymous_5)
FNDA:1,(anonymous_6)
FNDA:2,(anonymous_7)
FNDA:3,(anonymous_8)
FNDA:3,(anonymous_9)
FNDA:2,(anonymous_10)
FNDA:2,(anonymous_11)
FNDA:2,(anonymous_12)
DA:3,2
DA:8,2
DA:13,2
DA:14,17
DA:18,18
DA:25,2
DA:27,2
DA:38,2
DA:39,1
DA:40,1
DA:45,1
DA:49,1
DA:54,1
DA:55,0
DA:56,0
DA:61,1
DA:65,1
DA:67,1
DA:73,1
DA:74,0
DA:75,0
DA:80,1
DA:86,2
DA:88,2
DA:93,2
DA:94,1
DA:97,2
DA:99,2
DA:100,0
DA:101,0
DA:107,2
DA:110,3
DA:115,3
DA:116,1
DA:119,3
DA:125,3
DA:126,1
DA:131,2
DA:136,3
DA:141,3
DA:142,1
DA:149,2
DA:154,2
DA:155,1
DA:161,1
DA:164,2
DA:169,2
DA:170,1
DA:173,2
DA:177,2
DA:181,2
DA:182,1
DA:183,1
DA:185,1
LF:54
LH:48
BRDA:38,0,0,1
BRDA:38,0,1,1
BRDA:54,1,0,0
BRDA:54,1,1,1
BRDA:73,2,0,0
BRDA:73,2,1,1
BRDA:93,3,0,1
BRDA:93,3,1,1
BRDA:99,4,0,0
BRDA:99,4,1,2
BRDA:115,5,0,1
BRDA:115,5,1,2
BRDA:125,6,0,1
BRDA:125,6,1,2
BRDA:141,7,0,1
BRDA:141,7,1,2
BRDA:154,8,0,1
BRDA:154,8,1,1
BRDA:169,9,0,1
BRDA:169,9,1,1
BRDA:181,10,0,1
BRDA:181,10,1,1
BRDA:14,11,0,2
BRDA:14,11,1,0
BRDA:14,12,0,2
BRDA:14,12,1,2
BRF:26
BRH:22
end_of_record
TN:
SF:src\progress\dto\create-study-log.dto.ts
FNF:0
FNH:0
DA:2,1
LF:1
LH:1
BRF:0
BRH:0
end_of_record
TN:
SF:src\progress\dto\create-topic.dto.ts
FNF:0
FNH:0
DA:3,1
LF:1
LH:1
BRF:0
BRH:0
end_of_record
TN:
SF:src\reminder\reminder.service.ts
FN:9,(anonymous_2)
FN:15,(anonymous_3)
FNF:2
FNH:2
FNDA:6,(anonymous_2)
FNDA:5,(anonymous_3)
DA:1,1
DA:2,1
DA:3,1
DA:4,1
DA:6,1
DA:7,6
DA:10,6
DA:11,6
DA:15,1
DA:16,5
DA:17,5
DA:18,5
DA:20,5
DA:27,5
DA:28,1
DA:31,5
DA:33,5
DA:34,3
DA:35,3
DA:36,3
DA:38,3
DA:39,3
DA:40,3
DA:42,3
DA:45,2
DA:51,2
DA:52,0
DA:55,0
DA:59,2
DA:60,2
DA:67,2
DA:68,2
DA:79,2
LF:33
LH:31
BRDA:27,0,0,1
BRDA:27,0,1,4
BRDA:33,1,0,5
BRDA:33,1,1,1
BRDA:39,2,0,1
BRDA:39,2,1,2
BRDA:40,3,0,1
BRDA:40,3,1,2
BRDA:42,4,0,1
BRDA:42,4,1,2
BRDA:51,5,0,0
BRDA:51,5,1,2
BRDA:67,6,0,2
BRDA:67,6,1,0
BRDA:67,7,0,2
BRDA:67,7,1,2
BRDA:71,8,0,1
BRDA:71,8,1,1
BRDA:10,9,0,1
BRDA:10,9,1,0
BRDA:10,10,0,1
BRDA:10,10,1,1
BRDA:10,11,0,1
BRDA:10,11,1,0
BRDA:10,12,0,1
BRDA:10,12,1,1
BRF:26
BRH:22
end_of_record
TN:
SF:src\sessions\sessions.controller.ts
FN:5,(anonymous_4)
FN:8,(anonymous_5)
FN:13,(anonymous_6)
FN:18,(anonymous_7)
FN:26,(anonymous_8)
FN:31,(anonymous_9)
FNF:6
FNH:6
FNDA:6,(anonymous_4)
FNDA:1,(anonymous_5)
FNDA:1,(anonymous_6)
FNDA:1,(anonymous_7)
FNDA:1,(anonymous_8)
FNDA:1,(anonymous_9)
DA:1,1
DA:2,1
DA:4,1
DA:5,6
DA:8,1
DA:9,1
DA:13,1
DA:14,1
DA:18,1
DA:22,1
DA:26,1
DA:27,1
DA:31,1
DA:35,1
LF:14
LH:14
BRDA:5,0,0,1
BRDA:5,0,1,0
BRDA:5,1,0,1
BRDA:5,1,1,1
BRF:4
BRH:3
end_of_record
TN:
SF:src\sessions\sessions.service.ts
FN:8,(anonymous_2)
FN:12,(anonymous_3)
FN:109,(anonymous_4)
FN:123,(anonymous_5)
FN:135,(anonymous_6)
FN:148,(anonymous_7)
FNF:6
FNH:6
FNDA:6,(anonymous_2)
FNDA:2,(anonymous_3)
FNDA:1,(anonymous_4)
FNDA:1,(anonymous_5)
FNDA:1,(anonymous_6)
FNDA:1,(anonymous_7)
DA:1,2
DA:2,2
DA:3,2
DA:4,2
DA:7,2
DA:9,6
DA:10,6
DA:13,2
DA:19,2
DA:35,2
DA:36,0
DA:37,0
DA:40,2
DA:43,2
DA:49,2
DA:50,1
DA:51,1
DA:56,1
DA:57,2
DA:69,2
DA:76,2
DA:77,2
DA:80,2
DA:84,2
DA:85,2
DA:86,2
DA:88,2
DA:102,1
DA:104,0
DA:105,0
DA:110,1
DA:116,1
DA:117,0
DA:120,1
DA:124,1
DA:130,1
DA:131,0
DA:132,0
DA:136,1
DA:143,1
DA:144,0
DA:149,1
DA:157,1
DA:158,0
DA:161,1
LF:45
LH:36
BRDA:35,0,0,0
BRDA:35,0,1,2
BRDA:49,1,0,1
BRDA:49,1,1,1
BRDA:76,2,0,2
BRDA:76,2,1,0
BRDA:76,3,0,2
BRDA:76,3,1,2
BRDA:116,4,0,0
BRDA:116,4,1,1
BRDA:130,5,0,0
BRDA:130,5,1,1
BRDA:143,6,0,0
BRDA:143,6,1,1
BRDA:157,7,0,0
BRDA:157,7,1,1
BRDA:9,8,0,2
BRDA:9,8,1,0
BRDA:9,9,0,2
BRDA:9,9,1,2
BRDA:9,10,0,2
BRDA:9,10,1,0
BRDA:9,11,0,2
BRDA:9,11,1,2
BRF:24
BRH:16
end_of_record
TN:
SF:src\student_courses\student_courses.controller.ts
FN:6,(anonymous_4)
FN:10,(anonymous_5)
FN:15,(anonymous_6)
FN:22,(anonymous_7)
FN:37,(anonymous_8)
FN:43,(anonymous_9)
FN:60,(anonymous_10)
FNF:7
FNH:7
FNDA:15,(anonymous_4)
FNDA:2,(anonymous_5)
FNDA:2,(anonymous_6)
FNDA:2,(anonymous_7)
FNDA:2,(anonymous_8)
FNDA:2,(anonymous_9)
FNDA:3,(anonymous_10)
DA:1,1
DA:2,1
DA:5,1
DA:6,15
DA:10,1
DA:11,2
DA:15,1
DA:18,2
DA:22,1
DA:29,2
DA:37,1
DA:38,2
DA:43,1
DA:51,2
DA:60,1
DA:61,3
LF:16
LH:16
BRDA:6,0,0,1
BRDA:6,0,1,0
BRDA:6,1,0,1
BRDA:6,1,1,1
BRF:4
BRH:3
end_of_record
TN:
SF:src\student_courses\student_courses.service.ts
FN:6,(anonymous_2)
FN:8,(anonymous_3)
FN:19,(anonymous_4)
FN:38,(anonymous_5)
FN:53,(anonymous_6)
FN:104,(anonymous_7)
FN:111,(anonymous_8)
FN:148,(anonymous_9)
FN:174,(anonymous_10)
FN:192,(anonymous_11)
FN:213,(anonymous_12)
FNF:11
FNH:10
FNDA:24,(anonymous_2)
FNDA:5,(anonymous_3)
FNDA:3,(anonymous_4)
FNDA:3,(anonymous_5)
FNDA:6,(anonymous_6)
FNDA:0,(anonymous_7)
FNDA:6,(anonymous_8)
FNDA:3,(anonymous_9)
FNDA:2,(anonymous_10)
FNDA:2,(anonymous_11)
FNDA:2,(anonymous_12)
DA:1,2
DA:2,2
DA:5,2
DA:6,24
DA:9,5
DA:12,5
DA:17,5
DA:19,4
DA:21,4
DA:22,2
DA:26,2
DA:32,2
DA:33,1
DA:34,1
DA:38,1
DA:39,3
DA:40,3
DA:41,2
DA:46,3
DA:47,3
DA:50,1
DA:57,6
DA:58,2
DA:61,4
DA:64,4
DA:66,4
DA:68,4
DA:74,0
DA:76,0
DA:80,0
DA:81,0
DA:84,0
DA:93,0
DA:94,0
DA:97,0
DA:101,0
DA:104,0
DA:107,0
DA:108,0
DA:112,6
DA:113,2
DA:116,4
DA:119,4
DA:125,0
DA:126,0
DA:129,0
DA:130,0
DA:134,0
DA:143,0
DA:144,0
DA:149,3
DA:152,3
DA:153,1
DA:157,2
DA:170,2
DA:171,1
DA:179,2
DA:181,2
DA:188,0
DA:189,0
DA:193,2
DA:197,2
DA:209,2
DA:212,1
DA:213,2
DA:216,1
LF:66
LH:45
BRDA:17,0,0,1
BRDA:17,0,1,4
BRDA:21,1,0,2
BRDA:21,1,1,2
BRDA:32,2,0,1
BRDA:32,2,1,1
BRDA:40,3,0,2
BRDA:40,3,1,1
BRDA:57,4,0,2
BRDA:57,4,1,4
BRDA:57,5,0,6
BRDA:57,5,1,5
BRDA:57,5,2,5
BRDA:74,6,0,0
BRDA:74,6,1,0
BRDA:74,7,0,0
BRDA:74,7,1,0
BRDA:80,8,0,0
BRDA:80,8,1,0
BRDA:93,9,0,0
BRDA:93,9,1,0
BRDA:107,10,0,0
BRDA:107,10,1,0
BRDA:112,11,0,2
BRDA:112,11,1,4
BRDA:112,12,0,6
BRDA:112,12,1,5
BRDA:125,13,0,0
BRDA:125,13,1,0
BRDA:125,14,0,0
BRDA:125,14,1,0
BRDA:129,15,0,0
BRDA:129,15,1,0
BRDA:143,16,0,0
BRDA:143,16,1,0
BRDA:152,17,0,1
BRDA:152,17,1,2
BRDA:170,18,0,1
BRDA:170,18,1,1
BRDA:188,19,0,0
BRDA:188,19,1,0
BRDA:209,20,0,1
BRDA:209,20,1,1
BRDA:6,21,0,2
BRDA:6,21,1,0
BRDA:6,22,0,2
BRDA:6,22,1,2
BRF:47
BRH:26
end_of_record
TN:
SF:src\students\students.controller.ts
FN:11,(anonymous_4)
FN:14,(anonymous_5)
FN:19,(anonymous_6)
FN:24,(anonymous_7)
FN:32,(anonymous_8)
FN:41,(anonymous_9)
FNF:6
FNH:6
FNDA:7,(anonymous_4)
FNDA:1,(anonymous_5)
FNDA:1,(anonymous_6)
FNDA:1,(anonymous_7)
FNDA:2,(anonymous_8)
FNDA:1,(anonymous_9)
DA:2,1
DA:3,1
DA:4,1
DA:7,1
DA:10,1
DA:11,7
DA:14,1
DA:15,1
DA:19,1
DA:20,1
DA:24,1
DA:25,1
DA:32,1
DA:36,2
DA:37,1
DA:41,1
DA:43,1
LF:17
LH:17
BRDA:36,0,0,1
BRDA:36,0,1,1
BRDA:11,1,0,1
BRDA:11,1,1,0
BRDA:11,2,0,1
BRDA:11,2,1,1
BRF:6
BRH:5
end_of_record
TN:
SF:src\students\students.service.ts
FN:8,(anonymous_2)
FN:10,(anonymous_3)
FN:23,(anonymous_4)
FN:36,(anonymous_5)
FN:53,(anonymous_6)
FN:70,(anonymous_7)
FN:82,(anonymous_8)
FN:99,(anonymous_9)
FNF:8
FNH:7
FNDA:6,(anonymous_2)
FNDA:1,(anonymous_3)
FNDA:1,(anonymous_4)
FNDA:1,(anonymous_5)
FNDA:2,(anonymous_6)
FNDA:0,(anonymous_7)
FNDA:1,(anonymous_8)
FNDA:1,(anonymous_9)
DA:2,2
DA:3,2
DA:7,2
DA:8,6
DA:11,1
DA:16,1
DA:17,0
DA:20,1
DA:24,1
DA:25,1
DA:32,1
DA:38,1
DA:45,1
DA:47,0
DA:50,1
DA:55,2
DA:63,2
DA:64,0
DA:67,2
DA:71,0
DA:79,0
DA:83,1
DA:84,1
DA:85,1
DA:89,1
DA:91,1
DA:95,1
DA:96,1
DA:104,1
DA:105,1
DA:106,1
DA:107,1
DA:109,1
LF:33
LH:28
BRDA:16,0,0,0
BRDA:16,0,1,1
BRDA:45,1,0,0
BRDA:45,1,1,1
BRDA:63,2,0,0
BRDA:63,2,1,2
BRDA:83,3,0,0
BRDA:83,3,1,1
BRDA:89,4,0,0
BRDA:89,4,1,1
BRDA:95,5,0,0
BRDA:95,5,1,1
BRDA:105,6,0,1
BRDA:105,6,1,0
BRDA:8,7,0,2
BRDA:8,7,1,0
BRDA:8,8,0,2
BRDA:8,8,1,2
BRF:18
BRH:10
end_of_record
TN:
SF:src\supabase\supabase.service.ts
FN:9,(anonymous_2)
FN:20,(anonymous_3)
FNF:2
FNH:2
FNDA:3,(anonymous_2)
FNDA:1,(anonymous_3)
DA:1,18
DA:2,18
DA:3,18
DA:6,18
DA:9,3
DA:10,3
DA:11,3
DA:13,3
DA:14,0
DA:17,3
DA:21,1
LF:11
LH:10
BRDA:13,0,0,0
BRDA:13,0,1,3
BRDA:13,1,0,3
BRDA:13,1,1,3
BRDA:9,2,0,18
BRDA:9,2,1,0
BRDA:9,3,0,18
BRDA:9,3,1,18
BRF:8
BRH:6
end_of_record
